Building DAG of jobs...
Using shell: /usr/bin/bash
Provided cores: 10
Rules claiming more threads will be scaled down.
Job stats:
job                        count    min threads    max threads
-----------------------  -------  -------------  -------------
all                            1              1              1
dist_feature                  30              1              1
npb_feature                   30              1              1
pb_feature                    30              1              1
simulate_data                 15              1              1
simulation_visualizaion       15              1              1
stat_feature                  15              1              1
total                        136              1              1

Select jobs to execute...

[Thu Apr 13 11:06:39 2023]
rule simulate_data:
    output: /home/gahacat/Documents/GitHub/outlier-detection/snakemake/outputs/simulated/8_2_3.2_0.2.csv
    jobid: 10
    reason: Missing output files: /home/gahacat/Documents/GitHub/outlier-detection/snakemake/outputs/simulated/8_2_3.2_0.2.csv
    wildcards: n_marker=8, n_tweaks=2, outlier_center_dist=3.2, outlier_ratio=0.2
    resources: tmpdir=/tmp


[Thu Apr 13 11:06:39 2023]
rule simulate_data:
    output: /home/gahacat/Documents/GitHub/outlier-detection/snakemake/outputs/simulated/8_2_4.0_0.05.csv
    jobid: 24
    reason: Missing output files: /home/gahacat/Documents/GitHub/outlier-detection/snakemake/outputs/simulated/8_2_4.0_0.05.csv
    wildcards: n_marker=8, n_tweaks=2, outlier_center_dist=4.0, outlier_ratio=0.05
    resources: tmpdir=/tmp


[Thu Apr 13 11:06:39 2023]
rule simulate_data:
    output: /home/gahacat/Documents/GitHub/outlier-detection/snakemake/outputs/simulated/8_2_3.2_0.0.csv
    jobid: 2
    reason: Missing output files: /home/gahacat/Documents/GitHub/outlier-detection/snakemake/outputs/simulated/8_2_3.2_0.0.csv
    wildcards: n_marker=8, n_tweaks=2, outlier_center_dist=3.2, outlier_ratio=0.0
    resources: tmpdir=/tmp


[Thu Apr 13 11:06:39 2023]
rule simulate_data:
    output: /home/gahacat/Documents/GitHub/outlier-detection/snakemake/outputs/simulated/8_2_4.0_0.2.csv
    jobid: 30
    reason: Missing output files: /home/gahacat/Documents/GitHub/outlier-detection/snakemake/outputs/simulated/8_2_4.0_0.2.csv
    wildcards: n_marker=8, n_tweaks=2, outlier_center_dist=4.0, outlier_ratio=0.2
    resources: tmpdir=/tmp


[Thu Apr 13 11:06:39 2023]
rule simulate_data:
    output: /home/gahacat/Documents/GitHub/outlier-detection/snakemake/outputs/simulated/8_2_3.2_0.1.csv
    jobid: 6
    reason: Missing output files: /home/gahacat/Documents/GitHub/outlier-detection/snakemake/outputs/simulated/8_2_3.2_0.1.csv
    wildcards: n_marker=8, n_tweaks=2, outlier_center_dist=3.2, outlier_ratio=0.1
    resources: tmpdir=/tmp


[Thu Apr 13 11:06:39 2023]
rule simulate_data:
    output: /home/gahacat/Documents/GitHub/outlier-detection/snakemake/outputs/simulated/8_2_3.2_0.15.csv
    jobid: 8
    reason: Missing output files: /home/gahacat/Documents/GitHub/outlier-detection/snakemake/outputs/simulated/8_2_3.2_0.15.csv
    wildcards: n_marker=8, n_tweaks=2, outlier_center_dist=3.2, outlier_ratio=0.15
    resources: tmpdir=/tmp


[Thu Apr 13 11:06:39 2023]
rule simulate_data:
    output: /home/gahacat/Documents/GitHub/outlier-detection/snakemake/outputs/simulated/8_2_3.6_0.1.csv
    jobid: 16
    reason: Missing output files: /home/gahacat/Documents/GitHub/outlier-detection/snakemake/outputs/simulated/8_2_3.6_0.1.csv
    wildcards: n_marker=8, n_tweaks=2, outlier_center_dist=3.6, outlier_ratio=0.1
    resources: tmpdir=/tmp


[Thu Apr 13 11:06:39 2023]
rule simulate_data:
    output: /home/gahacat/Documents/GitHub/outlier-detection/snakemake/outputs/simulated/8_2_3.2_0.05.csv
    jobid: 4
    reason: Missing output files: /home/gahacat/Documents/GitHub/outlier-detection/snakemake/outputs/simulated/8_2_3.2_0.05.csv
    wildcards: n_marker=8, n_tweaks=2, outlier_center_dist=3.2, outlier_ratio=0.05
    resources: tmpdir=/tmp


[Thu Apr 13 11:06:39 2023]
rule simulate_data:
    output: /home/gahacat/Documents/GitHub/outlier-detection/snakemake/outputs/simulated/8_2_3.6_0.2.csv
    jobid: 20
    reason: Missing output files: /home/gahacat/Documents/GitHub/outlier-detection/snakemake/outputs/simulated/8_2_3.6_0.2.csv
    wildcards: n_marker=8, n_tweaks=2, outlier_center_dist=3.6, outlier_ratio=0.2
    resources: tmpdir=/tmp


[Thu Apr 13 11:06:39 2023]
rule simulate_data:
    output: /home/gahacat/Documents/GitHub/outlier-detection/snakemake/outputs/simulated/8_2_4.0_0.0.csv
    jobid: 22
    reason: Missing output files: /home/gahacat/Documents/GitHub/outlier-detection/snakemake/outputs/simulated/8_2_4.0_0.0.csv
    wildcards: n_marker=8, n_tweaks=2, outlier_center_dist=4.0, outlier_ratio=0.0
    resources: tmpdir=/tmp

[Thu Apr 13 11:06:43 2023]
Error in rule simulate_data:
    jobid: 16
    output: /home/gahacat/Documents/GitHub/outlier-detection/snakemake/outputs/simulated/8_2_3.6_0.1.csv
    shell:
        python3 scripts/simulation.py -out /home/gahacat/Documents/GitHub/outlier-detection/snakemake/outputs/simulated/8_2_3.6_0.1.csv -n_marker 8 -outlier_center_dist 3.6 -outlier_ratio 0.1
        (one of the commands exited with non-zero exit code; note that snakemake uses bash strict mode!)

[Thu Apr 13 11:06:43 2023]
Error in rule simulate_data:
    jobid: 10
    output: /home/gahacat/Documents/GitHub/outlier-detection/snakemake/outputs/simulated/8_2_3.2_0.2.csv
    shell:
        python3 scripts/simulation.py -out /home/gahacat/Documents/GitHub/outlier-detection/snakemake/outputs/simulated/8_2_3.2_0.2.csv -n_marker 8 -outlier_center_dist 3.2 -outlier_ratio 0.2
        (one of the commands exited with non-zero exit code; note that snakemake uses bash strict mode!)

[Thu Apr 13 11:06:43 2023]
Error in rule simulate_data:
    jobid: 6
    output: /home/gahacat/Documents/GitHub/outlier-detection/snakemake/outputs/simulated/8_2_3.2_0.1.csv
    shell:
        python3 scripts/simulation.py -out /home/gahacat/Documents/GitHub/outlier-detection/snakemake/outputs/simulated/8_2_3.2_0.1.csv -n_marker 8 -outlier_center_dist 3.2 -outlier_ratio 0.1
        (one of the commands exited with non-zero exit code; note that snakemake uses bash strict mode!)

[Thu Apr 13 11:06:43 2023]
Error in rule simulate_data:
    jobid: 22
    output: /home/gahacat/Documents/GitHub/outlier-detection/snakemake/outputs/simulated/8_2_4.0_0.0.csv
    shell:
        python3 scripts/simulation.py -out /home/gahacat/Documents/GitHub/outlier-detection/snakemake/outputs/simulated/8_2_4.0_0.0.csv -n_marker 8 -outlier_center_dist 4.0 -outlier_ratio 0.0
        (one of the commands exited with non-zero exit code; note that snakemake uses bash strict mode!)

[Thu Apr 13 11:06:44 2023]
Error in rule simulate_data:
    jobid: 30
    output: /home/gahacat/Documents/GitHub/outlier-detection/snakemake/outputs/simulated/8_2_4.0_0.2.csv
    shell:
        python3 scripts/simulation.py -out /home/gahacat/Documents/GitHub/outlier-detection/snakemake/outputs/simulated/8_2_4.0_0.2.csv -n_marker 8 -outlier_center_dist 4.0 -outlier_ratio 0.2
        (one of the commands exited with non-zero exit code; note that snakemake uses bash strict mode!)

[Thu Apr 13 11:06:44 2023]
Error in rule simulate_data:
    jobid: 2
    output: /home/gahacat/Documents/GitHub/outlier-detection/snakemake/outputs/simulated/8_2_3.2_0.0.csv
    shell:
        python3 scripts/simulation.py -out /home/gahacat/Documents/GitHub/outlier-detection/snakemake/outputs/simulated/8_2_3.2_0.0.csv -n_marker 8 -outlier_center_dist 3.2 -outlier_ratio 0.0
        (one of the commands exited with non-zero exit code; note that snakemake uses bash strict mode!)

[Thu Apr 13 11:06:44 2023]
Error in rule simulate_data:
    jobid: 4
    output: /home/gahacat/Documents/GitHub/outlier-detection/snakemake/outputs/simulated/8_2_3.2_0.05.csv
    shell:
        python3 scripts/simulation.py -out /home/gahacat/Documents/GitHub/outlier-detection/snakemake/outputs/simulated/8_2_3.2_0.05.csv -n_marker 8 -outlier_center_dist 3.2 -outlier_ratio 0.05
        (one of the commands exited with non-zero exit code; note that snakemake uses bash strict mode!)

[Thu Apr 13 11:06:44 2023]
Error in rule simulate_data:
    jobid: 24
    output: /home/gahacat/Documents/GitHub/outlier-detection/snakemake/outputs/simulated/8_2_4.0_0.05.csv
    shell:
        python3 scripts/simulation.py -out /home/gahacat/Documents/GitHub/outlier-detection/snakemake/outputs/simulated/8_2_4.0_0.05.csv -n_marker 8 -outlier_center_dist 4.0 -outlier_ratio 0.05
        (one of the commands exited with non-zero exit code; note that snakemake uses bash strict mode!)

[Thu Apr 13 11:06:44 2023]
Error in rule simulate_data:
    jobid: 8
    output: /home/gahacat/Documents/GitHub/outlier-detection/snakemake/outputs/simulated/8_2_3.2_0.15.csv
    shell:
        python3 scripts/simulation.py -out /home/gahacat/Documents/GitHub/outlier-detection/snakemake/outputs/simulated/8_2_3.2_0.15.csv -n_marker 8 -outlier_center_dist 3.2 -outlier_ratio 0.15
        (one of the commands exited with non-zero exit code; note that snakemake uses bash strict mode!)

[Thu Apr 13 11:06:44 2023]
Error in rule simulate_data:
    jobid: 20
    output: /home/gahacat/Documents/GitHub/outlier-detection/snakemake/outputs/simulated/8_2_3.6_0.2.csv
    shell:
        python3 scripts/simulation.py -out /home/gahacat/Documents/GitHub/outlier-detection/snakemake/outputs/simulated/8_2_3.6_0.2.csv -n_marker 8 -outlier_center_dist 3.6 -outlier_ratio 0.2
        (one of the commands exited with non-zero exit code; note that snakemake uses bash strict mode!)

Shutting down, this might take some time.
Exiting because a job execution failed. Look above for error message
Complete log: .snakemake/log/2023-04-13T110639.468786.snakemake.log
