Building DAG of jobs...
Using shell: /usr/bin/bash
Provided cores: 10
Rules claiming more threads will be scaled down.
Job stats:
job                        count    min threads    max threads
-----------------------  -------  -------------  -------------
all                            1              1              1
dist_feature                   2              1              1
npb_feature                    2              1              1
pb_feature                     2              1              1
simulation_visualizaion        1              1              1
stat_feature                   1              1              1
total                          9              1              1

Select jobs to execute...

[Sat Apr 15 22:51:04 2023]
rule dist_feature:
    input: /home/gahacat/Documents/GitHub/outlier-detection/snakemake/outputs/simulated/2_2_10_0.05.csv
    output: /home/gahacat/Documents/GitHub/outlier-detection/snakemake/outputs/feature_generated/dist_feature/2_2_10_0.05_EMD_dist_featured.csv
    jobid: 8
    reason: Missing output files: /home/gahacat/Documents/GitHub/outlier-detection/snakemake/outputs/feature_generated/dist_feature/2_2_10_0.05_EMD_dist_featured.csv
    wildcards: n_marker=2, n_tweaks=2, outlier_center_dist=10, outlier_ratio=0.05, dist_metric=EMD
    resources: tmpdir=/tmp


[Sat Apr 15 22:51:04 2023]
rule stat_feature:
    input: /home/gahacat/Documents/GitHub/outlier-detection/snakemake/outputs/simulated/2_2_10_0.05.csv
    output: /home/gahacat/Documents/GitHub/outlier-detection/snakemake/outputs/feature_generated/stat_feature/2_2_10_0.05_stat_featured.csv
    jobid: 3
    reason: Missing output files: /home/gahacat/Documents/GitHub/outlier-detection/snakemake/outputs/feature_generated/stat_feature/2_2_10_0.05_stat_featured.csv
    wildcards: n_marker=2, n_tweaks=2, outlier_center_dist=10, outlier_ratio=0.05
    resources: tmpdir=/tmp


[Sat Apr 15 22:51:04 2023]
rule npb_feature:
    input: /home/gahacat/Documents/GitHub/outlier-detection/snakemake/outputs/simulated/2_2_10_0.05.csv
    output: /home/gahacat/Documents/GitHub/outlier-detection/snakemake/outputs/feature_generated/npb_feature/2_2_10_0.05_10_npb_featured.csv
    jobid: 4
    reason: Missing output files: /home/gahacat/Documents/GitHub/outlier-detection/snakemake/outputs/feature_generated/npb_feature/2_2_10_0.05_10_npb_featured.csv
    wildcards: n_marker=2, n_tweaks=2, outlier_center_dist=10, outlier_ratio=0.05, n_bins=10
    resources: tmpdir=/tmp


[Sat Apr 15 22:51:04 2023]
rule pb_feature:
    input: /home/gahacat/Documents/GitHub/outlier-detection/snakemake/outputs/simulated/2_2_10_0.05.csv
    output: /home/gahacat/Documents/GitHub/outlier-detection/snakemake/outputs/feature_generated/pb_feature/2_2_10_0.05_5_pb_featured.csv
    jobid: 7
    reason: Missing output files: /home/gahacat/Documents/GitHub/outlier-detection/snakemake/outputs/feature_generated/pb_feature/2_2_10_0.05_5_pb_featured.csv
    wildcards: n_marker=2, n_tweaks=2, outlier_center_dist=10, outlier_ratio=0.05, n_recursion=5
    resources: tmpdir=/tmp


[Sat Apr 15 22:51:04 2023]
rule dist_feature:
    input: /home/gahacat/Documents/GitHub/outlier-detection/snakemake/outputs/simulated/2_2_10_0.05.csv
    output: /home/gahacat/Documents/GitHub/outlier-detection/snakemake/outputs/feature_generated/dist_feature/2_2_10_0.05_KS_dist_featured.csv
    jobid: 9
    reason: Missing output files: /home/gahacat/Documents/GitHub/outlier-detection/snakemake/outputs/feature_generated/dist_feature/2_2_10_0.05_KS_dist_featured.csv
    wildcards: n_marker=2, n_tweaks=2, outlier_center_dist=10, outlier_ratio=0.05, dist_metric=KS
    resources: tmpdir=/tmp


[Sat Apr 15 22:51:04 2023]
rule simulation_visualizaion:
    input: /home/gahacat/Documents/GitHub/outlier-detection/snakemake/outputs/simulated/2_2_10_0.05.csv
    output: /home/gahacat/Documents/GitHub/outlier-detection/snakemake/outputs/simulated/plots/2_2_10_0.05.png
    jobid: 1
    reason: Missing output files: /home/gahacat/Documents/GitHub/outlier-detection/snakemake/outputs/simulated/plots/2_2_10_0.05.png
    wildcards: n_marker=2, n_tweaks=2, outlier_center_dist=10, outlier_ratio=0.05
    resources: tmpdir=/tmp


[Sat Apr 15 22:51:04 2023]
rule npb_feature:
    input: /home/gahacat/Documents/GitHub/outlier-detection/snakemake/outputs/simulated/2_2_10_0.05.csv
    output: /home/gahacat/Documents/GitHub/outlier-detection/snakemake/outputs/feature_generated/npb_feature/2_2_10_0.05_20_npb_featured.csv
    jobid: 5
    reason: Missing output files: /home/gahacat/Documents/GitHub/outlier-detection/snakemake/outputs/feature_generated/npb_feature/2_2_10_0.05_20_npb_featured.csv
    wildcards: n_marker=2, n_tweaks=2, outlier_center_dist=10, outlier_ratio=0.05, n_bins=20
    resources: tmpdir=/tmp


[Sat Apr 15 22:51:04 2023]
rule pb_feature:
    input: /home/gahacat/Documents/GitHub/outlier-detection/snakemake/outputs/simulated/2_2_10_0.05.csv
    output: /home/gahacat/Documents/GitHub/outlier-detection/snakemake/outputs/feature_generated/pb_feature/2_2_10_0.05_4_pb_featured.csv
    jobid: 6
    reason: Missing output files: /home/gahacat/Documents/GitHub/outlier-detection/snakemake/outputs/feature_generated/pb_feature/2_2_10_0.05_4_pb_featured.csv
    wildcards: n_marker=2, n_tweaks=2, outlier_center_dist=10, outlier_ratio=0.05, n_recursion=4
    resources: tmpdir=/tmp

[Sat Apr 15 22:51:06 2023]
Error in rule simulation_visualizaion:
    jobid: 1
    output: /home/gahacat/Documents/GitHub/outlier-detection/snakemake/outputs/simulated/plots/2_2_10_0.05.png
    shell:
        python3 scripts/simulation_visualization.py /home/gahacat/Documents/GitHub/outlier-detection/snakemake/outputs/simulated/2_2_10_0.05.csv 2 -out /home/gahacat/Documents/GitHub/outlier-detection/snakemake/outputs/simulated/plots/2_2_10_0.05.png
        (one of the commands exited with non-zero exit code; note that snakemake uses bash strict mode!)

[Sat Apr 15 22:51:07 2023]
Finished job 4.
1 of 9 steps (11%) done
[Sat Apr 15 22:51:07 2023]
Finished job 5.
2 of 9 steps (22%) done
[Sat Apr 15 22:51:07 2023]
Finished job 3.
3 of 9 steps (33%) done
[Sat Apr 15 22:51:08 2023]
Finished job 9.
4 of 9 steps (44%) done
[Sat Apr 15 22:51:09 2023]
Finished job 8.
5 of 9 steps (56%) done
[Sat Apr 15 22:51:13 2023]
Finished job 7.
6 of 9 steps (67%) done
[Sat Apr 15 22:51:14 2023]
Finished job 6.
7 of 9 steps (78%) done
Shutting down, this might take some time.
Exiting because a job execution failed. Look above for error message
Complete log: .snakemake/log/2023-04-15T225104.438179.snakemake.log
