Building DAG of jobs...
Using shell: /usr/bin/bash
Provided cores: 20
Rules claiming more threads will be scaled down.
Job stats:
job                        count    min threads    max threads
-----------------------  -------  -------------  -------------
all                            1              1              1
simulate_data                  4              1              1
simulation_visualizaion       15              1              1
total                         20              1              1

Select jobs to execute...

[Fri May 19 14:20:14 2023]
rule simulation_visualizaion:
    input: /home/gahacat/BI2021/2022-2023/VUMC/snakemake_outputs/simulated/8_1_5.4_0.05.csv
    output: /home/gahacat/BI2021/2022-2023/VUMC/snakemake_outputs/simulated/plots/8_1_5.4_0.05.png
    jobid: 9
    reason: Missing output files: /home/gahacat/BI2021/2022-2023/VUMC/snakemake_outputs/simulated/plots/8_1_5.4_0.05.png
    wildcards: n_marker=8, n_tweaks=1, outlier_center_dist=5.4, outlier_ratio=0.05
    resources: tmpdir=/tmp


[Fri May 19 14:20:14 2023]
rule simulation_visualizaion:
    input: /home/gahacat/BI2021/2022-2023/VUMC/snakemake_outputs/simulated/16_1_3.8_0.05.csv
    output: /home/gahacat/BI2021/2022-2023/VUMC/snakemake_outputs/simulated/plots/16_1_3.8_0.05.png
    jobid: 37
    reason: Missing output files: /home/gahacat/BI2021/2022-2023/VUMC/snakemake_outputs/simulated/plots/16_1_3.8_0.05.png
    wildcards: n_marker=16, n_tweaks=1, outlier_center_dist=3.8, outlier_ratio=0.05
    resources: tmpdir=/tmp


[Fri May 19 14:20:14 2023]
rule simulation_visualizaion:
    input: /home/gahacat/BI2021/2022-2023/VUMC/snakemake_outputs/simulated/16_2_3.8_0.2.csv
    output: /home/gahacat/BI2021/2022-2023/VUMC/snakemake_outputs/simulated/plots/16_2_3.8_0.2.png
    jobid: 51
    reason: Missing output files: /home/gahacat/BI2021/2022-2023/VUMC/snakemake_outputs/simulated/plots/16_2_3.8_0.2.png
    wildcards: n_marker=16, n_tweaks=2, outlier_center_dist=3.8, outlier_ratio=0.2
    resources: tmpdir=/tmp


[Fri May 19 14:20:14 2023]
rule simulate_data:
    output: /home/gahacat/BI2021/2022-2023/VUMC/snakemake_outputs/simulated/16_3_4.6_0.05.csv
    jobid: 66
    reason: Missing output files: /home/gahacat/BI2021/2022-2023/VUMC/snakemake_outputs/simulated/16_3_4.6_0.05.csv
    wildcards: n_marker=16, n_tweaks=3, outlier_center_dist=4.6, outlier_ratio=0.05
    resources: tmpdir=/tmp


[Fri May 19 14:20:14 2023]
rule simulation_visualizaion:
    input: /home/gahacat/BI2021/2022-2023/VUMC/snakemake_outputs/simulated/8_2_5.4_0.2.csv
    output: /home/gahacat/BI2021/2022-2023/VUMC/snakemake_outputs/simulated/plots/8_2_5.4_0.2.png
    jobid: 23
    reason: Missing output files: /home/gahacat/BI2021/2022-2023/VUMC/snakemake_outputs/simulated/plots/8_2_5.4_0.2.png
    wildcards: n_marker=8, n_tweaks=2, outlier_center_dist=5.4, outlier_ratio=0.2
    resources: tmpdir=/tmp


[Fri May 19 14:20:14 2023]
rule simulate_data:
    output: /home/gahacat/BI2021/2022-2023/VUMC/snakemake_outputs/simulated/16_1_3.8_0.2.csv
    jobid: 40
    reason: Missing output files: /home/gahacat/BI2021/2022-2023/VUMC/snakemake_outputs/simulated/16_1_3.8_0.2.csv
    wildcards: n_marker=16, n_tweaks=1, outlier_center_dist=3.8, outlier_ratio=0.2
    resources: tmpdir=/tmp


[Fri May 19 14:20:14 2023]
rule simulate_data:
    output: /home/gahacat/BI2021/2022-2023/VUMC/snakemake_outputs/simulated/16_2_4.6_0.05.csv
    jobid: 54
    reason: Missing output files: /home/gahacat/BI2021/2022-2023/VUMC/snakemake_outputs/simulated/16_2_4.6_0.05.csv
    wildcards: n_marker=16, n_tweaks=2, outlier_center_dist=4.6, outlier_ratio=0.05
    resources: tmpdir=/tmp


[Fri May 19 14:20:14 2023]
rule simulate_data:
    output: /home/gahacat/BI2021/2022-2023/VUMC/snakemake_outputs/simulated/16_1_4.6_0.05.csv
    jobid: 42
    reason: Missing output files: /home/gahacat/BI2021/2022-2023/VUMC/snakemake_outputs/simulated/16_1_4.6_0.05.csv
    wildcards: n_marker=16, n_tweaks=1, outlier_center_dist=4.6, outlier_ratio=0.05
    resources: tmpdir=/tmp


[Fri May 19 14:20:14 2023]
rule simulation_visualizaion:
    input: /home/gahacat/BI2021/2022-2023/VUMC/snakemake_outputs/simulated/16_1_5.4_0.2.csv
    output: /home/gahacat/BI2021/2022-2023/VUMC/snakemake_outputs/simulated/plots/16_1_5.4_0.2.png
    jobid: 47
    reason: Missing output files: /home/gahacat/BI2021/2022-2023/VUMC/snakemake_outputs/simulated/plots/16_1_5.4_0.2.png
    wildcards: n_marker=16, n_tweaks=1, outlier_center_dist=5.4, outlier_ratio=0.2
    resources: tmpdir=/tmp


[Fri May 19 14:20:14 2023]
rule simulation_visualizaion:
    input: /home/gahacat/BI2021/2022-2023/VUMC/snakemake_outputs/simulated/16_3_4.6_0.2.csv
    output: /home/gahacat/BI2021/2022-2023/VUMC/snakemake_outputs/simulated/plots/16_3_4.6_0.2.png
    jobid: 67
    reason: Missing output files: /home/gahacat/BI2021/2022-2023/VUMC/snakemake_outputs/simulated/plots/16_3_4.6_0.2.png
    wildcards: n_marker=16, n_tweaks=3, outlier_center_dist=4.6, outlier_ratio=0.2
    resources: tmpdir=/tmp


[Fri May 19 14:20:14 2023]
rule simulation_visualizaion:
    input: /home/gahacat/BI2021/2022-2023/VUMC/snakemake_outputs/simulated/16_3_5.4_0.05.csv
    output: /home/gahacat/BI2021/2022-2023/VUMC/snakemake_outputs/simulated/plots/16_3_5.4_0.05.png
    jobid: 69
    reason: Missing output files: /home/gahacat/BI2021/2022-2023/VUMC/snakemake_outputs/simulated/plots/16_3_5.4_0.05.png
    wildcards: n_marker=16, n_tweaks=3, outlier_center_dist=5.4, outlier_ratio=0.05
    resources: tmpdir=/tmp


[Fri May 19 14:20:14 2023]
rule simulation_visualizaion:
    input: /home/gahacat/BI2021/2022-2023/VUMC/snakemake_outputs/simulated/16_2_5.4_0.05.csv
    output: /home/gahacat/BI2021/2022-2023/VUMC/snakemake_outputs/simulated/plots/16_2_5.4_0.05.png
    jobid: 57
    reason: Missing output files: /home/gahacat/BI2021/2022-2023/VUMC/snakemake_outputs/simulated/plots/16_2_5.4_0.05.png
    wildcards: n_marker=16, n_tweaks=2, outlier_center_dist=5.4, outlier_ratio=0.05
    resources: tmpdir=/tmp


[Fri May 19 14:20:14 2023]
rule simulation_visualizaion:
    input: /home/gahacat/BI2021/2022-2023/VUMC/snakemake_outputs/simulated/16_1_5.4_0.05.csv
    output: /home/gahacat/BI2021/2022-2023/VUMC/snakemake_outputs/simulated/plots/16_1_5.4_0.05.png
    jobid: 45
    reason: Missing output files: /home/gahacat/BI2021/2022-2023/VUMC/snakemake_outputs/simulated/plots/16_1_5.4_0.05.png
    wildcards: n_marker=16, n_tweaks=1, outlier_center_dist=5.4, outlier_ratio=0.05
    resources: tmpdir=/tmp


[Fri May 19 14:20:14 2023]
rule simulation_visualizaion:
    input: /home/gahacat/BI2021/2022-2023/VUMC/snakemake_outputs/simulated/16_3_3.8_0.05.csv
    output: /home/gahacat/BI2021/2022-2023/VUMC/snakemake_outputs/simulated/plots/16_3_3.8_0.05.png
    jobid: 61
    reason: Missing output files: /home/gahacat/BI2021/2022-2023/VUMC/snakemake_outputs/simulated/plots/16_3_3.8_0.05.png
    wildcards: n_marker=16, n_tweaks=3, outlier_center_dist=3.8, outlier_ratio=0.05
    resources: tmpdir=/tmp


[Fri May 19 14:20:14 2023]
rule simulation_visualizaion:
    input: /home/gahacat/BI2021/2022-2023/VUMC/snakemake_outputs/simulated/8_3_5.4_0.05.csv
    output: /home/gahacat/BI2021/2022-2023/VUMC/snakemake_outputs/simulated/plots/8_3_5.4_0.05.png
    jobid: 33
    reason: Missing output files: /home/gahacat/BI2021/2022-2023/VUMC/snakemake_outputs/simulated/plots/8_3_5.4_0.05.png
    wildcards: n_marker=8, n_tweaks=3, outlier_center_dist=5.4, outlier_ratio=0.05
    resources: tmpdir=/tmp

[Fri May 19 14:23:10 2023]
Error in rule simulation_visualizaion:
    jobid: 61
    output: /home/gahacat/BI2021/2022-2023/VUMC/snakemake_outputs/simulated/plots/16_3_3.8_0.05.png
    shell:
        python3 scripts/simulation_visualization.py /home/gahacat/BI2021/2022-2023/VUMC/snakemake_outputs/simulated/16_3_3.8_0.05.csv 3 -out /home/gahacat/BI2021/2022-2023/VUMC/snakemake_outputs/simulated/plots/16_3_3.8_0.05.png
        (one of the commands exited with non-zero exit code; note that snakemake uses bash strict mode!)

[Fri May 19 14:23:42 2023]
Finished job 42.
1 of 20 steps (5%) done
[Fri May 19 14:23:45 2023]
Finished job 66.
2 of 20 steps (10%) done
[Fri May 19 14:23:49 2023]
Finished job 54.
3 of 20 steps (15%) done
[Fri May 19 14:23:51 2023]
Finished job 33.
4 of 20 steps (20%) done
[Fri May 19 14:23:54 2023]
Finished job 40.
5 of 20 steps (25%) done
[Fri May 19 14:23:56 2023]
Finished job 23.
6 of 20 steps (30%) done
[Fri May 19 14:23:57 2023]
Finished job 9.
7 of 20 steps (35%) done
[Fri May 19 14:25:34 2023]
Finished job 67.
8 of 20 steps (40%) done
[Fri May 19 14:25:36 2023]
Finished job 57.
9 of 20 steps (45%) done
[Fri May 19 14:25:38 2023]
Finished job 45.
10 of 20 steps (50%) done
[Fri May 19 14:25:41 2023]
Finished job 69.
11 of 20 steps (55%) done
[Fri May 19 14:25:42 2023]
Finished job 47.
12 of 20 steps (60%) done
[Fri May 19 14:25:44 2023]
Finished job 37.
13 of 20 steps (65%) done
[Fri May 19 14:25:45 2023]
Finished job 51.
14 of 20 steps (70%) done
Shutting down, this might take some time.
Exiting because a job execution failed. Look above for error message
Complete log: .snakemake/log/2023-05-19T142014.165634.snakemake.log
