Building DAG of jobs...
Using shell: /usr/bin/bash
Provided cores: 10
Rules claiming more threads will be scaled down.
Job stats:
job                   count    min threads    max threads
------------------  -------  -------------  -------------
all                       1              1              1
pb_feature               13              1              1
simulation_summary       28              1              1
total                    42              1              1

Select jobs to execute...

[Tue May 30 19:28:52 2023]
rule simulation_summary:
    input: /home/gahacat/BI2021/2022-2023/VUMC/snakemake_outputs/simulated/8_2_5.4_0.2.csv
    output: /home/gahacat/BI2021/2022-2023/VUMC/snakemake_outputs/simulated/summary/8_2_5.4_0.2_summary.png
    jobid: 336
    reason: Missing output files: /home/gahacat/BI2021/2022-2023/VUMC/snakemake_outputs/simulated/summary/8_2_5.4_0.2_summary.png
    wildcards: n_marker=8, n_tweaks=2, outlier_center_dist=5.4, outlier_ratio=0.2
    resources: tmpdir=/tmp


[Tue May 30 19:28:52 2023]
rule simulation_summary:
    input: /home/gahacat/BI2021/2022-2023/VUMC/snakemake_outputs/simulated/16_2_3.8_0.2.csv
    output: /home/gahacat/BI2021/2022-2023/VUMC/snakemake_outputs/simulated/summary/16_2_3.8_0.2_summary.png
    jobid: 350
    reason: Missing output files: /home/gahacat/BI2021/2022-2023/VUMC/snakemake_outputs/simulated/summary/16_2_3.8_0.2_summary.png
    wildcards: n_marker=16, n_tweaks=2, outlier_center_dist=3.8, outlier_ratio=0.2
    resources: tmpdir=/tmp


[Tue May 30 19:28:52 2023]
rule simulation_summary:
    input: /home/gahacat/BI2021/2022-2023/VUMC/snakemake_outputs/simulated/8_1_5.4_0.2.csv
    output: /home/gahacat/BI2021/2022-2023/VUMC/snakemake_outputs/simulated/summary/8_1_5.4_0.2_summary.png
    jobid: 330
    reason: Missing output files: /home/gahacat/BI2021/2022-2023/VUMC/snakemake_outputs/simulated/summary/8_1_5.4_0.2_summary.png
    wildcards: n_marker=8, n_tweaks=1, outlier_center_dist=5.4, outlier_ratio=0.2
    resources: tmpdir=/tmp


[Tue May 30 19:28:52 2023]
rule simulation_summary:
    input: /home/gahacat/BI2021/2022-2023/VUMC/snakemake_outputs/simulated/16_1_3.8_0.2.csv
    output: /home/gahacat/BI2021/2022-2023/VUMC/snakemake_outputs/simulated/summary/16_1_3.8_0.2_summary.png
    jobid: 344
    reason: Missing output files: /home/gahacat/BI2021/2022-2023/VUMC/snakemake_outputs/simulated/summary/16_1_3.8_0.2_summary.png
    wildcards: n_marker=16, n_tweaks=1, outlier_center_dist=3.8, outlier_ratio=0.2
    resources: tmpdir=/tmp


[Tue May 30 19:28:52 2023]
rule simulation_summary:
    input: /home/gahacat/BI2021/2022-2023/VUMC/snakemake_outputs/simulated/8_3_3.8_0.05.csv
    output: /home/gahacat/BI2021/2022-2023/VUMC/snakemake_outputs/simulated/summary/8_3_3.8_0.05_summary.png
    jobid: 337
    reason: Missing output files: /home/gahacat/BI2021/2022-2023/VUMC/snakemake_outputs/simulated/summary/8_3_3.8_0.05_summary.png
    wildcards: n_marker=8, n_tweaks=3, outlier_center_dist=3.8, outlier_ratio=0.05
    resources: tmpdir=/tmp


[Tue May 30 19:28:52 2023]
rule pb_feature:
    input: /home/gahacat/BI2021/2022-2023/VUMC/snakemake_outputs/simulated/16_3_3.8_0.05.csv
    output: /home/gahacat/BI2021/2022-2023/VUMC/snakemake_outputs/feature_generated/pb_feature/16_3_3.8_0.05_5_pb_featured.csv
    jobid: 242
    reason: Missing output files: /home/gahacat/BI2021/2022-2023/VUMC/snakemake_outputs/feature_generated/pb_feature/16_3_3.8_0.05_5_pb_featured.csv
    wildcards: n_marker=16, n_tweaks=3, outlier_center_dist=3.8, outlier_ratio=0.05, n_recursion=5
    resources: tmpdir=/tmp


[Tue May 30 19:28:52 2023]
rule pb_feature:
    input: /home/gahacat/BI2021/2022-2023/VUMC/snakemake_outputs/simulated/8_3_4.6_0.2.csv
    output: /home/gahacat/BI2021/2022-2023/VUMC/snakemake_outputs/feature_generated/pb_feature/8_3_4.6_0.2_4_pb_featured.csv
    jobid: 211
    reason: Missing output files: /home/gahacat/BI2021/2022-2023/VUMC/snakemake_outputs/feature_generated/pb_feature/8_3_4.6_0.2_4_pb_featured.csv
    wildcards: n_marker=8, n_tweaks=3, outlier_center_dist=4.6, outlier_ratio=0.2, n_recursion=4
    resources: tmpdir=/tmp


[Tue May 30 19:28:52 2023]
rule pb_feature:
    input: /home/gahacat/BI2021/2022-2023/VUMC/snakemake_outputs/simulated/8_1_3.8_0.2.csv
    output: /home/gahacat/BI2021/2022-2023/VUMC/snakemake_outputs/feature_generated/pb_feature/8_1_3.8_0.2_4_pb_featured.csv
    jobid: 183
    reason: Missing output files: /home/gahacat/BI2021/2022-2023/VUMC/snakemake_outputs/feature_generated/pb_feature/8_1_3.8_0.2_4_pb_featured.csv
    wildcards: n_marker=8, n_tweaks=1, outlier_center_dist=3.8, outlier_ratio=0.2, n_recursion=4
    resources: tmpdir=/tmp


[Tue May 30 19:28:52 2023]
rule pb_feature:
    input: /home/gahacat/BI2021/2022-2023/VUMC/snakemake_outputs/simulated/8_2_4.6_0.05.csv
    output: /home/gahacat/BI2021/2022-2023/VUMC/snakemake_outputs/feature_generated/pb_feature/8_2_4.6_0.05_4_pb_featured.csv
    jobid: 197
    reason: Missing output files: /home/gahacat/BI2021/2022-2023/VUMC/snakemake_outputs/feature_generated/pb_feature/8_2_4.6_0.05_4_pb_featured.csv
    wildcards: n_marker=8, n_tweaks=2, outlier_center_dist=4.6, outlier_ratio=0.05, n_recursion=4
    resources: tmpdir=/tmp


[Tue May 30 19:28:52 2023]
rule pb_feature:
    input: /home/gahacat/BI2021/2022-2023/VUMC/snakemake_outputs/simulated/16_1_5.4_0.05.csv
    output: /home/gahacat/BI2021/2022-2023/VUMC/snakemake_outputs/feature_generated/pb_feature/16_1_5.4_0.05_4_pb_featured.csv
    jobid: 225
    reason: Missing output files: /home/gahacat/BI2021/2022-2023/VUMC/snakemake_outputs/feature_generated/pb_feature/16_1_5.4_0.05_4_pb_featured.csv
    wildcards: n_marker=16, n_tweaks=1, outlier_center_dist=5.4, outlier_ratio=0.05, n_recursion=4
    resources: tmpdir=/tmp

[Tue May 30 19:29:00 2023]
Error in rule simulation_summary:
    jobid: 344
    output: /home/gahacat/BI2021/2022-2023/VUMC/snakemake_outputs/simulated/summary/16_1_3.8_0.2_summary.png
    shell:
        python3 scripts/simulation_summary.py /home/gahacat/BI2021/2022-2023/VUMC/snakemake_outputs/simulated/16_1_3.8_0.2.csv -out /home/gahacat/BI2021/2022-2023/VUMC/snakemake_outputs/simulated/summary/16_1_3.8_0.2_summary.png
        (one of the commands exited with non-zero exit code; note that snakemake uses bash strict mode!)

[Tue May 30 19:29:00 2023]
Error in rule simulation_summary:
    jobid: 350
    output: /home/gahacat/BI2021/2022-2023/VUMC/snakemake_outputs/simulated/summary/16_2_3.8_0.2_summary.png
    shell:
        python3 scripts/simulation_summary.py /home/gahacat/BI2021/2022-2023/VUMC/snakemake_outputs/simulated/16_2_3.8_0.2.csv -out /home/gahacat/BI2021/2022-2023/VUMC/snakemake_outputs/simulated/summary/16_2_3.8_0.2_summary.png
        (one of the commands exited with non-zero exit code; note that snakemake uses bash strict mode!)

[Tue May 30 19:29:00 2023]
Error in rule simulation_summary:
    jobid: 336
    output: /home/gahacat/BI2021/2022-2023/VUMC/snakemake_outputs/simulated/summary/8_2_5.4_0.2_summary.png
    shell:
        python3 scripts/simulation_summary.py /home/gahacat/BI2021/2022-2023/VUMC/snakemake_outputs/simulated/8_2_5.4_0.2.csv -out /home/gahacat/BI2021/2022-2023/VUMC/snakemake_outputs/simulated/summary/8_2_5.4_0.2_summary.png
        (one of the commands exited with non-zero exit code; note that snakemake uses bash strict mode!)

[Tue May 30 19:29:00 2023]
Error in rule simulation_summary:
    jobid: 337
    output: /home/gahacat/BI2021/2022-2023/VUMC/snakemake_outputs/simulated/summary/8_3_3.8_0.05_summary.png
    shell:
        python3 scripts/simulation_summary.py /home/gahacat/BI2021/2022-2023/VUMC/snakemake_outputs/simulated/8_3_3.8_0.05.csv -out /home/gahacat/BI2021/2022-2023/VUMC/snakemake_outputs/simulated/summary/8_3_3.8_0.05_summary.png
        (one of the commands exited with non-zero exit code; note that snakemake uses bash strict mode!)

[Tue May 30 19:29:00 2023]
Error in rule simulation_summary:
    jobid: 330
    output: /home/gahacat/BI2021/2022-2023/VUMC/snakemake_outputs/simulated/summary/8_1_5.4_0.2_summary.png
    shell:
        python3 scripts/simulation_summary.py /home/gahacat/BI2021/2022-2023/VUMC/snakemake_outputs/simulated/8_1_5.4_0.2.csv -out /home/gahacat/BI2021/2022-2023/VUMC/snakemake_outputs/simulated/summary/8_1_5.4_0.2_summary.png
        (one of the commands exited with non-zero exit code; note that snakemake uses bash strict mode!)

Terminating processes on user request, this might take some time.
[Tue May 30 19:29:33 2023]
Error in rule pb_feature:
    jobid: 183
    output: /home/gahacat/BI2021/2022-2023/VUMC/snakemake_outputs/feature_generated/pb_feature/8_1_3.8_0.2_4_pb_featured.csv
    shell:
        Rscript scripts/flowFP_pb.R -i /home/gahacat/BI2021/2022-2023/VUMC/snakemake_outputs/simulated/8_1_3.8_0.2.csv -n 4 -o /home/gahacat/BI2021/2022-2023/VUMC/snakemake_outputs/feature_generated/pb_feature/8_1_3.8_0.2_4_pb_featured.csv 
        (one of the commands exited with non-zero exit code; note that snakemake uses bash strict mode!)

[Tue May 30 19:29:36 2023]
Error in rule pb_feature:
    jobid: 197
    output: /home/gahacat/BI2021/2022-2023/VUMC/snakemake_outputs/feature_generated/pb_feature/8_2_4.6_0.05_4_pb_featured.csv
    shell:
        Rscript scripts/flowFP_pb.R -i /home/gahacat/BI2021/2022-2023/VUMC/snakemake_outputs/simulated/8_2_4.6_0.05.csv -n 4 -o /home/gahacat/BI2021/2022-2023/VUMC/snakemake_outputs/feature_generated/pb_feature/8_2_4.6_0.05_4_pb_featured.csv 
        (one of the commands exited with non-zero exit code; note that snakemake uses bash strict mode!)

[Tue May 30 19:29:38 2023]
Error in rule pb_feature:
    jobid: 242
    output: /home/gahacat/BI2021/2022-2023/VUMC/snakemake_outputs/feature_generated/pb_feature/16_3_3.8_0.05_5_pb_featured.csv
    shell:
        Rscript scripts/flowFP_pb.R -i /home/gahacat/BI2021/2022-2023/VUMC/snakemake_outputs/simulated/16_3_3.8_0.05.csv -n 5 -o /home/gahacat/BI2021/2022-2023/VUMC/snakemake_outputs/feature_generated/pb_feature/16_3_3.8_0.05_5_pb_featured.csv 
        (one of the commands exited with non-zero exit code; note that snakemake uses bash strict mode!)

[Tue May 30 19:29:39 2023]
Error in rule pb_feature:
    jobid: 211
    output: /home/gahacat/BI2021/2022-2023/VUMC/snakemake_outputs/feature_generated/pb_feature/8_3_4.6_0.2_4_pb_featured.csv
    shell:
        Rscript scripts/flowFP_pb.R -i /home/gahacat/BI2021/2022-2023/VUMC/snakemake_outputs/simulated/8_3_4.6_0.2.csv -n 4 -o /home/gahacat/BI2021/2022-2023/VUMC/snakemake_outputs/feature_generated/pb_feature/8_3_4.6_0.2_4_pb_featured.csv 
        (one of the commands exited with non-zero exit code; note that snakemake uses bash strict mode!)

[Tue May 30 19:29:39 2023]
Error in rule pb_feature:
    jobid: 225
    output: /home/gahacat/BI2021/2022-2023/VUMC/snakemake_outputs/feature_generated/pb_feature/16_1_5.4_0.05_4_pb_featured.csv
    shell:
        Rscript scripts/flowFP_pb.R -i /home/gahacat/BI2021/2022-2023/VUMC/snakemake_outputs/simulated/16_1_5.4_0.05.csv -n 4 -o /home/gahacat/BI2021/2022-2023/VUMC/snakemake_outputs/feature_generated/pb_feature/16_1_5.4_0.05_4_pb_featured.csv 
        (one of the commands exited with non-zero exit code; note that snakemake uses bash strict mode!)

Complete log: .snakemake/log/2023-05-30T192852.138044.snakemake.log
