Building DAG of jobs...
Using shell: /usr/bin/bash
Provided cores: 5
Rules claiming more threads will be scaled down.
Job stats:
job                   count    min threads    max threads
------------------  -------  -------------  -------------
all                       1              1              1
simulation_summary       35              1              1
total                    36              1              1

Select jobs to execute...

[Tue May 30 21:18:08 2023]
rule simulation_summary:
    input: /home/gahacat/BI2021/2022-2023/VUMC/snakemake_outputs/simulated/16_2_3.8_0.2.csv
    output: /home/gahacat/BI2021/2022-2023/VUMC/snakemake_outputs/simulated/summary/16_2_3.8_0.2_summary.png
    jobid: 350
    reason: Missing output files: /home/gahacat/BI2021/2022-2023/VUMC/snakemake_outputs/simulated/summary/16_2_3.8_0.2_summary.png
    wildcards: n_marker=16, n_tweaks=2, outlier_center_dist=3.8, outlier_ratio=0.2
    resources: tmpdir=/tmp


[Tue May 30 21:18:08 2023]
rule simulation_summary:
    input: /home/gahacat/BI2021/2022-2023/VUMC/snakemake_outputs/simulated/8_3_3.8_0.05.csv
    output: /home/gahacat/BI2021/2022-2023/VUMC/snakemake_outputs/simulated/summary/8_3_3.8_0.05_summary.png
    jobid: 337
    reason: Missing output files: /home/gahacat/BI2021/2022-2023/VUMC/snakemake_outputs/simulated/summary/8_3_3.8_0.05_summary.png
    wildcards: n_marker=8, n_tweaks=3, outlier_center_dist=3.8, outlier_ratio=0.05
    resources: tmpdir=/tmp


[Tue May 30 21:18:08 2023]
rule simulation_summary:
    input: /home/gahacat/BI2021/2022-2023/VUMC/snakemake_outputs/simulated/16_1_3.8_0.05.csv
    output: /home/gahacat/BI2021/2022-2023/VUMC/snakemake_outputs/simulated/summary/16_1_3.8_0.05_summary.png
    jobid: 343
    reason: Missing output files: /home/gahacat/BI2021/2022-2023/VUMC/snakemake_outputs/simulated/summary/16_1_3.8_0.05_summary.png
    wildcards: n_marker=16, n_tweaks=1, outlier_center_dist=3.8, outlier_ratio=0.05
    resources: tmpdir=/tmp


[Tue May 30 21:18:08 2023]
rule simulation_summary:
    input: /home/gahacat/BI2021/2022-2023/VUMC/snakemake_outputs/simulated/16_3_4.6_0.05.csv
    output: /home/gahacat/BI2021/2022-2023/VUMC/snakemake_outputs/simulated/summary/16_3_4.6_0.05_summary.png
    jobid: 357
    reason: Missing output files: /home/gahacat/BI2021/2022-2023/VUMC/snakemake_outputs/simulated/summary/16_3_4.6_0.05_summary.png
    wildcards: n_marker=16, n_tweaks=3, outlier_center_dist=4.6, outlier_ratio=0.05
    resources: tmpdir=/tmp


[Tue May 30 21:18:08 2023]
rule simulation_summary:
    input: /home/gahacat/BI2021/2022-2023/VUMC/snakemake_outputs/simulated/8_2_5.4_0.2.csv
    output: /home/gahacat/BI2021/2022-2023/VUMC/snakemake_outputs/simulated/summary/8_2_5.4_0.2_summary.png
    jobid: 336
    reason: Missing output files: /home/gahacat/BI2021/2022-2023/VUMC/snakemake_outputs/simulated/summary/8_2_5.4_0.2_summary.png
    wildcards: n_marker=8, n_tweaks=2, outlier_center_dist=5.4, outlier_ratio=0.2
    resources: tmpdir=/tmp

[Tue May 30 21:18:15 2023]
Finished job 337.
1 of 36 steps (3%) done
Select jobs to execute...

[Tue May 30 21:18:15 2023]
rule simulation_summary:
    input: /home/gahacat/BI2021/2022-2023/VUMC/snakemake_outputs/simulated/16_3_5.4_0.05.csv
    output: /home/gahacat/BI2021/2022-2023/VUMC/snakemake_outputs/simulated/summary/16_3_5.4_0.05_summary.png
    jobid: 359
    reason: Missing output files: /home/gahacat/BI2021/2022-2023/VUMC/snakemake_outputs/simulated/summary/16_3_5.4_0.05_summary.png
    wildcards: n_marker=16, n_tweaks=3, outlier_center_dist=5.4, outlier_ratio=0.05
    resources: tmpdir=/tmp

[Tue May 30 21:18:15 2023]
Finished job 357.
2 of 36 steps (6%) done
Select jobs to execute...

[Tue May 30 21:18:15 2023]
rule simulation_summary:
    input: /home/gahacat/BI2021/2022-2023/VUMC/snakemake_outputs/simulated/16_1_4.6_0.05.csv
    output: /home/gahacat/BI2021/2022-2023/VUMC/snakemake_outputs/simulated/summary/16_1_4.6_0.05_summary.png
    jobid: 345
    reason: Missing output files: /home/gahacat/BI2021/2022-2023/VUMC/snakemake_outputs/simulated/summary/16_1_4.6_0.05_summary.png
    wildcards: n_marker=16, n_tweaks=1, outlier_center_dist=4.6, outlier_ratio=0.05
    resources: tmpdir=/tmp

[Tue May 30 21:18:15 2023]
Finished job 336.
3 of 36 steps (8%) done
Select jobs to execute...

[Tue May 30 21:18:15 2023]
rule simulation_summary:
    input: /home/gahacat/BI2021/2022-2023/VUMC/snakemake_outputs/simulated/8_1_3.8_0.05.csv
    output: /home/gahacat/BI2021/2022-2023/VUMC/snakemake_outputs/simulated/summary/8_1_3.8_0.05_summary.png
    jobid: 325
    reason: Missing output files: /home/gahacat/BI2021/2022-2023/VUMC/snakemake_outputs/simulated/summary/8_1_3.8_0.05_summary.png
    wildcards: n_marker=8, n_tweaks=1, outlier_center_dist=3.8, outlier_ratio=0.05
    resources: tmpdir=/tmp

[Tue May 30 21:18:15 2023]
Finished job 343.
4 of 36 steps (11%) done
Select jobs to execute...

[Tue May 30 21:18:15 2023]
rule simulation_summary:
    input: /home/gahacat/BI2021/2022-2023/VUMC/snakemake_outputs/simulated/8_3_4.6_0.05.csv
    output: /home/gahacat/BI2021/2022-2023/VUMC/snakemake_outputs/simulated/summary/8_3_4.6_0.05_summary.png
    jobid: 339
    reason: Missing output files: /home/gahacat/BI2021/2022-2023/VUMC/snakemake_outputs/simulated/summary/8_3_4.6_0.05_summary.png
    wildcards: n_marker=8, n_tweaks=3, outlier_center_dist=4.6, outlier_ratio=0.05
    resources: tmpdir=/tmp

[Tue May 30 21:18:15 2023]
Finished job 350.
5 of 36 steps (14%) done
Select jobs to execute...

[Tue May 30 21:18:15 2023]
rule simulation_summary:
    input: /home/gahacat/BI2021/2022-2023/VUMC/snakemake_outputs/simulated/16_2_5.4_0.05.csv
    output: /home/gahacat/BI2021/2022-2023/VUMC/snakemake_outputs/simulated/summary/16_2_5.4_0.05_summary.png
    jobid: 353
    reason: Missing output files: /home/gahacat/BI2021/2022-2023/VUMC/snakemake_outputs/simulated/summary/16_2_5.4_0.05_summary.png
    wildcards: n_marker=16, n_tweaks=2, outlier_center_dist=5.4, outlier_ratio=0.05
    resources: tmpdir=/tmp

[Tue May 30 21:18:21 2023]
Finished job 325.
6 of 36 steps (17%) done
Select jobs to execute...

[Tue May 30 21:18:21 2023]
rule simulation_summary:
    input: /home/gahacat/BI2021/2022-2023/VUMC/snakemake_outputs/simulated/16_2_4.6_0.2.csv
    output: /home/gahacat/BI2021/2022-2023/VUMC/snakemake_outputs/simulated/summary/16_2_4.6_0.2_summary.png
    jobid: 352
    reason: Missing output files: /home/gahacat/BI2021/2022-2023/VUMC/snakemake_outputs/simulated/summary/16_2_4.6_0.2_summary.png
    wildcards: n_marker=16, n_tweaks=2, outlier_center_dist=4.6, outlier_ratio=0.2
    resources: tmpdir=/tmp

[Tue May 30 21:18:21 2023]
Finished job 339.
7 of 36 steps (19%) done
Select jobs to execute...

[Tue May 30 21:18:21 2023]
rule simulation_summary:
    input: /home/gahacat/BI2021/2022-2023/VUMC/snakemake_outputs/simulated/16_3_5.4_0.2.csv
    output: /home/gahacat/BI2021/2022-2023/VUMC/snakemake_outputs/simulated/summary/16_3_5.4_0.2_summary.png
    jobid: 360
    reason: Missing output files: /home/gahacat/BI2021/2022-2023/VUMC/snakemake_outputs/simulated/summary/16_3_5.4_0.2_summary.png
    wildcards: n_marker=16, n_tweaks=3, outlier_center_dist=5.4, outlier_ratio=0.2
    resources: tmpdir=/tmp

[Tue May 30 21:18:21 2023]
Finished job 359.
8 of 36 steps (22%) done
Select jobs to execute...

[Tue May 30 21:18:21 2023]
rule simulation_summary:
    input: /home/gahacat/BI2021/2022-2023/VUMC/snakemake_outputs/simulated/16_1_4.6_0.2.csv
    output: /home/gahacat/BI2021/2022-2023/VUMC/snakemake_outputs/simulated/summary/16_1_4.6_0.2_summary.png
    jobid: 346
    reason: Missing output files: /home/gahacat/BI2021/2022-2023/VUMC/snakemake_outputs/simulated/summary/16_1_4.6_0.2_summary.png
    wildcards: n_marker=16, n_tweaks=1, outlier_center_dist=4.6, outlier_ratio=0.2
    resources: tmpdir=/tmp

[Tue May 30 21:18:22 2023]
Finished job 345.
9 of 36 steps (25%) done
Select jobs to execute...

[Tue May 30 21:18:22 2023]
rule simulation_summary:
    input: /home/gahacat/BI2021/2022-2023/VUMC/snakemake_outputs/simulated/8_3_4.6_0.2.csv
    output: /home/gahacat/BI2021/2022-2023/VUMC/snakemake_outputs/simulated/summary/8_3_4.6_0.2_summary.png
    jobid: 340
    reason: Missing output files: /home/gahacat/BI2021/2022-2023/VUMC/snakemake_outputs/simulated/summary/8_3_4.6_0.2_summary.png
    wildcards: n_marker=8, n_tweaks=3, outlier_center_dist=4.6, outlier_ratio=0.2
    resources: tmpdir=/tmp

[Tue May 30 21:18:22 2023]
Finished job 353.
10 of 36 steps (28%) done
Select jobs to execute...

[Tue May 30 21:18:22 2023]
rule simulation_summary:
    input: /home/gahacat/BI2021/2022-2023/VUMC/snakemake_outputs/simulated/8_1_3.8_0.2.csv
    output: /home/gahacat/BI2021/2022-2023/VUMC/snakemake_outputs/simulated/summary/8_1_3.8_0.2_summary.png
    jobid: 326
    reason: Missing output files: /home/gahacat/BI2021/2022-2023/VUMC/snakemake_outputs/simulated/summary/8_1_3.8_0.2_summary.png
    wildcards: n_marker=8, n_tweaks=1, outlier_center_dist=3.8, outlier_ratio=0.2
    resources: tmpdir=/tmp

[Tue May 30 21:18:27 2023]
Finished job 346.
11 of 36 steps (31%) done
Select jobs to execute...

[Tue May 30 21:18:27 2023]
rule simulation_summary:
    input: /home/gahacat/BI2021/2022-2023/VUMC/snakemake_outputs/simulated/16_2_5.4_0.2.csv
    output: /home/gahacat/BI2021/2022-2023/VUMC/snakemake_outputs/simulated/summary/16_2_5.4_0.2_summary.png
    jobid: 354
    reason: Missing output files: /home/gahacat/BI2021/2022-2023/VUMC/snakemake_outputs/simulated/summary/16_2_5.4_0.2_summary.png
    wildcards: n_marker=16, n_tweaks=2, outlier_center_dist=5.4, outlier_ratio=0.2
    resources: tmpdir=/tmp

[Tue May 30 21:18:28 2023]
Finished job 352.
12 of 36 steps (33%) done
Select jobs to execute...

[Tue May 30 21:18:28 2023]
rule simulation_summary:
    input: /home/gahacat/BI2021/2022-2023/VUMC/snakemake_outputs/simulated/16_1_5.4_0.05.csv
    output: /home/gahacat/BI2021/2022-2023/VUMC/snakemake_outputs/simulated/summary/16_1_5.4_0.05_summary.png
    jobid: 347
    reason: Missing output files: /home/gahacat/BI2021/2022-2023/VUMC/snakemake_outputs/simulated/summary/16_1_5.4_0.05_summary.png
    wildcards: n_marker=16, n_tweaks=1, outlier_center_dist=5.4, outlier_ratio=0.05
    resources: tmpdir=/tmp

[Tue May 30 21:18:28 2023]
Finished job 360.
13 of 36 steps (36%) done
Select jobs to execute...

[Tue May 30 21:18:28 2023]
rule simulation_summary:
    input: /home/gahacat/BI2021/2022-2023/VUMC/snakemake_outputs/simulated/8_1_5.4_0.2.csv
    output: /home/gahacat/BI2021/2022-2023/VUMC/snakemake_outputs/simulated/summary/8_1_5.4_0.2_summary.png
    jobid: 330
    reason: Missing output files: /home/gahacat/BI2021/2022-2023/VUMC/snakemake_outputs/simulated/summary/8_1_5.4_0.2_summary.png
    wildcards: n_marker=8, n_tweaks=1, outlier_center_dist=5.4, outlier_ratio=0.2
    resources: tmpdir=/tmp

[Tue May 30 21:18:28 2023]
Finished job 340.
14 of 36 steps (39%) done
Select jobs to execute...

[Tue May 30 21:18:28 2023]
rule simulation_summary:
    input: /home/gahacat/BI2021/2022-2023/VUMC/snakemake_outputs/simulated/16_1_3.8_0.2.csv
    output: /home/gahacat/BI2021/2022-2023/VUMC/snakemake_outputs/simulated/summary/16_1_3.8_0.2_summary.png
    jobid: 344
    reason: Missing output files: /home/gahacat/BI2021/2022-2023/VUMC/snakemake_outputs/simulated/summary/16_1_3.8_0.2_summary.png
    wildcards: n_marker=16, n_tweaks=1, outlier_center_dist=3.8, outlier_ratio=0.2
    resources: tmpdir=/tmp

[Tue May 30 21:18:29 2023]
Finished job 326.
15 of 36 steps (42%) done
Select jobs to execute...

[Tue May 30 21:18:29 2023]
rule simulation_summary:
    input: /home/gahacat/BI2021/2022-2023/VUMC/snakemake_outputs/simulated/16_3_4.6_0.2.csv
    output: /home/gahacat/BI2021/2022-2023/VUMC/snakemake_outputs/simulated/summary/16_3_4.6_0.2_summary.png
    jobid: 358
    reason: Missing output files: /home/gahacat/BI2021/2022-2023/VUMC/snakemake_outputs/simulated/summary/16_3_4.6_0.2_summary.png
    wildcards: n_marker=16, n_tweaks=3, outlier_center_dist=4.6, outlier_ratio=0.2
    resources: tmpdir=/tmp

[Tue May 30 21:18:34 2023]
Finished job 354.
16 of 36 steps (44%) done
Select jobs to execute...

[Tue May 30 21:18:34 2023]
rule simulation_summary:
    input: /home/gahacat/BI2021/2022-2023/VUMC/snakemake_outputs/simulated/16_3_3.8_0.05.csv
    output: /home/gahacat/BI2021/2022-2023/VUMC/snakemake_outputs/simulated/summary/16_3_3.8_0.05_summary.png
    jobid: 355
    reason: Missing output files: /home/gahacat/BI2021/2022-2023/VUMC/snakemake_outputs/simulated/summary/16_3_3.8_0.05_summary.png
    wildcards: n_marker=16, n_tweaks=3, outlier_center_dist=3.8, outlier_ratio=0.05
    resources: tmpdir=/tmp

[Tue May 30 21:18:35 2023]
Finished job 347.
17 of 36 steps (47%) done
Select jobs to execute...

[Tue May 30 21:18:35 2023]
rule simulation_summary:
    input: /home/gahacat/BI2021/2022-2023/VUMC/snakemake_outputs/simulated/8_1_5.4_0.05.csv
    output: /home/gahacat/BI2021/2022-2023/VUMC/snakemake_outputs/simulated/summary/8_1_5.4_0.05_summary.png
    jobid: 329
    reason: Missing output files: /home/gahacat/BI2021/2022-2023/VUMC/snakemake_outputs/simulated/summary/8_1_5.4_0.05_summary.png
    wildcards: n_marker=8, n_tweaks=1, outlier_center_dist=5.4, outlier_ratio=0.05
    resources: tmpdir=/tmp

[Tue May 30 21:18:35 2023]
Finished job 358.
18 of 36 steps (50%) done
Select jobs to execute...

[Tue May 30 21:18:35 2023]
rule simulation_summary:
    input: /home/gahacat/BI2021/2022-2023/VUMC/snakemake_outputs/simulated/8_2_4.6_0.2.csv
    output: /home/gahacat/BI2021/2022-2023/VUMC/snakemake_outputs/simulated/summary/8_2_4.6_0.2_summary.png
    jobid: 334
    reason: Missing output files: /home/gahacat/BI2021/2022-2023/VUMC/snakemake_outputs/simulated/summary/8_2_4.6_0.2_summary.png
    wildcards: n_marker=8, n_tweaks=2, outlier_center_dist=4.6, outlier_ratio=0.2
    resources: tmpdir=/tmp

[Tue May 30 21:18:35 2023]
Finished job 330.
19 of 36 steps (53%) done
Select jobs to execute...

[Tue May 30 21:18:35 2023]
rule simulation_summary:
    input: /home/gahacat/BI2021/2022-2023/VUMC/snakemake_outputs/simulated/16_1_5.4_0.2.csv
    output: /home/gahacat/BI2021/2022-2023/VUMC/snakemake_outputs/simulated/summary/16_1_5.4_0.2_summary.png
    jobid: 348
    reason: Missing output files: /home/gahacat/BI2021/2022-2023/VUMC/snakemake_outputs/simulated/summary/16_1_5.4_0.2_summary.png
    wildcards: n_marker=16, n_tweaks=1, outlier_center_dist=5.4, outlier_ratio=0.2
    resources: tmpdir=/tmp

[Tue May 30 21:18:35 2023]
Finished job 344.
20 of 36 steps (56%) done
Select jobs to execute...

[Tue May 30 21:18:35 2023]
rule simulation_summary:
    input: /home/gahacat/BI2021/2022-2023/VUMC/snakemake_outputs/simulated/8_3_3.8_0.2.csv
    output: /home/gahacat/BI2021/2022-2023/VUMC/snakemake_outputs/simulated/summary/8_3_3.8_0.2_summary.png
    jobid: 338
    reason: Missing output files: /home/gahacat/BI2021/2022-2023/VUMC/snakemake_outputs/simulated/summary/8_3_3.8_0.2_summary.png
    wildcards: n_marker=8, n_tweaks=3, outlier_center_dist=3.8, outlier_ratio=0.2
    resources: tmpdir=/tmp

[Tue May 30 21:18:40 2023]
Finished job 355.
21 of 36 steps (58%) done
Select jobs to execute...

[Tue May 30 21:18:40 2023]
rule simulation_summary:
    input: /home/gahacat/BI2021/2022-2023/VUMC/snakemake_outputs/simulated/8_3_5.4_0.2.csv
    output: /home/gahacat/BI2021/2022-2023/VUMC/snakemake_outputs/simulated/summary/8_3_5.4_0.2_summary.png
    jobid: 342
    reason: Missing output files: /home/gahacat/BI2021/2022-2023/VUMC/snakemake_outputs/simulated/summary/8_3_5.4_0.2_summary.png
    wildcards: n_marker=8, n_tweaks=3, outlier_center_dist=5.4, outlier_ratio=0.2
    resources: tmpdir=/tmp

[Tue May 30 21:18:41 2023]
Finished job 329.
22 of 36 steps (61%) done
Select jobs to execute...

[Tue May 30 21:18:41 2023]
rule simulation_summary:
    input: /home/gahacat/BI2021/2022-2023/VUMC/snakemake_outputs/simulated/8_1_4.6_0.2.csv
    output: /home/gahacat/BI2021/2022-2023/VUMC/snakemake_outputs/simulated/summary/8_1_4.6_0.2_summary.png
    jobid: 328
    reason: Missing output files: /home/gahacat/BI2021/2022-2023/VUMC/snakemake_outputs/simulated/summary/8_1_4.6_0.2_summary.png
    wildcards: n_marker=8, n_tweaks=1, outlier_center_dist=4.6, outlier_ratio=0.2
    resources: tmpdir=/tmp

[Tue May 30 21:18:41 2023]
Finished job 334.
23 of 36 steps (64%) done
Select jobs to execute...

[Tue May 30 21:18:41 2023]
rule simulation_summary:
    input: /home/gahacat/BI2021/2022-2023/VUMC/snakemake_outputs/simulated/16_3_3.8_0.2.csv
    output: /home/gahacat/BI2021/2022-2023/VUMC/snakemake_outputs/simulated/summary/16_3_3.8_0.2_summary.png
    jobid: 356
    reason: Missing output files: /home/gahacat/BI2021/2022-2023/VUMC/snakemake_outputs/simulated/summary/16_3_3.8_0.2_summary.png
    wildcards: n_marker=16, n_tweaks=3, outlier_center_dist=3.8, outlier_ratio=0.2
    resources: tmpdir=/tmp

[Tue May 30 21:18:42 2023]
Finished job 338.
24 of 36 steps (67%) done
Select jobs to execute...

[Tue May 30 21:18:42 2023]
rule simulation_summary:
    input: /home/gahacat/BI2021/2022-2023/VUMC/snakemake_outputs/simulated/8_3_5.4_0.05.csv
    output: /home/gahacat/BI2021/2022-2023/VUMC/snakemake_outputs/simulated/summary/8_3_5.4_0.05_summary.png
    jobid: 341
    reason: Missing output files: /home/gahacat/BI2021/2022-2023/VUMC/snakemake_outputs/simulated/summary/8_3_5.4_0.05_summary.png
    wildcards: n_marker=8, n_tweaks=3, outlier_center_dist=5.4, outlier_ratio=0.05
    resources: tmpdir=/tmp

[Tue May 30 21:18:42 2023]
Finished job 348.
25 of 36 steps (69%) done
Select jobs to execute...

[Tue May 30 21:18:42 2023]
rule simulation_summary:
    input: /home/gahacat/BI2021/2022-2023/VUMC/snakemake_outputs/simulated/8_1_4.6_0.05.csv
    output: /home/gahacat/BI2021/2022-2023/VUMC/snakemake_outputs/simulated/summary/8_1_4.6_0.05_summary.png
    jobid: 327
    reason: Missing output files: /home/gahacat/BI2021/2022-2023/VUMC/snakemake_outputs/simulated/summary/8_1_4.6_0.05_summary.png
    wildcards: n_marker=8, n_tweaks=1, outlier_center_dist=4.6, outlier_ratio=0.05
    resources: tmpdir=/tmp

[Tue May 30 21:18:46 2023]
Finished job 342.
26 of 36 steps (72%) done
Select jobs to execute...

[Tue May 30 21:18:46 2023]
rule simulation_summary:
    input: /home/gahacat/BI2021/2022-2023/VUMC/snakemake_outputs/simulated/16_2_4.6_0.05.csv
    output: /home/gahacat/BI2021/2022-2023/VUMC/snakemake_outputs/simulated/summary/16_2_4.6_0.05_summary.png
    jobid: 351
    reason: Missing output files: /home/gahacat/BI2021/2022-2023/VUMC/snakemake_outputs/simulated/summary/16_2_4.6_0.05_summary.png
    wildcards: n_marker=16, n_tweaks=2, outlier_center_dist=4.6, outlier_ratio=0.05
    resources: tmpdir=/tmp

[Tue May 30 21:18:47 2023]
Finished job 328.
27 of 36 steps (75%) done
Select jobs to execute...

[Tue May 30 21:18:47 2023]
rule simulation_summary:
    input: /home/gahacat/BI2021/2022-2023/VUMC/snakemake_outputs/simulated/8_2_4.6_0.05.csv
    output: /home/gahacat/BI2021/2022-2023/VUMC/snakemake_outputs/simulated/summary/8_2_4.6_0.05_summary.png
    jobid: 333
    reason: Missing output files: /home/gahacat/BI2021/2022-2023/VUMC/snakemake_outputs/simulated/summary/8_2_4.6_0.05_summary.png
    wildcards: n_marker=8, n_tweaks=2, outlier_center_dist=4.6, outlier_ratio=0.05
    resources: tmpdir=/tmp

[Tue May 30 21:18:48 2023]
Finished job 327.
28 of 36 steps (78%) done
Select jobs to execute...

[Tue May 30 21:18:48 2023]
rule simulation_summary:
    input: /home/gahacat/BI2021/2022-2023/VUMC/snakemake_outputs/simulated/8_2_3.8_0.05.csv
    output: /home/gahacat/BI2021/2022-2023/VUMC/snakemake_outputs/simulated/summary/8_2_3.8_0.05_summary.png
    jobid: 331
    reason: Missing output files: /home/gahacat/BI2021/2022-2023/VUMC/snakemake_outputs/simulated/summary/8_2_3.8_0.05_summary.png
    wildcards: n_marker=8, n_tweaks=2, outlier_center_dist=3.8, outlier_ratio=0.05
    resources: tmpdir=/tmp

[Tue May 30 21:18:48 2023]
Finished job 341.
29 of 36 steps (81%) done
Select jobs to execute...

[Tue May 30 21:18:48 2023]
rule simulation_summary:
    input: /home/gahacat/BI2021/2022-2023/VUMC/snakemake_outputs/simulated/16_2_3.8_0.05.csv
    output: /home/gahacat/BI2021/2022-2023/VUMC/snakemake_outputs/simulated/summary/16_2_3.8_0.05_summary.png
    jobid: 349
    reason: Missing output files: /home/gahacat/BI2021/2022-2023/VUMC/snakemake_outputs/simulated/summary/16_2_3.8_0.05_summary.png
    wildcards: n_marker=16, n_tweaks=2, outlier_center_dist=3.8, outlier_ratio=0.05
    resources: tmpdir=/tmp

[Tue May 30 21:18:48 2023]
Finished job 356.
30 of 36 steps (83%) done
Select jobs to execute...

[Tue May 30 21:18:48 2023]
rule simulation_summary:
    input: /home/gahacat/BI2021/2022-2023/VUMC/snakemake_outputs/simulated/8_2_5.4_0.05.csv
    output: /home/gahacat/BI2021/2022-2023/VUMC/snakemake_outputs/simulated/summary/8_2_5.4_0.05_summary.png
    jobid: 335
    reason: Missing output files: /home/gahacat/BI2021/2022-2023/VUMC/snakemake_outputs/simulated/summary/8_2_5.4_0.05_summary.png
    wildcards: n_marker=8, n_tweaks=2, outlier_center_dist=5.4, outlier_ratio=0.05
    resources: tmpdir=/tmp

[Tue May 30 21:18:53 2023]
Finished job 351.
31 of 36 steps (86%) done
[Tue May 30 21:18:53 2023]
Finished job 333.
32 of 36 steps (89%) done
[Tue May 30 21:18:54 2023]
Finished job 349.
33 of 36 steps (92%) done
[Tue May 30 21:18:54 2023]
Finished job 331.
34 of 36 steps (94%) done
[Tue May 30 21:18:55 2023]
Finished job 335.
35 of 36 steps (97%) done
Select jobs to execute...

[Tue May 30 21:18:55 2023]
localrule all:
    input: /home/gahacat/BI2021/2022-2023/VUMC/snakemake_outputs/simulated/plots/8_1_3.8_0.05.png, /home/gahacat/BI2021/2022-2023/VUMC/snakemake_outputs/simulated/plots/8_1_3.8_0.2.png, /home/gahacat/BI2021/2022-2023/VUMC/snakemake_outputs/simulated/plots/8_1_4.6_0.05.png, /home/gahacat/BI2021/2022-2023/VUMC/snakemake_outputs/simulated/plots/8_1_4.6_0.2.png, /home/gahacat/BI2021/2022-2023/VUMC/snakemake_outputs/simulated/plots/8_1_5.4_0.05.png, /home/gahacat/BI2021/2022-2023/VUMC/snakemake_outputs/simulated/plots/8_1_5.4_0.2.png, /home/gahacat/BI2021/2022-2023/VUMC/snakemake_outputs/simulated/plots/8_2_3.8_0.05.png, /home/gahacat/BI2021/2022-2023/VUMC/snakemake_outputs/simulated/plots/8_2_3.8_0.2.png, /home/gahacat/BI2021/2022-2023/VUMC/snakemake_outputs/simulated/plots/8_2_4.6_0.05.png, /home/gahacat/BI2021/2022-2023/VUMC/snakemake_outputs/simulated/plots/8_2_4.6_0.2.png, /home/gahacat/BI2021/2022-2023/VUMC/snakemake_outputs/simulated/plots/8_2_5.4_0.05.png, /home/gahacat/BI2021/2022-2023/VUMC/snakemake_outputs/simulated/plots/8_2_5.4_0.2.png, /home/gahacat/BI2021/2022-2023/VUMC/snakemake_outputs/simulated/plots/8_3_3.8_0.05.png, /home/gahacat/BI2021/2022-2023/VUMC/snakemake_outputs/simulated/plots/8_3_3.8_0.2.png, /home/gahacat/BI2021/2022-2023/VUMC/snakemake_outputs/simulated/plots/8_3_4.6_0.05.png, /home/gahacat/BI2021/2022-2023/VUMC/snakemake_outputs/simulated/plots/8_3_4.6_0.2.png, /home/gahacat/BI2021/2022-2023/VUMC/snakemake_outputs/simulated/plots/8_3_5.4_0.05.png, /home/gahacat/BI2021/2022-2023/VUMC/snakemake_outputs/simulated/plots/8_3_5.4_0.2.png, /home/gahacat/BI2021/2022-2023/VUMC/snakemake_outputs/simulated/plots/16_1_3.8_0.05.png, /home/gahacat/BI2021/2022-2023/VUMC/snakemake_outputs/simulated/plots/16_1_3.8_0.2.png, /home/gahacat/BI2021/2022-2023/VUMC/snakemake_outputs/simulated/plots/16_1_4.6_0.05.png, /home/gahacat/BI2021/2022-2023/VUMC/snakemake_outputs/simulated/plots/16_1_4.6_0.2.png, /home/gahacat/BI2021/2022-2023/VUMC/snakemake_outputs/simulated/plots/16_1_5.4_0.05.png, /home/gahacat/BI2021/2022-2023/VUMC/snakemake_outputs/simulated/plots/16_1_5.4_0.2.png, /home/gahacat/BI2021/2022-2023/VUMC/snakemake_outputs/simulated/plots/16_2_3.8_0.05.png, /home/gahacat/BI2021/2022-2023/VUMC/snakemake_outputs/simulated/plots/16_2_3.8_0.2.png, /home/gahacat/BI2021/2022-2023/VUMC/snakemake_outputs/simulated/plots/16_2_4.6_0.05.png, /home/gahacat/BI2021/2022-2023/VUMC/snakemake_outputs/simulated/plots/16_2_4.6_0.2.png, /home/gahacat/BI2021/2022-2023/VUMC/snakemake_outputs/simulated/plots/16_2_5.4_0.05.png, /home/gahacat/BI2021/2022-2023/VUMC/snakemake_outputs/simulated/plots/16_2_5.4_0.2.png, /home/gahacat/BI2021/2022-2023/VUMC/snakemake_outputs/simulated/plots/16_3_3.8_0.05.png, /home/gahacat/BI2021/2022-2023/VUMC/snakemake_outputs/simulated/plots/16_3_3.8_0.2.png, /home/gahacat/BI2021/2022-2023/VUMC/snakemake_outputs/simulated/plots/16_3_4.6_0.05.png, /home/gahacat/BI2021/2022-2023/VUMC/snakemake_outputs/simulated/plots/16_3_4.6_0.2.png, /home/gahacat/BI2021/2022-2023/VUMC/snakemake_outputs/simulated/plots/16_3_5.4_0.05.png, /home/gahacat/BI2021/2022-2023/VUMC/snakemake_outputs/simulated/plots/16_3_5.4_0.2.png, /home/gahacat/BI2021/2022-2023/VUMC/snakemake_outputs/feature_generated/stat_feature/8_1_3.8_0.05_stat_featured.csv, /home/gahacat/BI2021/2022-2023/VUMC/snakemake_outputs/feature_generated/stat_feature/8_1_3.8_0.2_stat_featured.csv, /home/gahacat/BI2021/2022-2023/VUMC/snakemake_outputs/feature_generated/stat_feature/8_1_4.6_0.05_stat_featured.csv, /home/gahacat/BI2021/2022-2023/VUMC/snakemake_outputs/feature_generated/stat_feature/8_1_4.6_0.2_stat_featured.csv, /home/gahacat/BI2021/2022-2023/VUMC/snakemake_outputs/feature_generated/stat_feature/8_1_5.4_0.05_stat_featured.csv, /home/gahacat/BI2021/2022-2023/VUMC/snakemake_outputs/feature_generated/stat_feature/8_1_5.4_0.2_stat_featured.csv, /home/gahacat/BI2021/2022-2023/VUMC/snakemake_outputs/feature_generated/stat_feature/8_2_3.8_0.05_stat_featured.csv, /home/gahacat/BI2021/2022-2023/VUMC/snakemake_outputs/feature_generated/stat_feature/8_2_3.8_0.2_stat_featured.csv, /home/gahacat/BI2021/2022-2023/VUMC/snakemake_outputs/feature_generated/stat_feature/8_2_4.6_0.05_stat_featured.csv, /home/gahacat/BI2021/2022-2023/VUMC/snakemake_outputs/feature_generated/stat_feature/8_2_4.6_0.2_stat_featured.csv, /home/gahacat/BI2021/2022-2023/VUMC/snakemake_outputs/feature_generated/stat_feature/8_2_5.4_0.05_stat_featured.csv, /home/gahacat/BI2021/2022-2023/VUMC/snakemake_outputs/feature_generated/stat_feature/8_2_5.4_0.2_stat_featured.csv, /home/gahacat/BI2021/2022-2023/VUMC/snakemake_outputs/feature_generated/stat_feature/8_3_3.8_0.05_stat_featured.csv, /home/gahacat/BI2021/2022-2023/VUMC/snakemake_outputs/feature_generated/stat_feature/8_3_3.8_0.2_stat_featured.csv, /home/gahacat/BI2021/2022-2023/VUMC/snakemake_outputs/feature_generated/stat_feature/8_3_4.6_0.05_stat_featured.csv, /home/gahacat/BI2021/2022-2023/VUMC/snakemake_outputs/feature_generated/stat_feature/8_3_4.6_0.2_stat_featured.csv, /home/gahacat/BI2021/2022-2023/VUMC/snakemake_outputs/feature_generated/stat_feature/8_3_5.4_0.05_stat_featured.csv, /home/gahacat/BI2021/2022-2023/VUMC/snakemake_outputs/feature_generated/stat_feature/8_3_5.4_0.2_stat_featured.csv, /home/gahacat/BI2021/2022-2023/VUMC/snakemake_outputs/feature_generated/stat_feature/16_1_3.8_0.05_stat_featured.csv, /home/gahacat/BI2021/2022-2023/VUMC/snakemake_outputs/feature_generated/stat_feature/16_1_3.8_0.2_stat_featured.csv, /home/gahacat/BI2021/2022-2023/VUMC/snakemake_outputs/feature_generated/stat_feature/16_1_4.6_0.05_stat_featured.csv, /home/gahacat/BI2021/2022-2023/VUMC/snakemake_outputs/feature_generated/stat_feature/16_1_4.6_0.2_stat_featured.csv, /home/gahacat/BI2021/2022-2023/VUMC/snakemake_outputs/feature_generated/stat_feature/16_1_5.4_0.05_stat_featured.csv, /home/gahacat/BI2021/2022-2023/VUMC/snakemake_outputs/feature_generated/stat_feature/16_1_5.4_0.2_stat_featured.csv, /home/gahacat/BI2021/2022-2023/VUMC/snakemake_outputs/feature_generated/stat_feature/16_2_3.8_0.05_stat_featured.csv, /home/gahacat/BI2021/2022-2023/VUMC/snakemake_outputs/feature_generated/stat_feature/16_2_3.8_0.2_stat_featured.csv, /home/gahacat/BI2021/2022-2023/VUMC/snakemake_outputs/feature_generated/stat_feature/16_2_4.6_0.05_stat_featured.csv, /home/gahacat/BI2021/2022-2023/VUMC/snakemake_outputs/feature_generated/stat_feature/16_2_4.6_0.2_stat_featured.csv, /home/gahacat/BI2021/2022-2023/VUMC/snakemake_outputs/feature_generated/stat_feature/16_2_5.4_0.05_stat_featured.csv, /home/gahacat/BI2021/2022-2023/VUMC/snakemake_outputs/feature_generated/stat_feature/16_2_5.4_0.2_stat_featured.csv, /home/gahacat/BI2021/2022-2023/VUMC/snakemake_outputs/feature_generated/stat_feature/16_3_3.8_0.05_stat_featured.csv, /home/gahacat/BI2021/2022-2023/VUMC/snakemake_outputs/feature_generated/stat_feature/16_3_3.8_0.2_stat_featured.csv, /home/gahacat/BI2021/2022-2023/VUMC/snakemake_outputs/feature_generated/stat_feature/16_3_4.6_0.05_stat_featured.csv, /home/gahacat/BI2021/2022-2023/VUMC/snakemake_outputs/feature_generated/stat_feature/16_3_4.6_0.2_stat_featured.csv, /home/gahacat/BI2021/2022-2023/VUMC/snakemake_outputs/feature_generated/stat_feature/16_3_5.4_0.05_stat_featured.csv, /home/gahacat/BI2021/2022-2023/VUMC/snakemake_outputs/feature_generated/stat_feature/16_3_5.4_0.2_stat_featured.csv, /home/gahacat/BI2021/2022-2023/VUMC/snakemake_outputs/feature_generated/npb_feature/8_1_3.8_0.05_10_npb_featured.csv, /home/gahacat/BI2021/2022-2023/VUMC/snakemake_outputs/feature_generated/npb_feature/8_1_3.8_0.05_20_npb_featured.csv, /home/gahacat/BI2021/2022-2023/VUMC/snakemake_outputs/feature_generated/npb_feature/8_1_3.8_0.2_10_npb_featured.csv, /home/gahacat/BI2021/2022-2023/VUMC/snakemake_outputs/feature_generated/npb_feature/8_1_3.8_0.2_20_npb_featured.csv, /home/gahacat/BI2021/2022-2023/VUMC/snakemake_outputs/feature_generated/npb_feature/8_1_4.6_0.05_10_npb_featured.csv, /home/gahacat/BI2021/2022-2023/VUMC/snakemake_outputs/feature_generated/npb_feature/8_1_4.6_0.05_20_npb_featured.csv, /home/gahacat/BI2021/2022-2023/VUMC/snakemake_outputs/feature_generated/npb_feature/8_1_4.6_0.2_10_npb_featured.csv, /home/gahacat/BI2021/2022-2023/VUMC/snakemake_outputs/feature_generated/npb_feature/8_1_4.6_0.2_20_npb_featured.csv, /home/gahacat/BI2021/2022-2023/VUMC/snakemake_outputs/feature_generated/npb_feature/8_1_5.4_0.05_10_npb_featured.csv, /home/gahacat/BI2021/2022-2023/VUMC/snakemake_outputs/feature_generated/npb_feature/8_1_5.4_0.05_20_npb_featured.csv, /home/gahacat/BI2021/2022-2023/VUMC/snakemake_outputs/feature_generated/npb_feature/8_1_5.4_0.2_10_npb_featured.csv, /home/gahacat/BI2021/2022-2023/VUMC/snakemake_outputs/feature_generated/npb_feature/8_1_5.4_0.2_20_npb_featured.csv, /home/gahacat/BI2021/2022-2023/VUMC/snakemake_outputs/feature_generated/npb_feature/8_2_3.8_0.05_10_npb_featured.csv, /home/gahacat/BI2021/2022-2023/VUMC/snakemake_outputs/feature_generated/npb_feature/8_2_3.8_0.05_20_npb_featured.csv, /home/gahacat/BI2021/2022-2023/VUMC/snakemake_outputs/feature_generated/npb_feature/8_2_3.8_0.2_10_npb_featured.csv, /home/gahacat/BI2021/2022-2023/VUMC/snakemake_outputs/feature_generated/npb_feature/8_2_3.8_0.2_20_npb_featured.csv, /home/gahacat/BI2021/2022-2023/VUMC/snakemake_outputs/feature_generated/npb_feature/8_2_4.6_0.05_10_npb_featured.csv, /home/gahacat/BI2021/2022-2023/VUMC/snakemake_outputs/feature_generated/npb_feature/8_2_4.6_0.05_20_npb_featured.csv, /home/gahacat/BI2021/2022-2023/VUMC/snakemake_outputs/feature_generated/npb_feature/8_2_4.6_0.2_10_npb_featured.csv, /home/gahacat/BI2021/2022-2023/VUMC/snakemake_outputs/feature_generated/npb_feature/8_2_4.6_0.2_20_npb_featured.csv, /home/gahacat/BI2021/2022-2023/VUMC/snakemake_outputs/feature_generated/npb_feature/8_2_5.4_0.05_10_npb_featured.csv, /home/gahacat/BI2021/2022-2023/VUMC/snakemake_outputs/feature_generated/npb_feature/8_2_5.4_0.05_20_npb_featured.csv, /home/gahacat/BI2021/2022-2023/VUMC/snakemake_outputs/feature_generated/npb_feature/8_2_5.4_0.2_10_npb_featured.csv, /home/gahacat/BI2021/2022-2023/VUMC/snakemake_outputs/feature_generated/npb_feature/8_2_5.4_0.2_20_npb_featured.csv, /home/gahacat/BI2021/2022-2023/VUMC/snakemake_outputs/feature_generated/npb_feature/8_3_3.8_0.05_10_npb_featured.csv, /home/gahacat/BI2021/2022-2023/VUMC/snakemake_outputs/feature_generated/npb_feature/8_3_3.8_0.05_20_npb_featured.csv, /home/gahacat/BI2021/2022-2023/VUMC/snakemake_outputs/feature_generated/npb_feature/8_3_3.8_0.2_10_npb_featured.csv, /home/gahacat/BI2021/2022-2023/VUMC/snakemake_outputs/feature_generated/npb_feature/8_3_3.8_0.2_20_npb_featured.csv, /home/gahacat/BI2021/2022-2023/VUMC/snakemake_outputs/feature_generated/npb_feature/8_3_4.6_0.05_10_npb_featured.csv, /home/gahacat/BI2021/2022-2023/VUMC/snakemake_outputs/feature_generated/npb_feature/8_3_4.6_0.05_20_npb_featured.csv, /home/gahacat/BI2021/2022-2023/VUMC/snakemake_outputs/feature_generated/npb_feature/8_3_4.6_0.2_10_npb_featured.csv, /home/gahacat/BI2021/2022-2023/VUMC/snakemake_outputs/feature_generated/npb_feature/8_3_4.6_0.2_20_npb_featured.csv, /home/gahacat/BI2021/2022-2023/VUMC/snakemake_outputs/feature_generated/npb_feature/8_3_5.4_0.05_10_npb_featured.csv, /home/gahacat/BI2021/2022-2023/VUMC/snakemake_outputs/feature_generated/npb_feature/8_3_5.4_0.05_20_npb_featured.csv, /home/gahacat/BI2021/2022-2023/VUMC/snakemake_outputs/feature_generated/npb_feature/8_3_5.4_0.2_10_npb_featured.csv, /home/gahacat/BI2021/2022-2023/VUMC/snakemake_outputs/feature_generated/npb_feature/8_3_5.4_0.2_20_npb_featured.csv, /home/gahacat/BI2021/2022-2023/VUMC/snakemake_outputs/feature_generated/npb_feature/16_1_3.8_0.05_10_npb_featured.csv, /home/gahacat/BI2021/2022-2023/VUMC/snakemake_outputs/feature_generated/npb_feature/16_1_3.8_0.05_20_npb_featured.csv, /home/gahacat/BI2021/2022-2023/VUMC/snakemake_outputs/feature_generated/npb_feature/16_1_3.8_0.2_10_npb_featured.csv, /home/gahacat/BI2021/2022-2023/VUMC/snakemake_outputs/feature_generated/npb_feature/16_1_3.8_0.2_20_npb_featured.csv, /home/gahacat/BI2021/2022-2023/VUMC/snakemake_outputs/feature_generated/npb_feature/16_1_4.6_0.05_10_npb_featured.csv, /home/gahacat/BI2021/2022-2023/VUMC/snakemake_outputs/feature_generated/npb_feature/16_1_4.6_0.05_20_npb_featured.csv, /home/gahacat/BI2021/2022-2023/VUMC/snakemake_outputs/feature_generated/npb_feature/16_1_4.6_0.2_10_npb_featured.csv, /home/gahacat/BI2021/2022-2023/VUMC/snakemake_outputs/feature_generated/npb_feature/16_1_4.6_0.2_20_npb_featured.csv, /home/gahacat/BI2021/2022-2023/VUMC/snakemake_outputs/feature_generated/npb_feature/16_1_5.4_0.05_10_npb_featured.csv, /home/gahacat/BI2021/2022-2023/VUMC/snakemake_outputs/feature_generated/npb_feature/16_1_5.4_0.05_20_npb_featured.csv, /home/gahacat/BI2021/2022-2023/VUMC/snakemake_outputs/feature_generated/npb_feature/16_1_5.4_0.2_10_npb_featured.csv, /home/gahacat/BI2021/2022-2023/VUMC/snakemake_outputs/feature_generated/npb_feature/16_1_5.4_0.2_20_npb_featured.csv, /home/gahacat/BI2021/2022-2023/VUMC/snakemake_outputs/feature_generated/npb_feature/16_2_3.8_0.05_10_npb_featured.csv, /home/gahacat/BI2021/2022-2023/VUMC/snakemake_outputs/feature_generated/npb_feature/16_2_3.8_0.05_20_npb_featured.csv, /home/gahacat/BI2021/2022-2023/VUMC/snakemake_outputs/feature_generated/npb_feature/16_2_3.8_0.2_10_npb_featured.csv, /home/gahacat/BI2021/2022-2023/VUMC/snakemake_outputs/feature_generated/npb_feature/16_2_3.8_0.2_20_npb_featured.csv, /home/gahacat/BI2021/2022-2023/VUMC/snakemake_outputs/feature_generated/npb_feature/16_2_4.6_0.05_10_npb_featured.csv, /home/gahacat/BI2021/2022-2023/VUMC/snakemake_outputs/feature_generated/npb_feature/16_2_4.6_0.05_20_npb_featured.csv, /home/gahacat/BI2021/2022-2023/VUMC/snakemake_outputs/feature_generated/npb_feature/16_2_4.6_0.2_10_npb_featured.csv, /home/gahacat/BI2021/2022-2023/VUMC/snakemake_outputs/feature_generated/npb_feature/16_2_4.6_0.2_20_npb_featured.csv, /home/gahacat/BI2021/2022-2023/VUMC/snakemake_outputs/feature_generated/npb_feature/16_2_5.4_0.05_10_npb_featured.csv, /home/gahacat/BI2021/2022-2023/VUMC/snakemake_outputs/feature_generated/npb_feature/16_2_5.4_0.05_20_npb_featured.csv, /home/gahacat/BI2021/2022-2023/VUMC/snakemake_outputs/feature_generated/npb_feature/16_2_5.4_0.2_10_npb_featured.csv, /home/gahacat/BI2021/2022-2023/VUMC/snakemake_outputs/feature_generated/npb_feature/16_2_5.4_0.2_20_npb_featured.csv, /home/gahacat/BI2021/2022-2023/VUMC/snakemake_outputs/feature_generated/npb_feature/16_3_3.8_0.05_10_npb_featured.csv, /home/gahacat/BI2021/2022-2023/VUMC/snakemake_outputs/feature_generated/npb_feature/16_3_3.8_0.05_20_npb_featured.csv, /home/gahacat/BI2021/2022-2023/VUMC/snakemake_outputs/feature_generated/npb_feature/16_3_3.8_0.2_10_npb_featured.csv, /home/gahacat/BI2021/2022-2023/VUMC/snakemake_outputs/feature_generated/npb_feature/16_3_3.8_0.2_20_npb_featured.csv, /home/gahacat/BI2021/2022-2023/VUMC/snakemake_outputs/feature_generated/npb_feature/16_3_4.6_0.05_10_npb_featured.csv, /home/gahacat/BI2021/2022-2023/VUMC/snakemake_outputs/feature_generated/npb_feature/16_3_4.6_0.05_20_npb_featured.csv, /home/gahacat/BI2021/2022-2023/VUMC/snakemake_outputs/feature_generated/npb_feature/16_3_4.6_0.2_10_npb_featured.csv, /home/gahacat/BI2021/2022-2023/VUMC/snakemake_outputs/feature_generated/npb_feature/16_3_4.6_0.2_20_npb_featured.csv, /home/gahacat/BI2021/2022-2023/VUMC/snakemake_outputs/feature_generated/npb_feature/16_3_5.4_0.05_10_npb_featured.csv, /home/gahacat/BI2021/2022-2023/VUMC/snakemake_outputs/feature_generated/npb_feature/16_3_5.4_0.05_20_npb_featured.csv, /home/gahacat/BI2021/2022-2023/VUMC/snakemake_outputs/feature_generated/npb_feature/16_3_5.4_0.2_10_npb_featured.csv, /home/gahacat/BI2021/2022-2023/VUMC/snakemake_outputs/feature_generated/npb_feature/16_3_5.4_0.2_20_npb_featured.csv, /home/gahacat/BI2021/2022-2023/VUMC/snakemake_outputs/feature_generated/pb_feature/8_1_3.8_0.05_4_pb_featured.csv, /home/gahacat/BI2021/2022-2023/VUMC/snakemake_outputs/feature_generated/pb_feature/8_1_3.8_0.05_5_pb_featured.csv, /home/gahacat/BI2021/2022-2023/VUMC/snakemake_outputs/feature_generated/pb_feature/8_1_3.8_0.2_4_pb_featured.csv, /home/gahacat/BI2021/2022-2023/VUMC/snakemake_outputs/feature_generated/pb_feature/8_1_3.8_0.2_5_pb_featured.csv, /home/gahacat/BI2021/2022-2023/VUMC/snakemake_outputs/feature_generated/pb_feature/8_1_4.6_0.05_4_pb_featured.csv, /home/gahacat/BI2021/2022-2023/VUMC/snakemake_outputs/feature_generated/pb_feature/8_1_4.6_0.05_5_pb_featured.csv, /home/gahacat/BI2021/2022-2023/VUMC/snakemake_outputs/feature_generated/pb_feature/8_1_4.6_0.2_4_pb_featured.csv, /home/gahacat/BI2021/2022-2023/VUMC/snakemake_outputs/feature_generated/pb_feature/8_1_4.6_0.2_5_pb_featured.csv, /home/gahacat/BI2021/2022-2023/VUMC/snakemake_outputs/feature_generated/pb_feature/8_1_5.4_0.05_4_pb_featured.csv, /home/gahacat/BI2021/2022-2023/VUMC/snakemake_outputs/feature_generated/pb_feature/8_1_5.4_0.05_5_pb_featured.csv, /home/gahacat/BI2021/2022-2023/VUMC/snakemake_outputs/feature_generated/pb_feature/8_1_5.4_0.2_4_pb_featured.csv, /home/gahacat/BI2021/2022-2023/VUMC/snakemake_outputs/feature_generated/pb_feature/8_1_5.4_0.2_5_pb_featured.csv, /home/gahacat/BI2021/2022-2023/VUMC/snakemake_outputs/feature_generated/pb_feature/8_2_3.8_0.05_4_pb_featured.csv, /home/gahacat/BI2021/2022-2023/VUMC/snakemake_outputs/feature_generated/pb_feature/8_2_3.8_0.05_5_pb_featured.csv, /home/gahacat/BI2021/2022-2023/VUMC/snakemake_outputs/feature_generated/pb_feature/8_2_3.8_0.2_4_pb_featured.csv, /home/gahacat/BI2021/2022-2023/VUMC/snakemake_outputs/feature_generated/pb_feature/8_2_3.8_0.2_5_pb_featured.csv, /home/gahacat/BI2021/2022-2023/VUMC/snakemake_outputs/feature_generated/pb_feature/8_2_4.6_0.05_4_pb_featured.csv, /home/gahacat/BI2021/2022-2023/VUMC/snakemake_outputs/feature_generated/pb_feature/8_2_4.6_0.05_5_pb_featured.csv, /home/gahacat/BI2021/2022-2023/VUMC/snakemake_outputs/feature_generated/pb_feature/8_2_4.6_0.2_4_pb_featured.csv, /home/gahacat/BI2021/2022-2023/VUMC/snakemake_outputs/feature_generated/pb_feature/8_2_4.6_0.2_5_pb_featured.csv, /home/gahacat/BI2021/2022-2023/VUMC/snakemake_outputs/feature_generated/pb_feature/8_2_5.4_0.05_4_pb_featured.csv, /home/gahacat/BI2021/2022-2023/VUMC/snakemake_outputs/feature_generated/pb_feature/8_2_5.4_0.05_5_pb_featured.csv, /home/gahacat/BI2021/2022-2023/VUMC/snakemake_outputs/feature_generated/pb_feature/8_2_5.4_0.2_4_pb_featured.csv, /home/gahacat/BI2021/2022-2023/VUMC/snakemake_outputs/feature_generated/pb_feature/8_2_5.4_0.2_5_pb_featured.csv, /home/gahacat/BI2021/2022-2023/VUMC/snakemake_outputs/feature_generated/pb_feature/8_3_3.8_0.05_4_pb_featured.csv, /home/gahacat/BI2021/2022-2023/VUMC/snakemake_outputs/feature_generated/pb_feature/8_3_3.8_0.05_5_pb_featured.csv, /home/gahacat/BI2021/2022-2023/VUMC/snakemake_outputs/feature_generated/pb_feature/8_3_3.8_0.2_4_pb_featured.csv, /home/gahacat/BI2021/2022-2023/VUMC/snakemake_outputs/feature_generated/pb_feature/8_3_3.8_0.2_5_pb_featured.csv, /home/gahacat/BI2021/2022-2023/VUMC/snakemake_outputs/feature_generated/pb_feature/8_3_4.6_0.05_4_pb_featured.csv, /home/gahacat/BI2021/2022-2023/VUMC/snakemake_outputs/feature_generated/pb_feature/8_3_4.6_0.05_5_pb_featured.csv, /home/gahacat/BI2021/2022-2023/VUMC/snakemake_outputs/feature_generated/pb_feature/8_3_4.6_0.2_4_pb_featured.csv, /home/gahacat/BI2021/2022-2023/VUMC/snakemake_outputs/feature_generated/pb_feature/8_3_4.6_0.2_5_pb_featured.csv, /home/gahacat/BI2021/2022-2023/VUMC/snakemake_outputs/feature_generated/pb_feature/8_3_5.4_0.05_4_pb_featured.csv, /home/gahacat/BI2021/2022-2023/VUMC/snakemake_outputs/feature_generated/pb_feature/8_3_5.4_0.05_5_pb_featured.csv, /home/gahacat/BI2021/2022-2023/VUMC/snakemake_outputs/feature_generated/pb_feature/8_3_5.4_0.2_4_pb_featured.csv, /home/gahacat/BI2021/2022-2023/VUMC/snakemake_outputs/feature_generated/pb_feature/8_3_5.4_0.2_5_pb_featured.csv, /home/gahacat/BI2021/2022-2023/VUMC/snakemake_outputs/feature_generated/pb_feature/16_1_3.8_0.05_4_pb_featured.csv, /home/gahacat/BI2021/2022-2023/VUMC/snakemake_outputs/feature_generated/pb_feature/16_1_3.8_0.05_5_pb_featured.csv, /home/gahacat/BI2021/2022-2023/VUMC/snakemake_outputs/feature_generated/pb_feature/16_1_3.8_0.2_4_pb_featured.csv, /home/gahacat/BI2021/2022-2023/VUMC/snakemake_outputs/feature_generated/pb_feature/16_1_3.8_0.2_5_pb_featured.csv, /home/gahacat/BI2021/2022-2023/VUMC/snakemake_outputs/feature_generated/pb_feature/16_1_4.6_0.05_4_pb_featured.csv, /home/gahacat/BI2021/2022-2023/VUMC/snakemake_outputs/feature_generated/pb_feature/16_1_4.6_0.05_5_pb_featured.csv, /home/gahacat/BI2021/2022-2023/VUMC/snakemake_outputs/feature_generated/pb_feature/16_1_4.6_0.2_4_pb_featured.csv, /home/gahacat/BI2021/2022-2023/VUMC/snakemake_outputs/feature_generated/pb_feature/16_1_4.6_0.2_5_pb_featured.csv, /home/gahacat/BI2021/2022-2023/VUMC/snakemake_outputs/feature_generated/pb_feature/16_1_5.4_0.05_4_pb_featured.csv, /home/gahacat/BI2021/2022-2023/VUMC/snakemake_outputs/feature_generated/pb_feature/16_1_5.4_0.05_5_pb_featured.csv, /home/gahacat/BI2021/2022-2023/VUMC/snakemake_outputs/feature_generated/pb_feature/16_1_5.4_0.2_4_pb_featured.csv, /home/gahacat/BI2021/2022-2023/VUMC/snakemake_outputs/feature_generated/pb_feature/16_1_5.4_0.2_5_pb_featured.csv, /home/gahacat/BI2021/2022-2023/VUMC/snakemake_outputs/feature_generated/pb_feature/16_2_3.8_0.05_4_pb_featured.csv, /home/gahacat/BI2021/2022-2023/VUMC/snakemake_outputs/feature_generated/pb_feature/16_2_3.8_0.05_5_pb_featured.csv, /home/gahacat/BI2021/2022-2023/VUMC/snakemake_outputs/feature_generated/pb_feature/16_2_3.8_0.2_4_pb_featured.csv, /home/gahacat/BI2021/2022-2023/VUMC/snakemake_outputs/feature_generated/pb_feature/16_2_3.8_0.2_5_pb_featured.csv, /home/gahacat/BI2021/2022-2023/VUMC/snakemake_outputs/feature_generated/pb_feature/16_2_4.6_0.05_4_pb_featured.csv, /home/gahacat/BI2021/2022-2023/VUMC/snakemake_outputs/feature_generated/pb_feature/16_2_4.6_0.05_5_pb_featured.csv, /home/gahacat/BI2021/2022-2023/VUMC/snakemake_outputs/feature_generated/pb_feature/16_2_4.6_0.2_4_pb_featured.csv, /home/gahacat/BI2021/2022-2023/VUMC/snakemake_outputs/feature_generated/pb_feature/16_2_4.6_0.2_5_pb_featured.csv, /home/gahacat/BI2021/2022-2023/VUMC/snakemake_outputs/feature_generated/pb_feature/16_2_5.4_0.05_4_pb_featured.csv, /home/gahacat/BI2021/2022-2023/VUMC/snakemake_outputs/feature_generated/pb_feature/16_2_5.4_0.05_5_pb_featured.csv, /home/gahacat/BI2021/2022-2023/VUMC/snakemake_outputs/feature_generated/pb_feature/16_2_5.4_0.2_4_pb_featured.csv, /home/gahacat/BI2021/2022-2023/VUMC/snakemake_outputs/feature_generated/pb_feature/16_2_5.4_0.2_5_pb_featured.csv, /home/gahacat/BI2021/2022-2023/VUMC/snakemake_outputs/feature_generated/pb_feature/16_3_3.8_0.05_4_pb_featured.csv, /home/gahacat/BI2021/2022-2023/VUMC/snakemake_outputs/feature_generated/pb_feature/16_3_3.8_0.05_5_pb_featured.csv, /home/gahacat/BI2021/2022-2023/VUMC/snakemake_outputs/feature_generated/pb_feature/16_3_3.8_0.2_4_pb_featured.csv, /home/gahacat/BI2021/2022-2023/VUMC/snakemake_outputs/feature_generated/pb_feature/16_3_3.8_0.2_5_pb_featured.csv, /home/gahacat/BI2021/2022-2023/VUMC/snakemake_outputs/feature_generated/pb_feature/16_3_4.6_0.05_4_pb_featured.csv, /home/gahacat/BI2021/2022-2023/VUMC/snakemake_outputs/feature_generated/pb_feature/16_3_4.6_0.05_5_pb_featured.csv, /home/gahacat/BI2021/2022-2023/VUMC/snakemake_outputs/feature_generated/pb_feature/16_3_4.6_0.2_4_pb_featured.csv, /home/gahacat/BI2021/2022-2023/VUMC/snakemake_outputs/feature_generated/pb_feature/16_3_4.6_0.2_5_pb_featured.csv, /home/gahacat/BI2021/2022-2023/VUMC/snakemake_outputs/feature_generated/pb_feature/16_3_5.4_0.05_4_pb_featured.csv, /home/gahacat/BI2021/2022-2023/VUMC/snakemake_outputs/feature_generated/pb_feature/16_3_5.4_0.05_5_pb_featured.csv, /home/gahacat/BI2021/2022-2023/VUMC/snakemake_outputs/feature_generated/pb_feature/16_3_5.4_0.2_4_pb_featured.csv, /home/gahacat/BI2021/2022-2023/VUMC/snakemake_outputs/feature_generated/pb_feature/16_3_5.4_0.2_5_pb_featured.csv, /home/gahacat/BI2021/2022-2023/VUMC/snakemake_outputs/feature_generated/dist_EMD_feature/8_1_3.8_0.05_EMD_featured.csv, /home/gahacat/BI2021/2022-2023/VUMC/snakemake_outputs/feature_generated/dist_KS_feature/8_1_3.8_0.05_KS_featured.csv, /home/gahacat/BI2021/2022-2023/VUMC/snakemake_outputs/feature_generated/dist_EMD_feature/8_1_3.8_0.2_EMD_featured.csv, /home/gahacat/BI2021/2022-2023/VUMC/snakemake_outputs/feature_generated/dist_KS_feature/8_1_3.8_0.2_KS_featured.csv, /home/gahacat/BI2021/2022-2023/VUMC/snakemake_outputs/feature_generated/dist_EMD_feature/8_1_4.6_0.05_EMD_featured.csv, /home/gahacat/BI2021/2022-2023/VUMC/snakemake_outputs/feature_generated/dist_KS_feature/8_1_4.6_0.05_KS_featured.csv, /home/gahacat/BI2021/2022-2023/VUMC/snakemake_outputs/feature_generated/dist_EMD_feature/8_1_4.6_0.2_EMD_featured.csv, /home/gahacat/BI2021/2022-2023/VUMC/snakemake_outputs/feature_generated/dist_KS_feature/8_1_4.6_0.2_KS_featured.csv, /home/gahacat/BI2021/2022-2023/VUMC/snakemake_outputs/feature_generated/dist_EMD_feature/8_1_5.4_0.05_EMD_featured.csv, /home/gahacat/BI2021/2022-2023/VUMC/snakemake_outputs/feature_generated/dist_KS_feature/8_1_5.4_0.05_KS_featured.csv, /home/gahacat/BI2021/2022-2023/VUMC/snakemake_outputs/feature_generated/dist_EMD_feature/8_1_5.4_0.2_EMD_featured.csv, /home/gahacat/BI2021/2022-2023/VUMC/snakemake_outputs/feature_generated/dist_KS_feature/8_1_5.4_0.2_KS_featured.csv, /home/gahacat/BI2021/2022-2023/VUMC/snakemake_outputs/feature_generated/dist_EMD_feature/8_2_3.8_0.05_EMD_featured.csv, /home/gahacat/BI2021/2022-2023/VUMC/snakemake_outputs/feature_generated/dist_KS_feature/8_2_3.8_0.05_KS_featured.csv, /home/gahacat/BI2021/2022-2023/VUMC/snakemake_outputs/feature_generated/dist_EMD_feature/8_2_3.8_0.2_EMD_featured.csv, /home/gahacat/BI2021/2022-2023/VUMC/snakemake_outputs/feature_generated/dist_KS_feature/8_2_3.8_0.2_KS_featured.csv, /home/gahacat/BI2021/2022-2023/VUMC/snakemake_outputs/feature_generated/dist_EMD_feature/8_2_4.6_0.05_EMD_featured.csv, /home/gahacat/BI2021/2022-2023/VUMC/snakemake_outputs/feature_generated/dist_KS_feature/8_2_4.6_0.05_KS_featured.csv, /home/gahacat/BI2021/2022-2023/VUMC/snakemake_outputs/feature_generated/dist_EMD_feature/8_2_4.6_0.2_EMD_featured.csv, /home/gahacat/BI2021/2022-2023/VUMC/snakemake_outputs/feature_generated/dist_KS_feature/8_2_4.6_0.2_KS_featured.csv, /home/gahacat/BI2021/2022-2023/VUMC/snakemake_outputs/feature_generated/dist_EMD_feature/8_2_5.4_0.05_EMD_featured.csv, /home/gahacat/BI2021/2022-2023/VUMC/snakemake_outputs/feature_generated/dist_KS_feature/8_2_5.4_0.05_KS_featured.csv, /home/gahacat/BI2021/2022-2023/VUMC/snakemake_outputs/feature_generated/dist_EMD_feature/8_2_5.4_0.2_EMD_featured.csv, /home/gahacat/BI2021/2022-2023/VUMC/snakemake_outputs/feature_generated/dist_KS_feature/8_2_5.4_0.2_KS_featured.csv, /home/gahacat/BI2021/2022-2023/VUMC/snakemake_outputs/feature_generated/dist_EMD_feature/8_3_3.8_0.05_EMD_featured.csv, /home/gahacat/BI2021/2022-2023/VUMC/snakemake_outputs/feature_generated/dist_KS_feature/8_3_3.8_0.05_KS_featured.csv, /home/gahacat/BI2021/2022-2023/VUMC/snakemake_outputs/feature_generated/dist_EMD_feature/8_3_3.8_0.2_EMD_featured.csv, /home/gahacat/BI2021/2022-2023/VUMC/snakemake_outputs/feature_generated/dist_KS_feature/8_3_3.8_0.2_KS_featured.csv, /home/gahacat/BI2021/2022-2023/VUMC/snakemake_outputs/feature_generated/dist_EMD_feature/8_3_4.6_0.05_EMD_featured.csv, /home/gahacat/BI2021/2022-2023/VUMC/snakemake_outputs/feature_generated/dist_KS_feature/8_3_4.6_0.05_KS_featured.csv, /home/gahacat/BI2021/2022-2023/VUMC/snakemake_outputs/feature_generated/dist_EMD_feature/8_3_4.6_0.2_EMD_featured.csv, /home/gahacat/BI2021/2022-2023/VUMC/snakemake_outputs/feature_generated/dist_KS_feature/8_3_4.6_0.2_KS_featured.csv, /home/gahacat/BI2021/2022-2023/VUMC/snakemake_outputs/feature_generated/dist_EMD_feature/8_3_5.4_0.05_EMD_featured.csv, /home/gahacat/BI2021/2022-2023/VUMC/snakemake_outputs/feature_generated/dist_KS_feature/8_3_5.4_0.05_KS_featured.csv, /home/gahacat/BI2021/2022-2023/VUMC/snakemake_outputs/feature_generated/dist_EMD_feature/8_3_5.4_0.2_EMD_featured.csv, /home/gahacat/BI2021/2022-2023/VUMC/snakemake_outputs/feature_generated/dist_KS_feature/8_3_5.4_0.2_KS_featured.csv, /home/gahacat/BI2021/2022-2023/VUMC/snakemake_outputs/feature_generated/dist_EMD_feature/16_1_3.8_0.05_EMD_featured.csv, /home/gahacat/BI2021/2022-2023/VUMC/snakemake_outputs/feature_generated/dist_KS_feature/16_1_3.8_0.05_KS_featured.csv, /home/gahacat/BI2021/2022-2023/VUMC/snakemake_outputs/feature_generated/dist_EMD_feature/16_1_3.8_0.2_EMD_featured.csv, /home/gahacat/BI2021/2022-2023/VUMC/snakemake_outputs/feature_generated/dist_KS_feature/16_1_3.8_0.2_KS_featured.csv, /home/gahacat/BI2021/2022-2023/VUMC/snakemake_outputs/feature_generated/dist_EMD_feature/16_1_4.6_0.05_EMD_featured.csv, /home/gahacat/BI2021/2022-2023/VUMC/snakemake_outputs/feature_generated/dist_KS_feature/16_1_4.6_0.05_KS_featured.csv, /home/gahacat/BI2021/2022-2023/VUMC/snakemake_outputs/feature_generated/dist_EMD_feature/16_1_4.6_0.2_EMD_featured.csv, /home/gahacat/BI2021/2022-2023/VUMC/snakemake_outputs/feature_generated/dist_KS_feature/16_1_4.6_0.2_KS_featured.csv, /home/gahacat/BI2021/2022-2023/VUMC/snakemake_outputs/feature_generated/dist_EMD_feature/16_1_5.4_0.05_EMD_featured.csv, /home/gahacat/BI2021/2022-2023/VUMC/snakemake_outputs/feature_generated/dist_KS_feature/16_1_5.4_0.05_KS_featured.csv, /home/gahacat/BI2021/2022-2023/VUMC/snakemake_outputs/feature_generated/dist_EMD_feature/16_1_5.4_0.2_EMD_featured.csv, /home/gahacat/BI2021/2022-2023/VUMC/snakemake_outputs/feature_generated/dist_KS_feature/16_1_5.4_0.2_KS_featured.csv, /home/gahacat/BI2021/2022-2023/VUMC/snakemake_outputs/feature_generated/dist_EMD_feature/16_2_3.8_0.05_EMD_featured.csv, /home/gahacat/BI2021/2022-2023/VUMC/snakemake_outputs/feature_generated/dist_KS_feature/16_2_3.8_0.05_KS_featured.csv, /home/gahacat/BI2021/2022-2023/VUMC/snakemake_outputs/feature_generated/dist_EMD_feature/16_2_3.8_0.2_EMD_featured.csv, /home/gahacat/BI2021/2022-2023/VUMC/snakemake_outputs/feature_generated/dist_KS_feature/16_2_3.8_0.2_KS_featured.csv, /home/gahacat/BI2021/2022-2023/VUMC/snakemake_outputs/feature_generated/dist_EMD_feature/16_2_4.6_0.05_EMD_featured.csv, /home/gahacat/BI2021/2022-2023/VUMC/snakemake_outputs/feature_generated/dist_KS_feature/16_2_4.6_0.05_KS_featured.csv, /home/gahacat/BI2021/2022-2023/VUMC/snakemake_outputs/feature_generated/dist_EMD_feature/16_2_4.6_0.2_EMD_featured.csv, /home/gahacat/BI2021/2022-2023/VUMC/snakemake_outputs/feature_generated/dist_KS_feature/16_2_4.6_0.2_KS_featured.csv, /home/gahacat/BI2021/2022-2023/VUMC/snakemake_outputs/feature_generated/dist_EMD_feature/16_2_5.4_0.05_EMD_featured.csv, /home/gahacat/BI2021/2022-2023/VUMC/snakemake_outputs/feature_generated/dist_KS_feature/16_2_5.4_0.05_KS_featured.csv, /home/gahacat/BI2021/2022-2023/VUMC/snakemake_outputs/feature_generated/dist_EMD_feature/16_2_5.4_0.2_EMD_featured.csv, /home/gahacat/BI2021/2022-2023/VUMC/snakemake_outputs/feature_generated/dist_KS_feature/16_2_5.4_0.2_KS_featured.csv, /home/gahacat/BI2021/2022-2023/VUMC/snakemake_outputs/feature_generated/dist_EMD_feature/16_3_3.8_0.05_EMD_featured.csv, /home/gahacat/BI2021/2022-2023/VUMC/snakemake_outputs/feature_generated/dist_KS_feature/16_3_3.8_0.05_KS_featured.csv, /home/gahacat/BI2021/2022-2023/VUMC/snakemake_outputs/feature_generated/dist_EMD_feature/16_3_3.8_0.2_EMD_featured.csv, /home/gahacat/BI2021/2022-2023/VUMC/snakemake_outputs/feature_generated/dist_KS_feature/16_3_3.8_0.2_KS_featured.csv, /home/gahacat/BI2021/2022-2023/VUMC/snakemake_outputs/feature_generated/dist_EMD_feature/16_3_4.6_0.05_EMD_featured.csv, /home/gahacat/BI2021/2022-2023/VUMC/snakemake_outputs/feature_generated/dist_KS_feature/16_3_4.6_0.05_KS_featured.csv, /home/gahacat/BI2021/2022-2023/VUMC/snakemake_outputs/feature_generated/dist_EMD_feature/16_3_4.6_0.2_EMD_featured.csv, /home/gahacat/BI2021/2022-2023/VUMC/snakemake_outputs/feature_generated/dist_KS_feature/16_3_4.6_0.2_KS_featured.csv, /home/gahacat/BI2021/2022-2023/VUMC/snakemake_outputs/feature_generated/dist_EMD_feature/16_3_5.4_0.05_EMD_featured.csv, /home/gahacat/BI2021/2022-2023/VUMC/snakemake_outputs/feature_generated/dist_KS_feature/16_3_5.4_0.05_KS_featured.csv, /home/gahacat/BI2021/2022-2023/VUMC/snakemake_outputs/feature_generated/dist_EMD_feature/16_3_5.4_0.2_EMD_featured.csv, /home/gahacat/BI2021/2022-2023/VUMC/snakemake_outputs/feature_generated/dist_KS_feature/16_3_5.4_0.2_KS_featured.csv, /home/gahacat/BI2021/2022-2023/VUMC/snakemake_outputs/simulated/summary/8_1_3.8_0.05_summary.png, /home/gahacat/BI2021/2022-2023/VUMC/snakemake_outputs/simulated/summary/8_1_3.8_0.2_summary.png, /home/gahacat/BI2021/2022-2023/VUMC/snakemake_outputs/simulated/summary/8_1_4.6_0.05_summary.png, /home/gahacat/BI2021/2022-2023/VUMC/snakemake_outputs/simulated/summary/8_1_4.6_0.2_summary.png, /home/gahacat/BI2021/2022-2023/VUMC/snakemake_outputs/simulated/summary/8_1_5.4_0.05_summary.png, /home/gahacat/BI2021/2022-2023/VUMC/snakemake_outputs/simulated/summary/8_1_5.4_0.2_summary.png, /home/gahacat/BI2021/2022-2023/VUMC/snakemake_outputs/simulated/summary/8_2_3.8_0.05_summary.png, /home/gahacat/BI2021/2022-2023/VUMC/snakemake_outputs/simulated/summary/8_2_3.8_0.2_summary.png, /home/gahacat/BI2021/2022-2023/VUMC/snakemake_outputs/simulated/summary/8_2_4.6_0.05_summary.png, /home/gahacat/BI2021/2022-2023/VUMC/snakemake_outputs/simulated/summary/8_2_4.6_0.2_summary.png, /home/gahacat/BI2021/2022-2023/VUMC/snakemake_outputs/simulated/summary/8_2_5.4_0.05_summary.png, /home/gahacat/BI2021/2022-2023/VUMC/snakemake_outputs/simulated/summary/8_2_5.4_0.2_summary.png, /home/gahacat/BI2021/2022-2023/VUMC/snakemake_outputs/simulated/summary/8_3_3.8_0.05_summary.png, /home/gahacat/BI2021/2022-2023/VUMC/snakemake_outputs/simulated/summary/8_3_3.8_0.2_summary.png, /home/gahacat/BI2021/2022-2023/VUMC/snakemake_outputs/simulated/summary/8_3_4.6_0.05_summary.png, /home/gahacat/BI2021/2022-2023/VUMC/snakemake_outputs/simulated/summary/8_3_4.6_0.2_summary.png, /home/gahacat/BI2021/2022-2023/VUMC/snakemake_outputs/simulated/summary/8_3_5.4_0.05_summary.png, /home/gahacat/BI2021/2022-2023/VUMC/snakemake_outputs/simulated/summary/8_3_5.4_0.2_summary.png, /home/gahacat/BI2021/2022-2023/VUMC/snakemake_outputs/simulated/summary/16_1_3.8_0.05_summary.png, /home/gahacat/BI2021/2022-2023/VUMC/snakemake_outputs/simulated/summary/16_1_3.8_0.2_summary.png, /home/gahacat/BI2021/2022-2023/VUMC/snakemake_outputs/simulated/summary/16_1_4.6_0.05_summary.png, /home/gahacat/BI2021/2022-2023/VUMC/snakemake_outputs/simulated/summary/16_1_4.6_0.2_summary.png, /home/gahacat/BI2021/2022-2023/VUMC/snakemake_outputs/simulated/summary/16_1_5.4_0.05_summary.png, /home/gahacat/BI2021/2022-2023/VUMC/snakemake_outputs/simulated/summary/16_1_5.4_0.2_summary.png, /home/gahacat/BI2021/2022-2023/VUMC/snakemake_outputs/simulated/summary/16_2_3.8_0.05_summary.png, /home/gahacat/BI2021/2022-2023/VUMC/snakemake_outputs/simulated/summary/16_2_3.8_0.2_summary.png, /home/gahacat/BI2021/2022-2023/VUMC/snakemake_outputs/simulated/summary/16_2_4.6_0.05_summary.png, /home/gahacat/BI2021/2022-2023/VUMC/snakemake_outputs/simulated/summary/16_2_4.6_0.2_summary.png, /home/gahacat/BI2021/2022-2023/VUMC/snakemake_outputs/simulated/summary/16_2_5.4_0.05_summary.png, /home/gahacat/BI2021/2022-2023/VUMC/snakemake_outputs/simulated/summary/16_2_5.4_0.2_summary.png, /home/gahacat/BI2021/2022-2023/VUMC/snakemake_outputs/simulated/summary/16_3_3.8_0.05_summary.png, /home/gahacat/BI2021/2022-2023/VUMC/snakemake_outputs/simulated/summary/16_3_3.8_0.2_summary.png, /home/gahacat/BI2021/2022-2023/VUMC/snakemake_outputs/simulated/summary/16_3_4.6_0.05_summary.png, /home/gahacat/BI2021/2022-2023/VUMC/snakemake_outputs/simulated/summary/16_3_4.6_0.2_summary.png, /home/gahacat/BI2021/2022-2023/VUMC/snakemake_outputs/simulated/summary/16_3_5.4_0.05_summary.png, /home/gahacat/BI2021/2022-2023/VUMC/snakemake_outputs/simulated/summary/16_3_5.4_0.2_summary.png
    jobid: 0
    reason: Input files updated by another job: /home/gahacat/BI2021/2022-2023/VUMC/snakemake_outputs/simulated/summary/8_1_5.4_0.2_summary.png, /home/gahacat/BI2021/2022-2023/VUMC/snakemake_outputs/simulated/summary/16_1_5.4_0.2_summary.png, /home/gahacat/BI2021/2022-2023/VUMC/snakemake_outputs/simulated/summary/8_1_4.6_0.05_summary.png, /home/gahacat/BI2021/2022-2023/VUMC/snakemake_outputs/simulated/summary/16_3_3.8_0.2_summary.png, /home/gahacat/BI2021/2022-2023/VUMC/snakemake_outputs/simulated/summary/8_2_5.4_0.2_summary.png, /home/gahacat/BI2021/2022-2023/VUMC/snakemake_outputs/simulated/summary/8_1_3.8_0.05_summary.png, /home/gahacat/BI2021/2022-2023/VUMC/snakemake_outputs/simulated/summary/16_2_3.8_0.05_summary.png, /home/gahacat/BI2021/2022-2023/VUMC/snakemake_outputs/simulated/summary/8_1_5.4_0.05_summary.png, /home/gahacat/BI2021/2022-2023/VUMC/snakemake_outputs/simulated/summary/16_3_5.4_0.05_summary.png, /home/gahacat/BI2021/2022-2023/VUMC/snakemake_outputs/simulated/summary/16_3_3.8_0.05_summary.png, /home/gahacat/BI2021/2022-2023/VUMC/snakemake_outputs/simulated/summary/8_3_3.8_0.2_summary.png, /home/gahacat/BI2021/2022-2023/VUMC/snakemake_outputs/simulated/summary/8_2_4.6_0.2_summary.png, /home/gahacat/BI2021/2022-2023/VUMC/snakemake_outputs/simulated/summary/16_2_5.4_0.2_summary.png, /home/gahacat/BI2021/2022-2023/VUMC/snakemake_outputs/simulated/summary/16_1_4.6_0.2_summary.png, /home/gahacat/BI2021/2022-2023/VUMC/snakemake_outputs/simulated/summary/16_3_4.6_0.05_summary.png, /home/gahacat/BI2021/2022-2023/VUMC/snakemake_outputs/simulated/summary/16_2_5.4_0.05_summary.png, /home/gahacat/BI2021/2022-2023/VUMC/snakemake_outputs/simulated/summary/8_3_3.8_0.05_summary.png, /home/gahacat/BI2021/2022-2023/VUMC/snakemake_outputs/simulated/summary/16_2_4.6_0.2_summary.png, /home/gahacat/BI2021/2022-2023/VUMC/snakemake_outputs/simulated/summary/8_2_4.6_0.05_summary.png, /home/gahacat/BI2021/2022-2023/VUMC/snakemake_outputs/simulated/summary/8_2_3.8_0.05_summary.png, /home/gahacat/BI2021/2022-2023/VUMC/snakemake_outputs/simulated/summary/16_1_4.6_0.05_summary.png, /home/gahacat/BI2021/2022-2023/VUMC/snakemake_outputs/simulated/summary/8_2_5.4_0.05_summary.png, /home/gahacat/BI2021/2022-2023/VUMC/snakemake_outputs/simulated/summary/16_1_3.8_0.2_summary.png, /home/gahacat/BI2021/2022-2023/VUMC/snakemake_outputs/simulated/summary/8_1_4.6_0.2_summary.png, /home/gahacat/BI2021/2022-2023/VUMC/snakemake_outputs/simulated/summary/16_3_4.6_0.2_summary.png, /home/gahacat/BI2021/2022-2023/VUMC/snakemake_outputs/simulated/summary/8_3_4.6_0.05_summary.png, /home/gahacat/BI2021/2022-2023/VUMC/snakemake_outputs/simulated/summary/8_1_3.8_0.2_summary.png, /home/gahacat/BI2021/2022-2023/VUMC/snakemake_outputs/simulated/summary/16_2_3.8_0.2_summary.png, /home/gahacat/BI2021/2022-2023/VUMC/snakemake_outputs/simulated/summary/16_3_5.4_0.2_summary.png, /home/gahacat/BI2021/2022-2023/VUMC/snakemake_outputs/simulated/summary/8_3_5.4_0.2_summary.png, /home/gahacat/BI2021/2022-2023/VUMC/snakemake_outputs/simulated/summary/16_1_3.8_0.05_summary.png, /home/gahacat/BI2021/2022-2023/VUMC/snakemake_outputs/simulated/summary/8_3_5.4_0.05_summary.png, /home/gahacat/BI2021/2022-2023/VUMC/snakemake_outputs/simulated/summary/16_2_4.6_0.05_summary.png, /home/gahacat/BI2021/2022-2023/VUMC/snakemake_outputs/simulated/summary/16_1_5.4_0.05_summary.png, /home/gahacat/BI2021/2022-2023/VUMC/snakemake_outputs/simulated/summary/8_3_4.6_0.2_summary.png
    resources: tmpdir=/tmp

[Tue May 30 21:18:55 2023]
Finished job 0.
36 of 36 steps (100%) done
Complete log: .snakemake/log/2023-05-30T211808.313658.snakemake.log
