Building DAG of jobs...
Using shell: /usr/bin/bash
Provided cores: 10
Rules claiming more threads will be scaled down.
Job stats:
job                        count    min threads    max threads
-----------------------  -------  -------------  -------------
all                            1              1              1
simulation_visualizaion        1              1              1
total                          2              1              1

Select jobs to execute...

[Wed Apr 19 12:36:38 2023]
rule simulation_visualizaion:
    input: /home/gahacat/Documents/GitHub/outlier-detection/snakemake/outputs/simulated/8_2_10_0.1.csv
    output: /home/gahacat/Documents/GitHub/outlier-detection/snakemake/outputs/simulated/plots/8_2_10_0.1.png
    jobid: 1
    reason: Missing output files: /home/gahacat/Documents/GitHub/outlier-detection/snakemake/outputs/simulated/plots/8_2_10_0.1.png
    wildcards: n_marker=8, n_tweaks=2, outlier_center_dist=10, outlier_ratio=0.1
    resources: tmpdir=/tmp

[Wed Apr 19 12:37:02 2023]
Finished job 1.
1 of 2 steps (50%) done
Select jobs to execute...

[Wed Apr 19 12:37:02 2023]
localrule all:
    input: /home/gahacat/Documents/GitHub/outlier-detection/snakemake/outputs/simulated/plots/8_2_10_0.1.png, /home/gahacat/Documents/GitHub/outlier-detection/snakemake/outputs/feature_generated/stat_feature/8_2_10_0.1_stat_featured.csv, /home/gahacat/Documents/GitHub/outlier-detection/snakemake/outputs/feature_generated/npb_feature/8_2_10_0.1_10_npb_featured.csv, /home/gahacat/Documents/GitHub/outlier-detection/snakemake/outputs/feature_generated/npb_feature/8_2_10_0.1_20_npb_featured.csv, /home/gahacat/Documents/GitHub/outlier-detection/snakemake/outputs/feature_generated/pb_feature/8_2_10_0.1_4_pb_featured.csv, /home/gahacat/Documents/GitHub/outlier-detection/snakemake/outputs/feature_generated/pb_feature/8_2_10_0.1_5_pb_featured.csv, /home/gahacat/Documents/GitHub/outlier-detection/snakemake/outputs/feature_generated/dist_feature/8_2_10_0.1_EMD_dist_featured.csv, /home/gahacat/Documents/GitHub/outlier-detection/snakemake/outputs/feature_generated/dist_feature/8_2_10_0.1_KS_dist_featured.csv
    jobid: 0
    reason: Input files updated by another job: /home/gahacat/Documents/GitHub/outlier-detection/snakemake/outputs/simulated/plots/8_2_10_0.1.png
    resources: tmpdir=/tmp

[Wed Apr 19 12:37:02 2023]
Finished job 0.
2 of 2 steps (100%) done
Complete log: .snakemake/log/2023-04-19T123638.138452.snakemake.log
