Building DAG of jobs...
Using shell: /usr/bin/bash
Provided cores: 25
Rules claiming more threads will be scaled down.
Job stats:
job             count    min threads    max threads
------------  -------  -------------  -------------
all                 1              1              1
dist_feature        1              1              1
npb_feature         7              1              1
pb_feature         11              1              1
total              20              1              1

Select jobs to execute...

[Fri Apr 28 23:37:22 2023]
rule pb_feature:
    input: /home/gahacat/Documents/GitHub/outlier-detection/snakemake/outputs/simulated/8_2_5.0_0.0.csv
    output: /home/gahacat/Documents/GitHub/outlier-detection/snakemake/outputs/feature_generated/pb_feature/8_2_5.0_0.0_4_pb_featured.csv
    jobid: 191
    reason: Missing output files: /home/gahacat/Documents/GitHub/outlier-detection/snakemake/outputs/feature_generated/pb_feature/8_2_5.0_0.0_4_pb_featured.csv
    wildcards: n_marker=8, n_tweaks=2, outlier_center_dist=5.0, outlier_ratio=0.0, n_recursion=4
    resources: tmpdir=/tmp


[Fri Apr 28 23:37:22 2023]
rule pb_feature:
    input: /home/gahacat/Documents/GitHub/outlier-detection/snakemake/outputs/simulated/8_2_5.4_0.1.csv
    output: /home/gahacat/Documents/GitHub/outlier-detection/snakemake/outputs/feature_generated/pb_feature/8_2_5.4_0.1_4_pb_featured.csv
    jobid: 205
    reason: Missing output files: /home/gahacat/Documents/GitHub/outlier-detection/snakemake/outputs/feature_generated/pb_feature/8_2_5.4_0.1_4_pb_featured.csv
    wildcards: n_marker=8, n_tweaks=2, outlier_center_dist=5.4, outlier_ratio=0.1, n_recursion=4
    resources: tmpdir=/tmp


[Fri Apr 28 23:37:22 2023]
rule pb_feature:
    input: /home/gahacat/Documents/GitHub/outlier-detection/snakemake/outputs/simulated/8_2_4.6_0.1.csv
    output: /home/gahacat/Documents/GitHub/outlier-detection/snakemake/outputs/feature_generated/pb_feature/8_2_4.6_0.1_4_pb_featured.csv
    jobid: 185
    reason: Missing output files: /home/gahacat/Documents/GitHub/outlier-detection/snakemake/outputs/feature_generated/pb_feature/8_2_4.6_0.1_4_pb_featured.csv
    wildcards: n_marker=8, n_tweaks=2, outlier_center_dist=4.6, outlier_ratio=0.1, n_recursion=4
    resources: tmpdir=/tmp


[Fri Apr 28 23:37:22 2023]
rule pb_feature:
    input: /home/gahacat/Documents/GitHub/outlier-detection/snakemake/outputs/simulated/8_2_5.0_0.0.csv
    output: /home/gahacat/Documents/GitHub/outlier-detection/snakemake/outputs/feature_generated/pb_feature/8_2_5.0_0.0_5_pb_featured.csv
    jobid: 192
    reason: Missing output files: /home/gahacat/Documents/GitHub/outlier-detection/snakemake/outputs/feature_generated/pb_feature/8_2_5.0_0.0_5_pb_featured.csv
    wildcards: n_marker=8, n_tweaks=2, outlier_center_dist=5.0, outlier_ratio=0.0, n_recursion=5
    resources: tmpdir=/tmp


[Fri Apr 28 23:37:22 2023]
rule pb_feature:
    input: /home/gahacat/Documents/GitHub/outlier-detection/snakemake/outputs/simulated/8_2_5.4_0.1.csv
    output: /home/gahacat/Documents/GitHub/outlier-detection/snakemake/outputs/feature_generated/pb_feature/8_2_5.4_0.1_5_pb_featured.csv
    jobid: 206
    reason: Missing output files: /home/gahacat/Documents/GitHub/outlier-detection/snakemake/outputs/feature_generated/pb_feature/8_2_5.4_0.1_5_pb_featured.csv
    wildcards: n_marker=8, n_tweaks=2, outlier_center_dist=5.4, outlier_ratio=0.1, n_recursion=5
    resources: tmpdir=/tmp


[Fri Apr 28 23:37:22 2023]
rule npb_feature:
    input: /home/gahacat/Documents/GitHub/outlier-detection/snakemake/outputs/simulated/8_2_4.6_0.05.csv
    output: /home/gahacat/Documents/GitHub/outlier-detection/snakemake/outputs/feature_generated/npb_feature/8_2_4.6_0.05_10_npb_featured.csv
    jobid: 123
    reason: Missing output files: /home/gahacat/Documents/GitHub/outlier-detection/snakemake/outputs/feature_generated/npb_feature/8_2_4.6_0.05_10_npb_featured.csv
    wildcards: n_marker=8, n_tweaks=2, outlier_center_dist=4.6, outlier_ratio=0.05, n_bins=10
    resources: tmpdir=/tmp


[Fri Apr 28 23:37:22 2023]
rule npb_feature:
    input: /home/gahacat/Documents/GitHub/outlier-detection/snakemake/outputs/simulated/8_2_5.0_0.15.csv
    output: /home/gahacat/Documents/GitHub/outlier-detection/snakemake/outputs/feature_generated/npb_feature/8_2_5.0_0.15_10_npb_featured.csv
    jobid: 137
    reason: Missing output files: /home/gahacat/Documents/GitHub/outlier-detection/snakemake/outputs/feature_generated/npb_feature/8_2_5.0_0.15_10_npb_featured.csv
    wildcards: n_marker=8, n_tweaks=2, outlier_center_dist=5.0, outlier_ratio=0.15, n_bins=10
    resources: tmpdir=/tmp


[Fri Apr 28 23:37:22 2023]
rule pb_feature:
    input: /home/gahacat/Documents/GitHub/outlier-detection/snakemake/outputs/simulated/8_2_3.8_0.05.csv
    output: /home/gahacat/Documents/GitHub/outlier-detection/snakemake/outputs/feature_generated/pb_feature/8_2_3.8_0.05_5_pb_featured.csv
    jobid: 164
    reason: Missing output files: /home/gahacat/Documents/GitHub/outlier-detection/snakemake/outputs/feature_generated/pb_feature/8_2_3.8_0.05_5_pb_featured.csv
    wildcards: n_marker=8, n_tweaks=2, outlier_center_dist=3.8, outlier_ratio=0.05, n_recursion=5
    resources: tmpdir=/tmp


[Fri Apr 28 23:37:22 2023]
rule pb_feature:
    input: /home/gahacat/Documents/GitHub/outlier-detection/snakemake/outputs/simulated/8_2_4.2_0.15.csv
    output: /home/gahacat/Documents/GitHub/outlier-detection/snakemake/outputs/feature_generated/pb_feature/8_2_4.2_0.15_5_pb_featured.csv
    jobid: 178
    reason: Missing output files: /home/gahacat/Documents/GitHub/outlier-detection/snakemake/outputs/feature_generated/pb_feature/8_2_4.2_0.15_5_pb_featured.csv
    wildcards: n_marker=8, n_tweaks=2, outlier_center_dist=4.2, outlier_ratio=0.15, n_recursion=5
    resources: tmpdir=/tmp


[Fri Apr 28 23:37:22 2023]
rule dist_feature:
    input: /home/gahacat/Documents/GitHub/outlier-detection/snakemake/outputs/simulated/8_2_3.4_0.05.csv
    output: /home/gahacat/Documents/GitHub/outlier-detection/snakemake/outputs/feature_generated/dist_feature/8_2_3.4_0.05_EMD_dist_featured.csv
    jobid: 213
    reason: Missing output files: /home/gahacat/Documents/GitHub/outlier-detection/snakemake/outputs/feature_generated/dist_feature/8_2_3.4_0.05_EMD_dist_featured.csv
    wildcards: n_marker=8, n_tweaks=2, outlier_center_dist=3.4, outlier_ratio=0.05, dist_metric=EMD
    resources: tmpdir=/tmp


[Fri Apr 28 23:37:22 2023]
rule npb_feature:
    input: /home/gahacat/Documents/GitHub/outlier-detection/snakemake/outputs/simulated/8_2_3.8_0.05.csv
    output: /home/gahacat/Documents/GitHub/outlier-detection/snakemake/outputs/feature_generated/npb_feature/8_2_3.8_0.05_10_npb_featured.csv
    jobid: 103
    reason: Missing output files: /home/gahacat/Documents/GitHub/outlier-detection/snakemake/outputs/feature_generated/npb_feature/8_2_3.8_0.05_10_npb_featured.csv
    wildcards: n_marker=8, n_tweaks=2, outlier_center_dist=3.8, outlier_ratio=0.05, n_bins=10
    resources: tmpdir=/tmp


[Fri Apr 28 23:37:22 2023]
rule npb_feature:
    input: /home/gahacat/Documents/GitHub/outlier-detection/snakemake/outputs/simulated/8_2_5.4_0.1.csv
    output: /home/gahacat/Documents/GitHub/outlier-detection/snakemake/outputs/feature_generated/npb_feature/8_2_5.4_0.1_10_npb_featured.csv
    jobid: 145
    reason: Missing output files: /home/gahacat/Documents/GitHub/outlier-detection/snakemake/outputs/feature_generated/npb_feature/8_2_5.4_0.1_10_npb_featured.csv
    wildcards: n_marker=8, n_tweaks=2, outlier_center_dist=5.4, outlier_ratio=0.1, n_bins=10
    resources: tmpdir=/tmp


[Fri Apr 28 23:37:22 2023]
rule npb_feature:
    input: /home/gahacat/Documents/GitHub/outlier-detection/snakemake/outputs/simulated/8_2_4.6_0.05.csv
    output: /home/gahacat/Documents/GitHub/outlier-detection/snakemake/outputs/feature_generated/npb_feature/8_2_4.6_0.05_20_npb_featured.csv
    jobid: 124
    reason: Missing output files: /home/gahacat/Documents/GitHub/outlier-detection/snakemake/outputs/feature_generated/npb_feature/8_2_4.6_0.05_20_npb_featured.csv
    wildcards: n_marker=8, n_tweaks=2, outlier_center_dist=4.6, outlier_ratio=0.05, n_bins=20
    resources: tmpdir=/tmp


[Fri Apr 28 23:37:22 2023]
rule pb_feature:
    input: /home/gahacat/Documents/GitHub/outlier-detection/snakemake/outputs/simulated/8_2_3.4_0.0.csv
    output: /home/gahacat/Documents/GitHub/outlier-detection/snakemake/outputs/feature_generated/pb_feature/8_2_3.4_0.0_5_pb_featured.csv
    jobid: 152
    reason: Missing output files: /home/gahacat/Documents/GitHub/outlier-detection/snakemake/outputs/feature_generated/pb_feature/8_2_3.4_0.0_5_pb_featured.csv
    wildcards: n_marker=8, n_tweaks=2, outlier_center_dist=3.4, outlier_ratio=0.0, n_recursion=5
    resources: tmpdir=/tmp


[Fri Apr 28 23:37:22 2023]
rule npb_feature:
    input: /home/gahacat/Documents/GitHub/outlier-detection/snakemake/outputs/simulated/8_2_4.6_0.1.csv
    output: /home/gahacat/Documents/GitHub/outlier-detection/snakemake/outputs/feature_generated/npb_feature/8_2_4.6_0.1_10_npb_featured.csv
    jobid: 125
    reason: Missing output files: /home/gahacat/Documents/GitHub/outlier-detection/snakemake/outputs/feature_generated/npb_feature/8_2_4.6_0.1_10_npb_featured.csv
    wildcards: n_marker=8, n_tweaks=2, outlier_center_dist=4.6, outlier_ratio=0.1, n_bins=10
    resources: tmpdir=/tmp


[Fri Apr 28 23:37:22 2023]
rule pb_feature:
    input: /home/gahacat/Documents/GitHub/outlier-detection/snakemake/outputs/simulated/8_2_3.8_0.1.csv
    output: /home/gahacat/Documents/GitHub/outlier-detection/snakemake/outputs/feature_generated/pb_feature/8_2_3.8_0.1_5_pb_featured.csv
    jobid: 166
    reason: Missing output files: /home/gahacat/Documents/GitHub/outlier-detection/snakemake/outputs/feature_generated/pb_feature/8_2_3.8_0.1_5_pb_featured.csv
    wildcards: n_marker=8, n_tweaks=2, outlier_center_dist=3.8, outlier_ratio=0.1, n_recursion=5
    resources: tmpdir=/tmp


[Fri Apr 28 23:37:22 2023]
rule pb_feature:
    input: /home/gahacat/Documents/GitHub/outlier-detection/snakemake/outputs/simulated/8_2_3.4_0.05.csv
    output: /home/gahacat/Documents/GitHub/outlier-detection/snakemake/outputs/feature_generated/pb_feature/8_2_3.4_0.05_5_pb_featured.csv
    jobid: 154
    reason: Missing output files: /home/gahacat/Documents/GitHub/outlier-detection/snakemake/outputs/feature_generated/pb_feature/8_2_3.4_0.05_5_pb_featured.csv
    wildcards: n_marker=8, n_tweaks=2, outlier_center_dist=3.4, outlier_ratio=0.05, n_recursion=5
    resources: tmpdir=/tmp


[Fri Apr 28 23:37:22 2023]
rule pb_feature:
    input: /home/gahacat/Documents/GitHub/outlier-detection/snakemake/outputs/simulated/8_2_4.6_0.05.csv
    output: /home/gahacat/Documents/GitHub/outlier-detection/snakemake/outputs/feature_generated/pb_feature/8_2_4.6_0.05_4_pb_featured.csv
    jobid: 183
    reason: Missing output files: /home/gahacat/Documents/GitHub/outlier-detection/snakemake/outputs/feature_generated/pb_feature/8_2_4.6_0.05_4_pb_featured.csv
    wildcards: n_marker=8, n_tweaks=2, outlier_center_dist=4.6, outlier_ratio=0.05, n_recursion=4
    resources: tmpdir=/tmp


[Fri Apr 28 23:37:22 2023]
rule npb_feature:
    input: /home/gahacat/Documents/GitHub/outlier-detection/snakemake/outputs/simulated/8_2_4.6_0.2.csv
    output: /home/gahacat/Documents/GitHub/outlier-detection/snakemake/outputs/feature_generated/npb_feature/8_2_4.6_0.2_10_npb_featured.csv
    jobid: 129
    reason: Missing output files: /home/gahacat/Documents/GitHub/outlier-detection/snakemake/outputs/feature_generated/npb_feature/8_2_4.6_0.2_10_npb_featured.csv
    wildcards: n_marker=8, n_tweaks=2, outlier_center_dist=4.6, outlier_ratio=0.2, n_bins=10
    resources: tmpdir=/tmp

[Fri Apr 28 23:39:19 2023]
Error in rule pb_feature:
    jobid: 166
    output: /home/gahacat/Documents/GitHub/outlier-detection/snakemake/outputs/feature_generated/pb_feature/8_2_3.8_0.1_5_pb_featured.csv
    shell:
        Rscript scripts/flowFP_pb.R -i /home/gahacat/Documents/GitHub/outlier-detection/snakemake/outputs/simulated/8_2_3.8_0.1.csv -n 5 -o /home/gahacat/Documents/GitHub/outlier-detection/snakemake/outputs/feature_generated/pb_feature/8_2_3.8_0.1_5_pb_featured.csv 
        (one of the commands exited with non-zero exit code; note that snakemake uses bash strict mode!)

[Fri Apr 28 23:39:32 2023]
Error in rule pb_feature:
    jobid: 164
    output: /home/gahacat/Documents/GitHub/outlier-detection/snakemake/outputs/feature_generated/pb_feature/8_2_3.8_0.05_5_pb_featured.csv
    shell:
        Rscript scripts/flowFP_pb.R -i /home/gahacat/Documents/GitHub/outlier-detection/snakemake/outputs/simulated/8_2_3.8_0.05.csv -n 5 -o /home/gahacat/Documents/GitHub/outlier-detection/snakemake/outputs/feature_generated/pb_feature/8_2_3.8_0.05_5_pb_featured.csv 
        (one of the commands exited with non-zero exit code; note that snakemake uses bash strict mode!)

[Fri Apr 28 23:39:40 2023]
Error in rule pb_feature:
    jobid: 185
    output: /home/gahacat/Documents/GitHub/outlier-detection/snakemake/outputs/feature_generated/pb_feature/8_2_4.6_0.1_4_pb_featured.csv
    shell:
        Rscript scripts/flowFP_pb.R -i /home/gahacat/Documents/GitHub/outlier-detection/snakemake/outputs/simulated/8_2_4.6_0.1.csv -n 4 -o /home/gahacat/Documents/GitHub/outlier-detection/snakemake/outputs/feature_generated/pb_feature/8_2_4.6_0.1_4_pb_featured.csv 
        (one of the commands exited with non-zero exit code; note that snakemake uses bash strict mode!)

[Fri Apr 28 23:40:11 2023]
Error in rule pb_feature:
    jobid: 178
    output: /home/gahacat/Documents/GitHub/outlier-detection/snakemake/outputs/feature_generated/pb_feature/8_2_4.2_0.15_5_pb_featured.csv
    shell:
        Rscript scripts/flowFP_pb.R -i /home/gahacat/Documents/GitHub/outlier-detection/snakemake/outputs/simulated/8_2_4.2_0.15.csv -n 5 -o /home/gahacat/Documents/GitHub/outlier-detection/snakemake/outputs/feature_generated/pb_feature/8_2_4.2_0.15_5_pb_featured.csv 
        (one of the commands exited with non-zero exit code; note that snakemake uses bash strict mode!)

[Fri Apr 28 23:40:44 2023]
Error in rule pb_feature:
    jobid: 205
    output: /home/gahacat/Documents/GitHub/outlier-detection/snakemake/outputs/feature_generated/pb_feature/8_2_5.4_0.1_4_pb_featured.csv
    shell:
        Rscript scripts/flowFP_pb.R -i /home/gahacat/Documents/GitHub/outlier-detection/snakemake/outputs/simulated/8_2_5.4_0.1.csv -n 4 -o /home/gahacat/Documents/GitHub/outlier-detection/snakemake/outputs/feature_generated/pb_feature/8_2_5.4_0.1_4_pb_featured.csv 
        (one of the commands exited with non-zero exit code; note that snakemake uses bash strict mode!)

[Fri Apr 28 23:41:14 2023]
Error in rule pb_feature:
    jobid: 154
    output: /home/gahacat/Documents/GitHub/outlier-detection/snakemake/outputs/feature_generated/pb_feature/8_2_3.4_0.05_5_pb_featured.csv
    shell:
        Rscript scripts/flowFP_pb.R -i /home/gahacat/Documents/GitHub/outlier-detection/snakemake/outputs/simulated/8_2_3.4_0.05.csv -n 5 -o /home/gahacat/Documents/GitHub/outlier-detection/snakemake/outputs/feature_generated/pb_feature/8_2_3.4_0.05_5_pb_featured.csv 
        (one of the commands exited with non-zero exit code; note that snakemake uses bash strict mode!)

[Fri Apr 28 23:43:40 2023]
Finished job 103.
1 of 20 steps (5%) done
[Fri Apr 28 23:43:44 2023]
Finished job 129.
2 of 20 steps (10%) done
[Fri Apr 28 23:43:49 2023]
Finished job 137.
3 of 20 steps (15%) done
[Fri Apr 28 23:43:50 2023]
Finished job 125.
4 of 20 steps (20%) done
[Fri Apr 28 23:43:51 2023]
Finished job 145.
5 of 20 steps (25%) done
[Fri Apr 28 23:43:51 2023]
Finished job 123.
6 of 20 steps (30%) done
[Fri Apr 28 23:43:54 2023]
Finished job 124.
7 of 20 steps (35%) done
[Fri Apr 28 23:44:03 2023]
Finished job 192.
8 of 20 steps (40%) done
[Fri Apr 28 23:44:03 2023]
Finished job 191.
9 of 20 steps (45%) done
[Fri Apr 28 23:44:04 2023]
Finished job 206.
10 of 20 steps (50%) done
[Fri Apr 28 23:44:05 2023]
Finished job 183.
11 of 20 steps (55%) done
[Fri Apr 28 23:44:05 2023]
Finished job 152.
12 of 20 steps (60%) done
[Fri Apr 28 23:53:54 2023]
Finished job 213.
13 of 20 steps (65%) done
Shutting down, this might take some time.
Exiting because a job execution failed. Look above for error message
Complete log: .snakemake/log/2023-04-28T233721.453935.snakemake.log
