Building DAG of jobs...
Using shell: /usr/bin/bash
Provided cores: 10
Rules claiming more threads will be scaled down.
Job stats:
job                        count    min threads    max threads
-----------------------  -------  -------------  -------------
all                            1              1              1
simulation_visualizaion        1              1              1
stat_feature                   1              1              1
total                          3              1              1

Select jobs to execute...

[Thu Apr 13 13:20:08 2023]
rule simulation_visualizaion:
    input: /home/gahacat/Documents/GitHub/outlier-detection/snakemake/outputs/simulated/8_2_10_0.1.csv
    output: /home/gahacat/Documents/GitHub/outlier-detection/snakemake/outputs/simulated/plots/8_2_10_0.1.png
    jobid: 1
    reason: Missing output files: /home/gahacat/Documents/GitHub/outlier-detection/snakemake/outputs/simulated/plots/8_2_10_0.1.png
    wildcards: n_marker=8, n_tweaks=2, outlier_center_dist=10, outlier_ratio=0.1
    resources: tmpdir=/tmp


[Thu Apr 13 13:20:08 2023]
rule stat_feature:
    input: /home/gahacat/Documents/GitHub/outlier-detection/snakemake/outputs/simulated/8_2_10_0.1.csv
    output: /home/gahacat/Documents/GitHub/outlier-detection/snakemake/outputs/feature_generated/stat_feature/8_2_10_0.1_stat_featured.csv
    jobid: 3
    reason: Missing output files: /home/gahacat/Documents/GitHub/outlier-detection/snakemake/outputs/feature_generated/stat_feature/8_2_10_0.1_stat_featured.csv
    wildcards: n_marker=8, n_tweaks=2, outlier_center_dist=10, outlier_ratio=0.1
    resources: tmpdir=/tmp

[Thu Apr 13 13:20:10 2023]
Finished job 3.
1 of 3 steps (33%) done
[Thu Apr 13 13:20:26 2023]
Finished job 1.
2 of 3 steps (67%) done
Select jobs to execute...

[Thu Apr 13 13:20:26 2023]
localrule all:
    input: /home/gahacat/Documents/GitHub/outlier-detection/snakemake/outputs/simulated/plots/8_2_10_0.1.png, /home/gahacat/Documents/GitHub/outlier-detection/snakemake/outputs/feature_generated/stat_feature/8_2_10_0.1_stat_featured.csv
    jobid: 0
    reason: Input files updated by another job: /home/gahacat/Documents/GitHub/outlier-detection/snakemake/outputs/simulated/plots/8_2_10_0.1.png, /home/gahacat/Documents/GitHub/outlier-detection/snakemake/outputs/feature_generated/stat_feature/8_2_10_0.1_stat_featured.csv
    resources: tmpdir=/tmp

[Thu Apr 13 13:20:26 2023]
Finished job 0.
3 of 3 steps (100%) done
Complete log: .snakemake/log/2023-04-13T132008.192541.snakemake.log
