Building DAG of jobs...
Using shell: /usr/bin/bash
Provided cores: 10
Rules claiming more threads will be scaled down.
Job stats:
job                        count    min threads    max threads
-----------------------  -------  -------------  -------------
all                            1              1              1
dist_feature                   2              1              1
npb_feature                    2              1              1
pb_feature                     2              1              1
simulation_visualizaion        1              1              1
total                          8              1              1

Select jobs to execute...

[Thu Apr 13 13:21:56 2023]
rule dist_feature:
    input: /home/gahacat/Documents/GitHub/outlier-detection/snakemake/outputs/simulated/8_2_10_0.05.csv
    output: /home/gahacat/Documents/GitHub/outlier-detection/snakemake/outputs/feature_generated/dist_feature/8_2_10_0.05_EMD_dist_featured.csv
    jobid: 8
    reason: Missing output files: /home/gahacat/Documents/GitHub/outlier-detection/snakemake/outputs/feature_generated/dist_feature/8_2_10_0.05_EMD_dist_featured.csv
    wildcards: n_marker=8, n_tweaks=2, outlier_center_dist=10, outlier_ratio=0.05, dist_metric=EMD
    resources: tmpdir=/tmp


[Thu Apr 13 13:21:56 2023]
rule npb_feature:
    input: /home/gahacat/Documents/GitHub/outlier-detection/snakemake/outputs/simulated/8_2_10_0.05.csv
    output: /home/gahacat/Documents/GitHub/outlier-detection/snakemake/outputs/feature_generated/npb_feature/8_2_10_0.05_10_npb_featured.csv
    jobid: 4
    reason: Missing output files: /home/gahacat/Documents/GitHub/outlier-detection/snakemake/outputs/feature_generated/npb_feature/8_2_10_0.05_10_npb_featured.csv
    wildcards: n_marker=8, n_tweaks=2, outlier_center_dist=10, outlier_ratio=0.05, n_bins=10
    resources: tmpdir=/tmp


[Thu Apr 13 13:21:56 2023]
rule pb_feature:
    input: /home/gahacat/Documents/GitHub/outlier-detection/snakemake/outputs/simulated/8_2_10_0.05.csv
    output: /home/gahacat/Documents/GitHub/outlier-detection/snakemake/outputs/feature_generated/pb_feature/8_2_10_0.05_5_pb_featured.csv
    jobid: 7
    reason: Missing output files: /home/gahacat/Documents/GitHub/outlier-detection/snakemake/outputs/feature_generated/pb_feature/8_2_10_0.05_5_pb_featured.csv
    wildcards: n_marker=8, n_tweaks=2, outlier_center_dist=10, outlier_ratio=0.05, n_recursion=5
    resources: tmpdir=/tmp


[Thu Apr 13 13:21:56 2023]
rule dist_feature:
    input: /home/gahacat/Documents/GitHub/outlier-detection/snakemake/outputs/simulated/8_2_10_0.05.csv
    output: /home/gahacat/Documents/GitHub/outlier-detection/snakemake/outputs/feature_generated/dist_feature/8_2_10_0.05_KS_dist_featured.csv
    jobid: 9
    reason: Missing output files: /home/gahacat/Documents/GitHub/outlier-detection/snakemake/outputs/feature_generated/dist_feature/8_2_10_0.05_KS_dist_featured.csv
    wildcards: n_marker=8, n_tweaks=2, outlier_center_dist=10, outlier_ratio=0.05, dist_metric=KS
    resources: tmpdir=/tmp


[Thu Apr 13 13:21:56 2023]
rule simulation_visualizaion:
    input: /home/gahacat/Documents/GitHub/outlier-detection/snakemake/outputs/simulated/8_2_10_0.05.csv
    output: /home/gahacat/Documents/GitHub/outlier-detection/snakemake/outputs/simulated/plots/8_2_10_0.05.png
    jobid: 1
    reason: Missing output files: /home/gahacat/Documents/GitHub/outlier-detection/snakemake/outputs/simulated/plots/8_2_10_0.05.png
    wildcards: n_marker=8, n_tweaks=2, outlier_center_dist=10, outlier_ratio=0.05
    resources: tmpdir=/tmp


[Thu Apr 13 13:21:56 2023]
rule npb_feature:
    input: /home/gahacat/Documents/GitHub/outlier-detection/snakemake/outputs/simulated/8_2_10_0.05.csv
    output: /home/gahacat/Documents/GitHub/outlier-detection/snakemake/outputs/feature_generated/npb_feature/8_2_10_0.05_20_npb_featured.csv
    jobid: 5
    reason: Missing output files: /home/gahacat/Documents/GitHub/outlier-detection/snakemake/outputs/feature_generated/npb_feature/8_2_10_0.05_20_npb_featured.csv
    wildcards: n_marker=8, n_tweaks=2, outlier_center_dist=10, outlier_ratio=0.05, n_bins=20
    resources: tmpdir=/tmp


[Thu Apr 13 13:21:56 2023]
rule pb_feature:
    input: /home/gahacat/Documents/GitHub/outlier-detection/snakemake/outputs/simulated/8_2_10_0.05.csv
    output: /home/gahacat/Documents/GitHub/outlier-detection/snakemake/outputs/feature_generated/pb_feature/8_2_10_0.05_4_pb_featured.csv
    jobid: 6
    reason: Missing output files: /home/gahacat/Documents/GitHub/outlier-detection/snakemake/outputs/feature_generated/pb_feature/8_2_10_0.05_4_pb_featured.csv
    wildcards: n_marker=8, n_tweaks=2, outlier_center_dist=10, outlier_ratio=0.05, n_recursion=4
    resources: tmpdir=/tmp

[Thu Apr 13 13:21:59 2023]
Finished job 5.
1 of 8 steps (12%) done
[Thu Apr 13 13:21:59 2023]
Finished job 4.
2 of 8 steps (25%) done
[Thu Apr 13 13:22:05 2023]
Finished job 9.
3 of 8 steps (38%) done
[Thu Apr 13 13:22:05 2023]
Finished job 8.
4 of 8 steps (50%) done
[Thu Apr 13 13:22:08 2023]
Finished job 7.
5 of 8 steps (62%) done
[Thu Apr 13 13:22:08 2023]
Finished job 6.
6 of 8 steps (75%) done
[Thu Apr 13 13:22:19 2023]
Finished job 1.
7 of 8 steps (88%) done
Select jobs to execute...

[Thu Apr 13 13:22:19 2023]
localrule all:
    input: /home/gahacat/Documents/GitHub/outlier-detection/snakemake/outputs/simulated/plots/8_2_10_0.05.png, /home/gahacat/Documents/GitHub/outlier-detection/snakemake/outputs/feature_generated/stat_feature/8_2_10_0.05_stat_featured.csv, /home/gahacat/Documents/GitHub/outlier-detection/snakemake/outputs/feature_generated/npb_feature/8_2_10_0.05_10_npb_featured.csv, /home/gahacat/Documents/GitHub/outlier-detection/snakemake/outputs/feature_generated/npb_feature/8_2_10_0.05_20_npb_featured.csv, /home/gahacat/Documents/GitHub/outlier-detection/snakemake/outputs/feature_generated/pb_feature/8_2_10_0.05_4_pb_featured.csv, /home/gahacat/Documents/GitHub/outlier-detection/snakemake/outputs/feature_generated/pb_feature/8_2_10_0.05_5_pb_featured.csv, /home/gahacat/Documents/GitHub/outlier-detection/snakemake/outputs/feature_generated/dist_feature/8_2_10_0.05_EMD_dist_featured.csv, /home/gahacat/Documents/GitHub/outlier-detection/snakemake/outputs/feature_generated/dist_feature/8_2_10_0.05_KS_dist_featured.csv
    jobid: 0
    reason: Input files updated by another job: /home/gahacat/Documents/GitHub/outlier-detection/snakemake/outputs/feature_generated/npb_feature/8_2_10_0.05_20_npb_featured.csv, /home/gahacat/Documents/GitHub/outlier-detection/snakemake/outputs/feature_generated/pb_feature/8_2_10_0.05_4_pb_featured.csv, /home/gahacat/Documents/GitHub/outlier-detection/snakemake/outputs/simulated/plots/8_2_10_0.05.png, /home/gahacat/Documents/GitHub/outlier-detection/snakemake/outputs/feature_generated/dist_feature/8_2_10_0.05_EMD_dist_featured.csv, /home/gahacat/Documents/GitHub/outlier-detection/snakemake/outputs/feature_generated/npb_feature/8_2_10_0.05_10_npb_featured.csv, /home/gahacat/Documents/GitHub/outlier-detection/snakemake/outputs/feature_generated/pb_feature/8_2_10_0.05_5_pb_featured.csv, /home/gahacat/Documents/GitHub/outlier-detection/snakemake/outputs/feature_generated/dist_feature/8_2_10_0.05_KS_dist_featured.csv
    resources: tmpdir=/tmp

[Thu Apr 13 13:22:19 2023]
Finished job 0.
8 of 8 steps (100%) done
Complete log: .snakemake/log/2023-04-13T132156.342062.snakemake.log
