Building DAG of jobs...
Using shell: /usr/bin/bash
Provided cores: 10
Rules claiming more threads will be scaled down.
Job stats:
job                        count    min threads    max threads
-----------------------  -------  -------------  -------------
all                            1              1              1
dist_feature                   2              1              1
npb_feature                    2              1              1
pb_feature                     2              1              1
simulation_visualizaion        1              1              1
stat_feature                   1              1              1
total                          9              1              1

Select jobs to execute...

[Thu Apr 20 12:02:59 2023]
rule dist_feature:
    input: /home/gahacat/Documents/GitHub/outlier-detection/snakemake/outputs/simulated/8_2_20_0.1.csv
    output: /home/gahacat/Documents/GitHub/outlier-detection/snakemake/outputs/feature_generated/dist_feature/8_2_20_0.1_EMD_dist_featured.csv
    jobid: 8
    reason: Missing output files: /home/gahacat/Documents/GitHub/outlier-detection/snakemake/outputs/feature_generated/dist_feature/8_2_20_0.1_EMD_dist_featured.csv
    wildcards: n_marker=8, n_tweaks=2, outlier_center_dist=20, outlier_ratio=0.1, dist_metric=EMD
    resources: tmpdir=/tmp


[Thu Apr 20 12:02:59 2023]
rule stat_feature:
    input: /home/gahacat/Documents/GitHub/outlier-detection/snakemake/outputs/simulated/8_2_20_0.1.csv
    output: /home/gahacat/Documents/GitHub/outlier-detection/snakemake/outputs/feature_generated/stat_feature/8_2_20_0.1_stat_featured.csv
    jobid: 3
    reason: Missing output files: /home/gahacat/Documents/GitHub/outlier-detection/snakemake/outputs/feature_generated/stat_feature/8_2_20_0.1_stat_featured.csv
    wildcards: n_marker=8, n_tweaks=2, outlier_center_dist=20, outlier_ratio=0.1
    resources: tmpdir=/tmp


[Thu Apr 20 12:02:59 2023]
rule npb_feature:
    input: /home/gahacat/Documents/GitHub/outlier-detection/snakemake/outputs/simulated/8_2_20_0.1.csv
    output: /home/gahacat/Documents/GitHub/outlier-detection/snakemake/outputs/feature_generated/npb_feature/8_2_20_0.1_10_npb_featured.csv
    jobid: 4
    reason: Missing output files: /home/gahacat/Documents/GitHub/outlier-detection/snakemake/outputs/feature_generated/npb_feature/8_2_20_0.1_10_npb_featured.csv
    wildcards: n_marker=8, n_tweaks=2, outlier_center_dist=20, outlier_ratio=0.1, n_bins=10
    resources: tmpdir=/tmp


[Thu Apr 20 12:02:59 2023]
rule pb_feature:
    input: /home/gahacat/Documents/GitHub/outlier-detection/snakemake/outputs/simulated/8_2_20_0.1.csv
    output: /home/gahacat/Documents/GitHub/outlier-detection/snakemake/outputs/feature_generated/pb_feature/8_2_20_0.1_5_pb_featured.csv
    jobid: 7
    reason: Missing output files: /home/gahacat/Documents/GitHub/outlier-detection/snakemake/outputs/feature_generated/pb_feature/8_2_20_0.1_5_pb_featured.csv
    wildcards: n_marker=8, n_tweaks=2, outlier_center_dist=20, outlier_ratio=0.1, n_recursion=5
    resources: tmpdir=/tmp


[Thu Apr 20 12:02:59 2023]
rule dist_feature:
    input: /home/gahacat/Documents/GitHub/outlier-detection/snakemake/outputs/simulated/8_2_20_0.1.csv
    output: /home/gahacat/Documents/GitHub/outlier-detection/snakemake/outputs/feature_generated/dist_feature/8_2_20_0.1_KS_dist_featured.csv
    jobid: 9
    reason: Missing output files: /home/gahacat/Documents/GitHub/outlier-detection/snakemake/outputs/feature_generated/dist_feature/8_2_20_0.1_KS_dist_featured.csv
    wildcards: n_marker=8, n_tweaks=2, outlier_center_dist=20, outlier_ratio=0.1, dist_metric=KS
    resources: tmpdir=/tmp


[Thu Apr 20 12:02:59 2023]
rule simulation_visualizaion:
    input: /home/gahacat/Documents/GitHub/outlier-detection/snakemake/outputs/simulated/8_2_20_0.1.csv
    output: /home/gahacat/Documents/GitHub/outlier-detection/snakemake/outputs/simulated/plots/8_2_20_0.1.png
    jobid: 1
    reason: Missing output files: /home/gahacat/Documents/GitHub/outlier-detection/snakemake/outputs/simulated/plots/8_2_20_0.1.png
    wildcards: n_marker=8, n_tweaks=2, outlier_center_dist=20, outlier_ratio=0.1
    resources: tmpdir=/tmp


[Thu Apr 20 12:02:59 2023]
rule npb_feature:
    input: /home/gahacat/Documents/GitHub/outlier-detection/snakemake/outputs/simulated/8_2_20_0.1.csv
    output: /home/gahacat/Documents/GitHub/outlier-detection/snakemake/outputs/feature_generated/npb_feature/8_2_20_0.1_20_npb_featured.csv
    jobid: 5
    reason: Missing output files: /home/gahacat/Documents/GitHub/outlier-detection/snakemake/outputs/feature_generated/npb_feature/8_2_20_0.1_20_npb_featured.csv
    wildcards: n_marker=8, n_tweaks=2, outlier_center_dist=20, outlier_ratio=0.1, n_bins=20
    resources: tmpdir=/tmp


[Thu Apr 20 12:02:59 2023]
rule pb_feature:
    input: /home/gahacat/Documents/GitHub/outlier-detection/snakemake/outputs/simulated/8_2_20_0.1.csv
    output: /home/gahacat/Documents/GitHub/outlier-detection/snakemake/outputs/feature_generated/pb_feature/8_2_20_0.1_4_pb_featured.csv
    jobid: 6
    reason: Missing output files: /home/gahacat/Documents/GitHub/outlier-detection/snakemake/outputs/feature_generated/pb_feature/8_2_20_0.1_4_pb_featured.csv
    wildcards: n_marker=8, n_tweaks=2, outlier_center_dist=20, outlier_ratio=0.1, n_recursion=4
    resources: tmpdir=/tmp

[Thu Apr 20 12:03:02 2023]
Finished job 4.
1 of 9 steps (11%) done
[Thu Apr 20 12:03:02 2023]
Finished job 5.
2 of 9 steps (22%) done
[Thu Apr 20 12:03:04 2023]
Finished job 3.
3 of 9 steps (33%) done
[Thu Apr 20 12:03:06 2023]
Finished job 9.
4 of 9 steps (44%) done
[Thu Apr 20 12:03:09 2023]
Finished job 8.
5 of 9 steps (56%) done
[Thu Apr 20 12:03:10 2023]
Finished job 6.
6 of 9 steps (67%) done
[Thu Apr 20 12:03:10 2023]
Finished job 7.
7 of 9 steps (78%) done
[Thu Apr 20 12:03:20 2023]
Finished job 1.
8 of 9 steps (89%) done
Select jobs to execute...

[Thu Apr 20 12:03:20 2023]
localrule all:
    input: /home/gahacat/Documents/GitHub/outlier-detection/snakemake/outputs/simulated/plots/8_2_20_0.1.png, /home/gahacat/Documents/GitHub/outlier-detection/snakemake/outputs/feature_generated/stat_feature/8_2_20_0.1_stat_featured.csv, /home/gahacat/Documents/GitHub/outlier-detection/snakemake/outputs/feature_generated/npb_feature/8_2_20_0.1_10_npb_featured.csv, /home/gahacat/Documents/GitHub/outlier-detection/snakemake/outputs/feature_generated/npb_feature/8_2_20_0.1_20_npb_featured.csv, /home/gahacat/Documents/GitHub/outlier-detection/snakemake/outputs/feature_generated/pb_feature/8_2_20_0.1_4_pb_featured.csv, /home/gahacat/Documents/GitHub/outlier-detection/snakemake/outputs/feature_generated/pb_feature/8_2_20_0.1_5_pb_featured.csv, /home/gahacat/Documents/GitHub/outlier-detection/snakemake/outputs/feature_generated/dist_feature/8_2_20_0.1_EMD_dist_featured.csv, /home/gahacat/Documents/GitHub/outlier-detection/snakemake/outputs/feature_generated/dist_feature/8_2_20_0.1_KS_dist_featured.csv
    jobid: 0
    reason: Input files updated by another job: /home/gahacat/Documents/GitHub/outlier-detection/snakemake/outputs/feature_generated/dist_feature/8_2_20_0.1_KS_dist_featured.csv, /home/gahacat/Documents/GitHub/outlier-detection/snakemake/outputs/feature_generated/stat_feature/8_2_20_0.1_stat_featured.csv, /home/gahacat/Documents/GitHub/outlier-detection/snakemake/outputs/feature_generated/pb_feature/8_2_20_0.1_4_pb_featured.csv, /home/gahacat/Documents/GitHub/outlier-detection/snakemake/outputs/feature_generated/pb_feature/8_2_20_0.1_5_pb_featured.csv, /home/gahacat/Documents/GitHub/outlier-detection/snakemake/outputs/feature_generated/dist_feature/8_2_20_0.1_EMD_dist_featured.csv, /home/gahacat/Documents/GitHub/outlier-detection/snakemake/outputs/feature_generated/npb_feature/8_2_20_0.1_20_npb_featured.csv, /home/gahacat/Documents/GitHub/outlier-detection/snakemake/outputs/simulated/plots/8_2_20_0.1.png, /home/gahacat/Documents/GitHub/outlier-detection/snakemake/outputs/feature_generated/npb_feature/8_2_20_0.1_10_npb_featured.csv
    resources: tmpdir=/tmp

[Thu Apr 20 12:03:20 2023]
Finished job 0.
9 of 9 steps (100%) done
Complete log: .snakemake/log/2023-04-20T120259.041018.snakemake.log
