Building DAG of jobs...
Using shell: /usr/bin/bash
Provided cores: 5
Rules claiming more threads will be scaled down.
Job stats:
job           count    min threads    max threads
----------  -------  -------------  -------------
all               1              1              1
pb_feature       33              1              1
total            34              1              1

Select jobs to execute...

[Fri May 19 22:08:18 2023]
rule pb_feature:
    input: /home/gahacat/BI2021/2022-2023/VUMC/snakemake_outputs/simulated/16_1_5.4_0.05.csv
    output: /home/gahacat/BI2021/2022-2023/VUMC/snakemake_outputs/feature_generated/pb_feature/16_1_5.4_0.05_5_pb_featured.csv
    jobid: 226
    reason: Missing output files: /home/gahacat/BI2021/2022-2023/VUMC/snakemake_outputs/feature_generated/pb_feature/16_1_5.4_0.05_5_pb_featured.csv
    wildcards: n_marker=16, n_tweaks=1, outlier_center_dist=5.4, outlier_ratio=0.05, n_recursion=5
    resources: tmpdir=/tmp


[Fri May 19 22:08:18 2023]
rule pb_feature:
    input: /home/gahacat/BI2021/2022-2023/VUMC/snakemake_outputs/simulated/16_2_3.8_0.2.csv
    output: /home/gahacat/BI2021/2022-2023/VUMC/snakemake_outputs/feature_generated/pb_feature/16_2_3.8_0.2_5_pb_featured.csv
    jobid: 232
    reason: Missing output files: /home/gahacat/BI2021/2022-2023/VUMC/snakemake_outputs/feature_generated/pb_feature/16_2_3.8_0.2_5_pb_featured.csv
    wildcards: n_marker=16, n_tweaks=2, outlier_center_dist=3.8, outlier_ratio=0.2, n_recursion=5
    resources: tmpdir=/tmp


[Fri May 19 22:08:18 2023]
rule pb_feature:
    input: /home/gahacat/BI2021/2022-2023/VUMC/snakemake_outputs/simulated/8_1_5.4_0.05.csv
    output: /home/gahacat/BI2021/2022-2023/VUMC/snakemake_outputs/feature_generated/pb_feature/8_1_5.4_0.05_4_pb_featured.csv
    jobid: 189
    reason: Missing output files: /home/gahacat/BI2021/2022-2023/VUMC/snakemake_outputs/feature_generated/pb_feature/8_1_5.4_0.05_4_pb_featured.csv
    wildcards: n_marker=8, n_tweaks=1, outlier_center_dist=5.4, outlier_ratio=0.05, n_recursion=4
    resources: tmpdir=/tmp


[Fri May 19 22:08:18 2023]
rule pb_feature:
    input: /home/gahacat/BI2021/2022-2023/VUMC/snakemake_outputs/simulated/16_3_3.8_0.05.csv
    output: /home/gahacat/BI2021/2022-2023/VUMC/snakemake_outputs/feature_generated/pb_feature/16_3_3.8_0.05_4_pb_featured.csv
    jobid: 241
    reason: Missing output files: /home/gahacat/BI2021/2022-2023/VUMC/snakemake_outputs/feature_generated/pb_feature/16_3_3.8_0.05_4_pb_featured.csv
    wildcards: n_marker=16, n_tweaks=3, outlier_center_dist=3.8, outlier_ratio=0.05, n_recursion=4
    resources: tmpdir=/tmp


[Fri May 19 22:08:18 2023]
rule pb_feature:
    input: /home/gahacat/BI2021/2022-2023/VUMC/snakemake_outputs/simulated/16_2_3.8_0.2.csv
    output: /home/gahacat/BI2021/2022-2023/VUMC/snakemake_outputs/feature_generated/pb_feature/16_2_3.8_0.2_4_pb_featured.csv
    jobid: 231
    reason: Missing output files: /home/gahacat/BI2021/2022-2023/VUMC/snakemake_outputs/feature_generated/pb_feature/16_2_3.8_0.2_4_pb_featured.csv
    wildcards: n_marker=16, n_tweaks=2, outlier_center_dist=3.8, outlier_ratio=0.2, n_recursion=4
    resources: tmpdir=/tmp

[Fri May 19 22:11:19 2023]
Error in rule pb_feature:
    jobid: 231
    output: /home/gahacat/BI2021/2022-2023/VUMC/snakemake_outputs/feature_generated/pb_feature/16_2_3.8_0.2_4_pb_featured.csv
    shell:
        Rscript scripts/flowFP_pb.R -i /home/gahacat/BI2021/2022-2023/VUMC/snakemake_outputs/simulated/16_2_3.8_0.2.csv -n 4 -o /home/gahacat/BI2021/2022-2023/VUMC/snakemake_outputs/feature_generated/pb_feature/16_2_3.8_0.2_4_pb_featured.csv 
        (one of the commands exited with non-zero exit code; note that snakemake uses bash strict mode!)

[Fri May 19 22:12:28 2023]
Error in rule pb_feature:
    jobid: 232
    output: /home/gahacat/BI2021/2022-2023/VUMC/snakemake_outputs/feature_generated/pb_feature/16_2_3.8_0.2_5_pb_featured.csv
    shell:
        Rscript scripts/flowFP_pb.R -i /home/gahacat/BI2021/2022-2023/VUMC/snakemake_outputs/simulated/16_2_3.8_0.2.csv -n 5 -o /home/gahacat/BI2021/2022-2023/VUMC/snakemake_outputs/feature_generated/pb_feature/16_2_3.8_0.2_5_pb_featured.csv 
        (one of the commands exited with non-zero exit code; note that snakemake uses bash strict mode!)

[Fri May 19 22:12:29 2023]
Finished job 189.
1 of 34 steps (3%) done
[Fri May 19 22:14:25 2023]
Finished job 241.
2 of 34 steps (6%) done
[Fri May 19 22:14:26 2023]
Finished job 226.
3 of 34 steps (9%) done
Shutting down, this might take some time.
Exiting because a job execution failed. Look above for error message
Complete log: .snakemake/log/2023-05-19T220817.585055.snakemake.log
