Building DAG of jobs...
Using shell: /usr/bin/bash
Provided cores: 10
Rules claiming more threads will be scaled down.
Job stats:
job                        count    min threads    max threads
-----------------------  -------  -------------  -------------
all                            1              1              1
simulate_data                 25              1              1
simulation_visualizaion       25              1              1
total                         51              1              1

Select jobs to execute...

[Tue Apr 25 09:51:06 2023]
rule simulate_data:
    output: /home/gahacat/Documents/GitHub/outlier-detection/snakemake/outputs/simulated/8_2_5.4_0.0.csv
    jobid: 52
    reason: Missing output files: /home/gahacat/Documents/GitHub/outlier-detection/snakemake/outputs/simulated/8_2_5.4_0.0.csv
    wildcards: n_marker=8, n_tweaks=2, outlier_center_dist=5.4, outlier_ratio=0.0
    resources: tmpdir=/tmp


[Tue Apr 25 09:51:06 2023]
rule simulate_data:
    output: /home/gahacat/Documents/GitHub/outlier-detection/snakemake/outputs/simulated/8_2_5.4_0.2.csv
    jobid: 60
    reason: Missing output files: /home/gahacat/Documents/GitHub/outlier-detection/snakemake/outputs/simulated/8_2_5.4_0.2.csv
    wildcards: n_marker=8, n_tweaks=2, outlier_center_dist=5.4, outlier_ratio=0.2
    resources: tmpdir=/tmp


[Tue Apr 25 09:51:06 2023]
rule simulate_data:
    output: /home/gahacat/Documents/GitHub/outlier-detection/snakemake/outputs/simulated/8_2_4.6_0.05.csv
    jobid: 34
    reason: Missing output files: /home/gahacat/Documents/GitHub/outlier-detection/snakemake/outputs/simulated/8_2_4.6_0.05.csv
    wildcards: n_marker=8, n_tweaks=2, outlier_center_dist=4.6, outlier_ratio=0.05
    resources: tmpdir=/tmp


[Tue Apr 25 09:51:06 2023]
rule simulate_data:
    output: /home/gahacat/Documents/GitHub/outlier-detection/snakemake/outputs/simulated/8_2_4.6_0.2.csv
    jobid: 40
    reason: Missing output files: /home/gahacat/Documents/GitHub/outlier-detection/snakemake/outputs/simulated/8_2_4.6_0.2.csv
    wildcards: n_marker=8, n_tweaks=2, outlier_center_dist=4.6, outlier_ratio=0.2
    resources: tmpdir=/tmp


[Tue Apr 25 09:51:06 2023]
rule simulate_data:
    output: /home/gahacat/Documents/GitHub/outlier-detection/snakemake/outputs/simulated/8_2_4.2_0.1.csv
    jobid: 26
    reason: Missing output files: /home/gahacat/Documents/GitHub/outlier-detection/snakemake/outputs/simulated/8_2_4.2_0.1.csv
    wildcards: n_marker=8, n_tweaks=2, outlier_center_dist=4.2, outlier_ratio=0.1
    resources: tmpdir=/tmp


[Tue Apr 25 09:51:06 2023]
rule simulate_data:
    output: /home/gahacat/Documents/GitHub/outlier-detection/snakemake/outputs/simulated/8_2_3.8_0.0.csv
    jobid: 12
    reason: Missing output files: /home/gahacat/Documents/GitHub/outlier-detection/snakemake/outputs/simulated/8_2_3.8_0.0.csv
    wildcards: n_marker=8, n_tweaks=2, outlier_center_dist=3.8, outlier_ratio=0.0
    resources: tmpdir=/tmp


[Tue Apr 25 09:51:06 2023]
rule simulate_data:
    output: /home/gahacat/Documents/GitHub/outlier-detection/snakemake/outputs/simulated/8_2_5.4_0.05.csv
    jobid: 54
    reason: Missing output files: /home/gahacat/Documents/GitHub/outlier-detection/snakemake/outputs/simulated/8_2_5.4_0.05.csv
    wildcards: n_marker=8, n_tweaks=2, outlier_center_dist=5.4, outlier_ratio=0.05
    resources: tmpdir=/tmp


[Tue Apr 25 09:51:06 2023]
rule simulate_data:
    output: /home/gahacat/Documents/GitHub/outlier-detection/snakemake/outputs/simulated/8_2_3.8_0.2.csv
    jobid: 20
    reason: Missing output files: /home/gahacat/Documents/GitHub/outlier-detection/snakemake/outputs/simulated/8_2_3.8_0.2.csv
    wildcards: n_marker=8, n_tweaks=2, outlier_center_dist=3.8, outlier_ratio=0.2
    resources: tmpdir=/tmp


[Tue Apr 25 09:51:06 2023]
rule simulate_data:
    output: /home/gahacat/Documents/GitHub/outlier-detection/snakemake/outputs/simulated/8_2_3.4_0.05.csv
    jobid: 4
    reason: Missing output files: /home/gahacat/Documents/GitHub/outlier-detection/snakemake/outputs/simulated/8_2_3.4_0.05.csv
    wildcards: n_marker=8, n_tweaks=2, outlier_center_dist=3.4, outlier_ratio=0.05
    resources: tmpdir=/tmp


[Tue Apr 25 09:51:06 2023]
rule simulate_data:
    output: /home/gahacat/Documents/GitHub/outlier-detection/snakemake/outputs/simulated/8_2_3.4_0.1.csv
    jobid: 6
    reason: Missing output files: /home/gahacat/Documents/GitHub/outlier-detection/snakemake/outputs/simulated/8_2_3.4_0.1.csv
    wildcards: n_marker=8, n_tweaks=2, outlier_center_dist=3.4, outlier_ratio=0.1
    resources: tmpdir=/tmp

[Tue Apr 25 09:51:13 2023]
Finished job 54.
1 of 51 steps (2%) done
Select jobs to execute...

[Tue Apr 25 09:51:13 2023]
rule simulate_data:
    output: /home/gahacat/Documents/GitHub/outlier-detection/snakemake/outputs/simulated/8_2_3.4_0.2.csv
    jobid: 10
    reason: Missing output files: /home/gahacat/Documents/GitHub/outlier-detection/snakemake/outputs/simulated/8_2_3.4_0.2.csv
    wildcards: n_marker=8, n_tweaks=2, outlier_center_dist=3.4, outlier_ratio=0.2
    resources: tmpdir=/tmp

[Tue Apr 25 09:51:13 2023]
Finished job 52.
2 of 51 steps (4%) done
Select jobs to execute...

[Tue Apr 25 09:51:13 2023]
rule simulate_data:
    output: /home/gahacat/Documents/GitHub/outlier-detection/snakemake/outputs/simulated/8_2_4.2_0.05.csv
    jobid: 24
    reason: Missing output files: /home/gahacat/Documents/GitHub/outlier-detection/snakemake/outputs/simulated/8_2_4.2_0.05.csv
    wildcards: n_marker=8, n_tweaks=2, outlier_center_dist=4.2, outlier_ratio=0.05
    resources: tmpdir=/tmp

[Tue Apr 25 09:51:14 2023]
Finished job 26.
3 of 51 steps (6%) done
Select jobs to execute...

[Tue Apr 25 09:51:14 2023]
rule simulate_data:
    output: /home/gahacat/Documents/GitHub/outlier-detection/snakemake/outputs/simulated/8_2_4.6_0.15.csv
    jobid: 38
    reason: Missing output files: /home/gahacat/Documents/GitHub/outlier-detection/snakemake/outputs/simulated/8_2_4.6_0.15.csv
    wildcards: n_marker=8, n_tweaks=2, outlier_center_dist=4.6, outlier_ratio=0.15
    resources: tmpdir=/tmp

[Tue Apr 25 09:51:14 2023]
Finished job 4.
4 of 51 steps (8%) done
Select jobs to execute...

[Tue Apr 25 09:51:14 2023]
rule simulate_data:
    output: /home/gahacat/Documents/GitHub/outlier-detection/snakemake/outputs/simulated/8_2_4.6_0.0.csv
    jobid: 32
    reason: Missing output files: /home/gahacat/Documents/GitHub/outlier-detection/snakemake/outputs/simulated/8_2_4.6_0.0.csv
    wildcards: n_marker=8, n_tweaks=2, outlier_center_dist=4.6, outlier_ratio=0.0
    resources: tmpdir=/tmp

[Tue Apr 25 09:51:14 2023]
Finished job 6.
5 of 51 steps (10%) done
[Tue Apr 25 09:51:14 2023]
Finished job 12.
6 of 51 steps (12%) done
Select jobs to execute...

[Tue Apr 25 09:51:14 2023]
rule simulation_visualizaion:
    input: /home/gahacat/Documents/GitHub/outlier-detection/snakemake/outputs/simulated/8_2_5.4_0.0.csv
    output: /home/gahacat/Documents/GitHub/outlier-detection/snakemake/outputs/simulated/plots/8_2_5.4_0.0.png
    jobid: 51
    reason: Missing output files: /home/gahacat/Documents/GitHub/outlier-detection/snakemake/outputs/simulated/plots/8_2_5.4_0.0.png; Input files updated by another job: /home/gahacat/Documents/GitHub/outlier-detection/snakemake/outputs/simulated/8_2_5.4_0.0.csv
    wildcards: n_marker=8, n_tweaks=2, outlier_center_dist=5.4, outlier_ratio=0.0
    resources: tmpdir=/tmp


[Tue Apr 25 09:51:14 2023]
rule simulate_data:
    output: /home/gahacat/Documents/GitHub/outlier-detection/snakemake/outputs/simulated/8_2_4.2_0.0.csv
    jobid: 22
    reason: Missing output files: /home/gahacat/Documents/GitHub/outlier-detection/snakemake/outputs/simulated/8_2_4.2_0.0.csv
    wildcards: n_marker=8, n_tweaks=2, outlier_center_dist=4.2, outlier_ratio=0.0
    resources: tmpdir=/tmp

Select jobs to execute...
[Tue Apr 25 09:51:14 2023]
Finished job 34.
7 of 51 steps (14%) done

[Tue Apr 25 09:51:14 2023]
rule simulation_visualizaion:
    input: /home/gahacat/Documents/GitHub/outlier-detection/snakemake/outputs/simulated/8_2_3.8_0.0.csv
    output: /home/gahacat/Documents/GitHub/outlier-detection/snakemake/outputs/simulated/plots/8_2_3.8_0.0.png
    jobid: 11
    reason: Missing output files: /home/gahacat/Documents/GitHub/outlier-detection/snakemake/outputs/simulated/plots/8_2_3.8_0.0.png; Input files updated by another job: /home/gahacat/Documents/GitHub/outlier-detection/snakemake/outputs/simulated/8_2_3.8_0.0.csv
    wildcards: n_marker=8, n_tweaks=2, outlier_center_dist=3.8, outlier_ratio=0.0
    resources: tmpdir=/tmp

[Tue Apr 25 09:51:15 2023]
Finished job 20.
8 of 51 steps (16%) done
Select jobs to execute...

[Tue Apr 25 09:51:15 2023]
rule simulation_visualizaion:
    input: /home/gahacat/Documents/GitHub/outlier-detection/snakemake/outputs/simulated/8_2_5.4_0.05.csv
    output: /home/gahacat/Documents/GitHub/outlier-detection/snakemake/outputs/simulated/plots/8_2_5.4_0.05.png
    jobid: 53
    reason: Missing output files: /home/gahacat/Documents/GitHub/outlier-detection/snakemake/outputs/simulated/plots/8_2_5.4_0.05.png; Input files updated by another job: /home/gahacat/Documents/GitHub/outlier-detection/snakemake/outputs/simulated/8_2_5.4_0.05.csv
    wildcards: n_marker=8, n_tweaks=2, outlier_center_dist=5.4, outlier_ratio=0.05
    resources: tmpdir=/tmp

[Tue Apr 25 09:51:15 2023]
Finished job 40.
9 of 51 steps (18%) done
Select jobs to execute...

[Tue Apr 25 09:51:15 2023]
rule simulation_visualizaion:
    input: /home/gahacat/Documents/GitHub/outlier-detection/snakemake/outputs/simulated/8_2_4.2_0.1.csv
    output: /home/gahacat/Documents/GitHub/outlier-detection/snakemake/outputs/simulated/plots/8_2_4.2_0.1.png
    jobid: 25
    reason: Missing output files: /home/gahacat/Documents/GitHub/outlier-detection/snakemake/outputs/simulated/plots/8_2_4.2_0.1.png; Input files updated by another job: /home/gahacat/Documents/GitHub/outlier-detection/snakemake/outputs/simulated/8_2_4.2_0.1.csv
    wildcards: n_marker=8, n_tweaks=2, outlier_center_dist=4.2, outlier_ratio=0.1
    resources: tmpdir=/tmp

[Tue Apr 25 09:51:15 2023]
Finished job 60.
10 of 51 steps (20%) done
Select jobs to execute...

[Tue Apr 25 09:51:15 2023]
rule simulation_visualizaion:
    input: /home/gahacat/Documents/GitHub/outlier-detection/snakemake/outputs/simulated/8_2_4.6_0.2.csv
    output: /home/gahacat/Documents/GitHub/outlier-detection/snakemake/outputs/simulated/plots/8_2_4.6_0.2.png
    jobid: 39
    reason: Missing output files: /home/gahacat/Documents/GitHub/outlier-detection/snakemake/outputs/simulated/plots/8_2_4.6_0.2.png; Input files updated by another job: /home/gahacat/Documents/GitHub/outlier-detection/snakemake/outputs/simulated/8_2_4.6_0.2.csv
    wildcards: n_marker=8, n_tweaks=2, outlier_center_dist=4.6, outlier_ratio=0.2
    resources: tmpdir=/tmp

[Tue Apr 25 09:51:20 2023]
Finished job 10.
11 of 51 steps (22%) done
Select jobs to execute...

[Tue Apr 25 09:51:20 2023]
rule simulate_data:
    output: /home/gahacat/Documents/GitHub/outlier-detection/snakemake/outputs/simulated/8_2_3.4_0.0.csv
    jobid: 2
    reason: Missing output files: /home/gahacat/Documents/GitHub/outlier-detection/snakemake/outputs/simulated/8_2_3.4_0.0.csv
    wildcards: n_marker=8, n_tweaks=2, outlier_center_dist=3.4, outlier_ratio=0.0
    resources: tmpdir=/tmp

[Tue Apr 25 09:51:22 2023]
Finished job 32.
12 of 51 steps (24%) done
Select jobs to execute...

[Tue Apr 25 09:51:22 2023]
rule simulation_visualizaion:
    input: /home/gahacat/Documents/GitHub/outlier-detection/snakemake/outputs/simulated/8_2_3.4_0.05.csv
    output: /home/gahacat/Documents/GitHub/outlier-detection/snakemake/outputs/simulated/plots/8_2_3.4_0.05.png
    jobid: 3
    reason: Missing output files: /home/gahacat/Documents/GitHub/outlier-detection/snakemake/outputs/simulated/plots/8_2_3.4_0.05.png; Input files updated by another job: /home/gahacat/Documents/GitHub/outlier-detection/snakemake/outputs/simulated/8_2_3.4_0.05.csv
    wildcards: n_marker=8, n_tweaks=2, outlier_center_dist=3.4, outlier_ratio=0.05
    resources: tmpdir=/tmp

[Tue Apr 25 09:51:22 2023]
Finished job 24.
13 of 51 steps (25%) done
Select jobs to execute...

[Tue Apr 25 09:51:22 2023]
rule simulation_visualizaion:
    input: /home/gahacat/Documents/GitHub/outlier-detection/snakemake/outputs/simulated/8_2_5.4_0.2.csv
    output: /home/gahacat/Documents/GitHub/outlier-detection/snakemake/outputs/simulated/plots/8_2_5.4_0.2.png
    jobid: 59
    reason: Missing output files: /home/gahacat/Documents/GitHub/outlier-detection/snakemake/outputs/simulated/plots/8_2_5.4_0.2.png; Input files updated by another job: /home/gahacat/Documents/GitHub/outlier-detection/snakemake/outputs/simulated/8_2_5.4_0.2.csv
    wildcards: n_marker=8, n_tweaks=2, outlier_center_dist=5.4, outlier_ratio=0.2
    resources: tmpdir=/tmp

[Tue Apr 25 09:51:23 2023]
Finished job 38.
14 of 51 steps (27%) done
Select jobs to execute...

[Tue Apr 25 09:51:23 2023]
rule simulation_visualizaion:
    input: /home/gahacat/Documents/GitHub/outlier-detection/snakemake/outputs/simulated/8_2_4.6_0.0.csv
    output: /home/gahacat/Documents/GitHub/outlier-detection/snakemake/outputs/simulated/plots/8_2_4.6_0.0.png
    jobid: 31
    reason: Missing output files: /home/gahacat/Documents/GitHub/outlier-detection/snakemake/outputs/simulated/plots/8_2_4.6_0.0.png; Input files updated by another job: /home/gahacat/Documents/GitHub/outlier-detection/snakemake/outputs/simulated/8_2_4.6_0.0.csv
    wildcards: n_marker=8, n_tweaks=2, outlier_center_dist=4.6, outlier_ratio=0.0
    resources: tmpdir=/tmp

[Tue Apr 25 09:51:24 2023]
Finished job 22.
15 of 51 steps (29%) done
Select jobs to execute...

[Tue Apr 25 09:51:24 2023]
rule simulation_visualizaion:
    input: /home/gahacat/Documents/GitHub/outlier-detection/snakemake/outputs/simulated/8_2_4.6_0.05.csv
    output: /home/gahacat/Documents/GitHub/outlier-detection/snakemake/outputs/simulated/plots/8_2_4.6_0.05.png
    jobid: 33
    reason: Missing output files: /home/gahacat/Documents/GitHub/outlier-detection/snakemake/outputs/simulated/plots/8_2_4.6_0.05.png; Input files updated by another job: /home/gahacat/Documents/GitHub/outlier-detection/snakemake/outputs/simulated/8_2_4.6_0.05.csv
    wildcards: n_marker=8, n_tweaks=2, outlier_center_dist=4.6, outlier_ratio=0.05
    resources: tmpdir=/tmp

[Tue Apr 25 09:51:34 2023]
Finished job 2.
16 of 51 steps (31%) done
Select jobs to execute...

[Tue Apr 25 09:51:34 2023]
rule simulation_visualizaion:
    input: /home/gahacat/Documents/GitHub/outlier-detection/snakemake/outputs/simulated/8_2_3.8_0.2.csv
    output: /home/gahacat/Documents/GitHub/outlier-detection/snakemake/outputs/simulated/plots/8_2_3.8_0.2.png
    jobid: 19
    reason: Missing output files: /home/gahacat/Documents/GitHub/outlier-detection/snakemake/outputs/simulated/plots/8_2_3.8_0.2.png; Input files updated by another job: /home/gahacat/Documents/GitHub/outlier-detection/snakemake/outputs/simulated/8_2_3.8_0.2.csv
    wildcards: n_marker=8, n_tweaks=2, outlier_center_dist=3.8, outlier_ratio=0.2
    resources: tmpdir=/tmp

[Tue Apr 25 09:52:13 2023]
Finished job 51.
17 of 51 steps (33%) done
Select jobs to execute...

[Tue Apr 25 09:52:13 2023]
rule simulate_data:
    output: /home/gahacat/Documents/GitHub/outlier-detection/snakemake/outputs/simulated/8_2_3.8_0.05.csv
    jobid: 14
    reason: Missing output files: /home/gahacat/Documents/GitHub/outlier-detection/snakemake/outputs/simulated/8_2_3.8_0.05.csv
    wildcards: n_marker=8, n_tweaks=2, outlier_center_dist=3.8, outlier_ratio=0.05
    resources: tmpdir=/tmp

[Tue Apr 25 09:52:16 2023]
Finished job 53.
18 of 51 steps (35%) done
Select jobs to execute...

[Tue Apr 25 09:52:17 2023]
rule simulate_data:
    output: /home/gahacat/Documents/GitHub/outlier-detection/snakemake/outputs/simulated/8_2_5.4_0.1.csv
    jobid: 56
    reason: Missing output files: /home/gahacat/Documents/GitHub/outlier-detection/snakemake/outputs/simulated/8_2_5.4_0.1.csv
    wildcards: n_marker=8, n_tweaks=2, outlier_center_dist=5.4, outlier_ratio=0.1
    resources: tmpdir=/tmp

[Tue Apr 25 09:52:17 2023]
Finished job 39.
19 of 51 steps (37%) done
Select jobs to execute...

[Tue Apr 25 09:52:17 2023]
rule simulate_data:
    output: /home/gahacat/Documents/GitHub/outlier-detection/snakemake/outputs/simulated/8_2_4.2_0.2.csv
    jobid: 30
    reason: Missing output files: /home/gahacat/Documents/GitHub/outlier-detection/snakemake/outputs/simulated/8_2_4.2_0.2.csv
    wildcards: n_marker=8, n_tweaks=2, outlier_center_dist=4.2, outlier_ratio=0.2
    resources: tmpdir=/tmp

[Tue Apr 25 09:52:18 2023]
Finished job 31.
20 of 51 steps (39%) done
Select jobs to execute...

[Tue Apr 25 09:52:19 2023]
rule simulate_data:
    output: /home/gahacat/Documents/GitHub/outlier-detection/snakemake/outputs/simulated/8_2_3.4_0.15.csv
    jobid: 8
    reason: Missing output files: /home/gahacat/Documents/GitHub/outlier-detection/snakemake/outputs/simulated/8_2_3.4_0.15.csv
    wildcards: n_marker=8, n_tweaks=2, outlier_center_dist=3.4, outlier_ratio=0.15
    resources: tmpdir=/tmp

[Tue Apr 25 09:52:19 2023]
Finished job 11.
21 of 51 steps (41%) done
Select jobs to execute...

[Tue Apr 25 09:52:20 2023]
rule simulate_data:
    output: /home/gahacat/Documents/GitHub/outlier-detection/snakemake/outputs/simulated/8_2_3.8_0.15.csv
    jobid: 18
    reason: Missing output files: /home/gahacat/Documents/GitHub/outlier-detection/snakemake/outputs/simulated/8_2_3.8_0.15.csv
    wildcards: n_marker=8, n_tweaks=2, outlier_center_dist=3.8, outlier_ratio=0.15
    resources: tmpdir=/tmp

[Tue Apr 25 09:52:20 2023]
Finished job 25.
22 of 51 steps (43%) done
Select jobs to execute...

[Tue Apr 25 09:52:21 2023]
rule simulate_data:
    output: /home/gahacat/Documents/GitHub/outlier-detection/snakemake/outputs/simulated/8_2_4.6_0.1.csv
    jobid: 36
    reason: Missing output files: /home/gahacat/Documents/GitHub/outlier-detection/snakemake/outputs/simulated/8_2_4.6_0.1.csv
    wildcards: n_marker=8, n_tweaks=2, outlier_center_dist=4.6, outlier_ratio=0.1
    resources: tmpdir=/tmp

[Tue Apr 25 09:52:21 2023]
Finished job 14.
23 of 51 steps (45%) done
Select jobs to execute...

[Tue Apr 25 09:52:21 2023]
rule simulate_data:
    output: /home/gahacat/Documents/GitHub/outlier-detection/snakemake/outputs/simulated/8_2_3.8_0.1.csv
    jobid: 16
    reason: Missing output files: /home/gahacat/Documents/GitHub/outlier-detection/snakemake/outputs/simulated/8_2_3.8_0.1.csv
    wildcards: n_marker=8, n_tweaks=2, outlier_center_dist=3.8, outlier_ratio=0.1
    resources: tmpdir=/tmp

[Tue Apr 25 09:52:24 2023]
Finished job 59.
24 of 51 steps (47%) done
Select jobs to execute...

[Tue Apr 25 09:52:24 2023]
rule simulate_data:
    output: /home/gahacat/Documents/GitHub/outlier-detection/snakemake/outputs/simulated/8_2_5.4_0.15.csv
    jobid: 58
    reason: Missing output files: /home/gahacat/Documents/GitHub/outlier-detection/snakemake/outputs/simulated/8_2_5.4_0.15.csv
    wildcards: n_marker=8, n_tweaks=2, outlier_center_dist=5.4, outlier_ratio=0.15
    resources: tmpdir=/tmp

[Tue Apr 25 09:52:25 2023]
Finished job 56.
25 of 51 steps (49%) done
Select jobs to execute...

[Tue Apr 25 09:52:25 2023]
rule simulation_visualizaion:
    input: /home/gahacat/Documents/GitHub/outlier-detection/snakemake/outputs/simulated/8_2_3.4_0.0.csv
    output: /home/gahacat/Documents/GitHub/outlier-detection/snakemake/outputs/simulated/plots/8_2_3.4_0.0.png
    jobid: 1
    reason: Missing output files: /home/gahacat/Documents/GitHub/outlier-detection/snakemake/outputs/simulated/plots/8_2_3.4_0.0.png; Input files updated by another job: /home/gahacat/Documents/GitHub/outlier-detection/snakemake/outputs/simulated/8_2_3.4_0.0.csv
    wildcards: n_marker=8, n_tweaks=2, outlier_center_dist=3.4, outlier_ratio=0.0
    resources: tmpdir=/tmp

[Tue Apr 25 09:52:25 2023]
Finished job 30.
26 of 51 steps (51%) done
Select jobs to execute...

[Tue Apr 25 09:52:26 2023]
rule simulate_data:
    output: /home/gahacat/Documents/GitHub/outlier-detection/snakemake/outputs/simulated/8_2_4.2_0.15.csv
    jobid: 28
    reason: Missing output files: /home/gahacat/Documents/GitHub/outlier-detection/snakemake/outputs/simulated/8_2_4.2_0.15.csv
    wildcards: n_marker=8, n_tweaks=2, outlier_center_dist=4.2, outlier_ratio=0.15
    resources: tmpdir=/tmp

[Tue Apr 25 09:52:28 2023]
Finished job 33.
27 of 51 steps (53%) done
Select jobs to execute...

[Tue Apr 25 09:52:28 2023]
rule simulation_visualizaion:
    input: /home/gahacat/Documents/GitHub/outlier-detection/snakemake/outputs/simulated/8_2_3.4_0.2.csv
    output: /home/gahacat/Documents/GitHub/outlier-detection/snakemake/outputs/simulated/plots/8_2_3.4_0.2.png
    jobid: 9
    reason: Missing output files: /home/gahacat/Documents/GitHub/outlier-detection/snakemake/outputs/simulated/plots/8_2_3.4_0.2.png; Input files updated by another job: /home/gahacat/Documents/GitHub/outlier-detection/snakemake/outputs/simulated/8_2_3.4_0.2.csv
    wildcards: n_marker=8, n_tweaks=2, outlier_center_dist=3.4, outlier_ratio=0.2
    resources: tmpdir=/tmp

[Tue Apr 25 09:52:29 2023]
Finished job 3.
28 of 51 steps (55%) done
Select jobs to execute...

[Tue Apr 25 09:52:29 2023]
rule simulation_visualizaion:
    input: /home/gahacat/Documents/GitHub/outlier-detection/snakemake/outputs/simulated/8_2_4.2_0.05.csv
    output: /home/gahacat/Documents/GitHub/outlier-detection/snakemake/outputs/simulated/plots/8_2_4.2_0.05.png
    jobid: 23
    reason: Missing output files: /home/gahacat/Documents/GitHub/outlier-detection/snakemake/outputs/simulated/plots/8_2_4.2_0.05.png; Input files updated by another job: /home/gahacat/Documents/GitHub/outlier-detection/snakemake/outputs/simulated/8_2_4.2_0.05.csv
    wildcards: n_marker=8, n_tweaks=2, outlier_center_dist=4.2, outlier_ratio=0.05
    resources: tmpdir=/tmp

[Tue Apr 25 09:52:29 2023]
Finished job 8.
29 of 51 steps (57%) done
Select jobs to execute...

[Tue Apr 25 09:52:29 2023]
rule simulation_visualizaion:
    input: /home/gahacat/Documents/GitHub/outlier-detection/snakemake/outputs/simulated/8_2_4.6_0.15.csv
    output: /home/gahacat/Documents/GitHub/outlier-detection/snakemake/outputs/simulated/plots/8_2_4.6_0.15.png
    jobid: 37
    reason: Missing output files: /home/gahacat/Documents/GitHub/outlier-detection/snakemake/outputs/simulated/plots/8_2_4.6_0.15.png; Input files updated by another job: /home/gahacat/Documents/GitHub/outlier-detection/snakemake/outputs/simulated/8_2_4.6_0.15.csv
    wildcards: n_marker=8, n_tweaks=2, outlier_center_dist=4.6, outlier_ratio=0.15
    resources: tmpdir=/tmp

[Tue Apr 25 09:52:29 2023]
Finished job 18.
30 of 51 steps (59%) done
Select jobs to execute...

[Tue Apr 25 09:52:29 2023]
rule simulation_visualizaion:
    input: /home/gahacat/Documents/GitHub/outlier-detection/snakemake/outputs/simulated/8_2_3.4_0.15.csv
    output: /home/gahacat/Documents/GitHub/outlier-detection/snakemake/outputs/simulated/plots/8_2_3.4_0.15.png
    jobid: 7
    reason: Missing output files: /home/gahacat/Documents/GitHub/outlier-detection/snakemake/outputs/simulated/plots/8_2_3.4_0.15.png; Input files updated by another job: /home/gahacat/Documents/GitHub/outlier-detection/snakemake/outputs/simulated/8_2_3.4_0.15.csv
    wildcards: n_marker=8, n_tweaks=2, outlier_center_dist=3.4, outlier_ratio=0.15
    resources: tmpdir=/tmp

[Tue Apr 25 09:52:30 2023]
Finished job 16.
31 of 51 steps (61%) done
Select jobs to execute...

[Tue Apr 25 09:52:30 2023]
rule simulation_visualizaion:
    input: /home/gahacat/Documents/GitHub/outlier-detection/snakemake/outputs/simulated/8_2_4.2_0.0.csv
    output: /home/gahacat/Documents/GitHub/outlier-detection/snakemake/outputs/simulated/plots/8_2_4.2_0.0.png
    jobid: 21
    reason: Missing output files: /home/gahacat/Documents/GitHub/outlier-detection/snakemake/outputs/simulated/plots/8_2_4.2_0.0.png; Input files updated by another job: /home/gahacat/Documents/GitHub/outlier-detection/snakemake/outputs/simulated/8_2_4.2_0.0.csv
    wildcards: n_marker=8, n_tweaks=2, outlier_center_dist=4.2, outlier_ratio=0.0
    resources: tmpdir=/tmp

[Tue Apr 25 09:52:30 2023]
Finished job 36.
32 of 51 steps (63%) done
Select jobs to execute...

[Tue Apr 25 09:52:30 2023]
rule simulation_visualizaion:
    input: /home/gahacat/Documents/GitHub/outlier-detection/snakemake/outputs/simulated/8_2_4.6_0.1.csv
    output: /home/gahacat/Documents/GitHub/outlier-detection/snakemake/outputs/simulated/plots/8_2_4.6_0.1.png
    jobid: 35
    reason: Missing output files: /home/gahacat/Documents/GitHub/outlier-detection/snakemake/outputs/simulated/plots/8_2_4.6_0.1.png; Input files updated by another job: /home/gahacat/Documents/GitHub/outlier-detection/snakemake/outputs/simulated/8_2_4.6_0.1.csv
    wildcards: n_marker=8, n_tweaks=2, outlier_center_dist=4.6, outlier_ratio=0.1
    resources: tmpdir=/tmp

[Tue Apr 25 09:52:33 2023]
Finished job 58.
33 of 51 steps (65%) done
Select jobs to execute...

[Tue Apr 25 09:52:33 2023]
rule simulation_visualizaion:
    input: /home/gahacat/Documents/GitHub/outlier-detection/snakemake/outputs/simulated/8_2_3.4_0.1.csv
    output: /home/gahacat/Documents/GitHub/outlier-detection/snakemake/outputs/simulated/plots/8_2_3.4_0.1.png
    jobid: 5
    reason: Missing output files: /home/gahacat/Documents/GitHub/outlier-detection/snakemake/outputs/simulated/plots/8_2_3.4_0.1.png; Input files updated by another job: /home/gahacat/Documents/GitHub/outlier-detection/snakemake/outputs/simulated/8_2_3.4_0.1.csv
    wildcards: n_marker=8, n_tweaks=2, outlier_center_dist=3.4, outlier_ratio=0.1
    resources: tmpdir=/tmp

[Tue Apr 25 09:52:35 2023]
Finished job 28.
34 of 51 steps (67%) done
Select jobs to execute...

[Tue Apr 25 09:52:35 2023]
rule simulation_visualizaion:
    input: /home/gahacat/Documents/GitHub/outlier-detection/snakemake/outputs/simulated/8_2_3.8_0.15.csv
    output: /home/gahacat/Documents/GitHub/outlier-detection/snakemake/outputs/simulated/plots/8_2_3.8_0.15.png
    jobid: 17
    reason: Missing output files: /home/gahacat/Documents/GitHub/outlier-detection/snakemake/outputs/simulated/plots/8_2_3.8_0.15.png; Input files updated by another job: /home/gahacat/Documents/GitHub/outlier-detection/snakemake/outputs/simulated/8_2_3.8_0.15.csv
    wildcards: n_marker=8, n_tweaks=2, outlier_center_dist=3.8, outlier_ratio=0.15
    resources: tmpdir=/tmp

[Tue Apr 25 09:52:36 2023]
Finished job 19.
35 of 51 steps (69%) done
Select jobs to execute...

[Tue Apr 25 09:52:36 2023]
rule simulation_visualizaion:
    input: /home/gahacat/Documents/GitHub/outlier-detection/snakemake/outputs/simulated/8_2_4.2_0.15.csv
    output: /home/gahacat/Documents/GitHub/outlier-detection/snakemake/outputs/simulated/plots/8_2_4.2_0.15.png
    jobid: 27
    reason: Missing output files: /home/gahacat/Documents/GitHub/outlier-detection/snakemake/outputs/simulated/plots/8_2_4.2_0.15.png; Input files updated by another job: /home/gahacat/Documents/GitHub/outlier-detection/snakemake/outputs/simulated/8_2_4.2_0.15.csv
    wildcards: n_marker=8, n_tweaks=2, outlier_center_dist=4.2, outlier_ratio=0.15
    resources: tmpdir=/tmp

[Tue Apr 25 09:53:17 2023]
Finished job 1.
36 of 51 steps (71%) done
Select jobs to execute...

[Tue Apr 25 09:53:17 2023]
rule simulation_visualizaion:
    input: /home/gahacat/Documents/GitHub/outlier-detection/snakemake/outputs/simulated/8_2_5.4_0.15.csv
    output: /home/gahacat/Documents/GitHub/outlier-detection/snakemake/outputs/simulated/plots/8_2_5.4_0.15.png
    jobid: 57
    reason: Missing output files: /home/gahacat/Documents/GitHub/outlier-detection/snakemake/outputs/simulated/plots/8_2_5.4_0.15.png; Input files updated by another job: /home/gahacat/Documents/GitHub/outlier-detection/snakemake/outputs/simulated/8_2_5.4_0.15.csv
    wildcards: n_marker=8, n_tweaks=2, outlier_center_dist=5.4, outlier_ratio=0.15
    resources: tmpdir=/tmp

[Tue Apr 25 09:53:20 2023]
Finished job 37.
37 of 51 steps (73%) done
Select jobs to execute...

[Tue Apr 25 09:53:20 2023]
rule simulation_visualizaion:
    input: /home/gahacat/Documents/GitHub/outlier-detection/snakemake/outputs/simulated/8_2_3.8_0.05.csv
    output: /home/gahacat/Documents/GitHub/outlier-detection/snakemake/outputs/simulated/plots/8_2_3.8_0.05.png
    jobid: 13
    reason: Missing output files: /home/gahacat/Documents/GitHub/outlier-detection/snakemake/outputs/simulated/plots/8_2_3.8_0.05.png; Input files updated by another job: /home/gahacat/Documents/GitHub/outlier-detection/snakemake/outputs/simulated/8_2_3.8_0.05.csv
    wildcards: n_marker=8, n_tweaks=2, outlier_center_dist=3.8, outlier_ratio=0.05
    resources: tmpdir=/tmp

[Tue Apr 25 09:53:22 2023]
Finished job 21.
38 of 51 steps (75%) done
Select jobs to execute...

[Tue Apr 25 09:53:22 2023]
rule simulation_visualizaion:
    input: /home/gahacat/Documents/GitHub/outlier-detection/snakemake/outputs/simulated/8_2_5.4_0.1.csv
    output: /home/gahacat/Documents/GitHub/outlier-detection/snakemake/outputs/simulated/plots/8_2_5.4_0.1.png
    jobid: 55
    reason: Missing output files: /home/gahacat/Documents/GitHub/outlier-detection/snakemake/outputs/simulated/plots/8_2_5.4_0.1.png; Input files updated by another job: /home/gahacat/Documents/GitHub/outlier-detection/snakemake/outputs/simulated/8_2_5.4_0.1.csv
    wildcards: n_marker=8, n_tweaks=2, outlier_center_dist=5.4, outlier_ratio=0.1
    resources: tmpdir=/tmp

[Tue Apr 25 09:53:22 2023]
Finished job 9.
39 of 51 steps (76%) done
Select jobs to execute...

[Tue Apr 25 09:53:22 2023]
rule simulation_visualizaion:
    input: /home/gahacat/Documents/GitHub/outlier-detection/snakemake/outputs/simulated/8_2_4.2_0.2.csv
    output: /home/gahacat/Documents/GitHub/outlier-detection/snakemake/outputs/simulated/plots/8_2_4.2_0.2.png
    jobid: 29
    reason: Missing output files: /home/gahacat/Documents/GitHub/outlier-detection/snakemake/outputs/simulated/plots/8_2_4.2_0.2.png; Input files updated by another job: /home/gahacat/Documents/GitHub/outlier-detection/snakemake/outputs/simulated/8_2_4.2_0.2.csv
    wildcards: n_marker=8, n_tweaks=2, outlier_center_dist=4.2, outlier_ratio=0.2
    resources: tmpdir=/tmp

[Tue Apr 25 09:53:23 2023]
Finished job 23.
40 of 51 steps (78%) done
Select jobs to execute...

[Tue Apr 25 09:53:23 2023]
rule simulation_visualizaion:
    input: /home/gahacat/Documents/GitHub/outlier-detection/snakemake/outputs/simulated/8_2_3.8_0.1.csv
    output: /home/gahacat/Documents/GitHub/outlier-detection/snakemake/outputs/simulated/plots/8_2_3.8_0.1.png
    jobid: 15
    reason: Missing output files: /home/gahacat/Documents/GitHub/outlier-detection/snakemake/outputs/simulated/plots/8_2_3.8_0.1.png; Input files updated by another job: /home/gahacat/Documents/GitHub/outlier-detection/snakemake/outputs/simulated/8_2_3.8_0.1.csv
    wildcards: n_marker=8, n_tweaks=2, outlier_center_dist=3.8, outlier_ratio=0.1
    resources: tmpdir=/tmp

[Tue Apr 25 09:53:24 2023]
Finished job 7.
41 of 51 steps (80%) done
[Tue Apr 25 09:53:24 2023]
Finished job 5.
42 of 51 steps (82%) done
[Tue Apr 25 09:53:25 2023]
Finished job 35.
43 of 51 steps (84%) done
[Tue Apr 25 09:53:25 2023]
Finished job 17.
44 of 51 steps (86%) done
[Tue Apr 25 09:53:27 2023]
Finished job 27.
45 of 51 steps (88%) done
[Tue Apr 25 09:53:51 2023]
Finished job 15.
46 of 51 steps (90%) done
[Tue Apr 25 09:53:52 2023]
Finished job 55.
47 of 51 steps (92%) done
[Tue Apr 25 09:53:53 2023]
Finished job 13.
48 of 51 steps (94%) done
[Tue Apr 25 09:53:54 2023]
Finished job 57.
49 of 51 steps (96%) done
[Tue Apr 25 09:53:57 2023]
Finished job 29.
50 of 51 steps (98%) done
Select jobs to execute...

[Tue Apr 25 09:53:57 2023]
localrule all:
    input: /home/gahacat/Documents/GitHub/outlier-detection/snakemake/outputs/simulated/plots/8_2_3.4_0.0.png, /home/gahacat/Documents/GitHub/outlier-detection/snakemake/outputs/simulated/plots/8_2_3.4_0.05.png, /home/gahacat/Documents/GitHub/outlier-detection/snakemake/outputs/simulated/plots/8_2_3.4_0.1.png, /home/gahacat/Documents/GitHub/outlier-detection/snakemake/outputs/simulated/plots/8_2_3.4_0.15.png, /home/gahacat/Documents/GitHub/outlier-detection/snakemake/outputs/simulated/plots/8_2_3.4_0.2.png, /home/gahacat/Documents/GitHub/outlier-detection/snakemake/outputs/simulated/plots/8_2_3.8_0.0.png, /home/gahacat/Documents/GitHub/outlier-detection/snakemake/outputs/simulated/plots/8_2_3.8_0.05.png, /home/gahacat/Documents/GitHub/outlier-detection/snakemake/outputs/simulated/plots/8_2_3.8_0.1.png, /home/gahacat/Documents/GitHub/outlier-detection/snakemake/outputs/simulated/plots/8_2_3.8_0.15.png, /home/gahacat/Documents/GitHub/outlier-detection/snakemake/outputs/simulated/plots/8_2_3.8_0.2.png, /home/gahacat/Documents/GitHub/outlier-detection/snakemake/outputs/simulated/plots/8_2_4.2_0.0.png, /home/gahacat/Documents/GitHub/outlier-detection/snakemake/outputs/simulated/plots/8_2_4.2_0.05.png, /home/gahacat/Documents/GitHub/outlier-detection/snakemake/outputs/simulated/plots/8_2_4.2_0.1.png, /home/gahacat/Documents/GitHub/outlier-detection/snakemake/outputs/simulated/plots/8_2_4.2_0.15.png, /home/gahacat/Documents/GitHub/outlier-detection/snakemake/outputs/simulated/plots/8_2_4.2_0.2.png, /home/gahacat/Documents/GitHub/outlier-detection/snakemake/outputs/simulated/plots/8_2_4.6_0.0.png, /home/gahacat/Documents/GitHub/outlier-detection/snakemake/outputs/simulated/plots/8_2_4.6_0.05.png, /home/gahacat/Documents/GitHub/outlier-detection/snakemake/outputs/simulated/plots/8_2_4.6_0.1.png, /home/gahacat/Documents/GitHub/outlier-detection/snakemake/outputs/simulated/plots/8_2_4.6_0.15.png, /home/gahacat/Documents/GitHub/outlier-detection/snakemake/outputs/simulated/plots/8_2_4.6_0.2.png, /home/gahacat/Documents/GitHub/outlier-detection/snakemake/outputs/simulated/plots/8_2_5.0_0.0.png, /home/gahacat/Documents/GitHub/outlier-detection/snakemake/outputs/simulated/plots/8_2_5.0_0.05.png, /home/gahacat/Documents/GitHub/outlier-detection/snakemake/outputs/simulated/plots/8_2_5.0_0.1.png, /home/gahacat/Documents/GitHub/outlier-detection/snakemake/outputs/simulated/plots/8_2_5.0_0.15.png, /home/gahacat/Documents/GitHub/outlier-detection/snakemake/outputs/simulated/plots/8_2_5.0_0.2.png, /home/gahacat/Documents/GitHub/outlier-detection/snakemake/outputs/simulated/plots/8_2_5.4_0.0.png, /home/gahacat/Documents/GitHub/outlier-detection/snakemake/outputs/simulated/plots/8_2_5.4_0.05.png, /home/gahacat/Documents/GitHub/outlier-detection/snakemake/outputs/simulated/plots/8_2_5.4_0.1.png, /home/gahacat/Documents/GitHub/outlier-detection/snakemake/outputs/simulated/plots/8_2_5.4_0.15.png, /home/gahacat/Documents/GitHub/outlier-detection/snakemake/outputs/simulated/plots/8_2_5.4_0.2.png
    jobid: 0
    reason: Input files updated by another job: /home/gahacat/Documents/GitHub/outlier-detection/snakemake/outputs/simulated/plots/8_2_5.4_0.1.png, /home/gahacat/Documents/GitHub/outlier-detection/snakemake/outputs/simulated/plots/8_2_3.8_0.15.png, /home/gahacat/Documents/GitHub/outlier-detection/snakemake/outputs/simulated/plots/8_2_3.4_0.0.png, /home/gahacat/Documents/GitHub/outlier-detection/snakemake/outputs/simulated/plots/8_2_3.8_0.2.png, /home/gahacat/Documents/GitHub/outlier-detection/snakemake/outputs/simulated/plots/8_2_4.6_0.0.png, /home/gahacat/Documents/GitHub/outlier-detection/snakemake/outputs/simulated/plots/8_2_3.4_0.1.png, /home/gahacat/Documents/GitHub/outlier-detection/snakemake/outputs/simulated/plots/8_2_4.6_0.05.png, /home/gahacat/Documents/GitHub/outlier-detection/snakemake/outputs/simulated/plots/8_2_4.6_0.1.png, /home/gahacat/Documents/GitHub/outlier-detection/snakemake/outputs/simulated/plots/8_2_4.2_0.1.png, /home/gahacat/Documents/GitHub/outlier-detection/snakemake/outputs/simulated/plots/8_2_4.2_0.15.png, /home/gahacat/Documents/GitHub/outlier-detection/snakemake/outputs/simulated/plots/8_2_5.4_0.2.png, /home/gahacat/Documents/GitHub/outlier-detection/snakemake/outputs/simulated/plots/8_2_3.4_0.05.png, /home/gahacat/Documents/GitHub/outlier-detection/snakemake/outputs/simulated/plots/8_2_4.2_0.05.png, /home/gahacat/Documents/GitHub/outlier-detection/snakemake/outputs/simulated/plots/8_2_3.8_0.0.png, /home/gahacat/Documents/GitHub/outlier-detection/snakemake/outputs/simulated/plots/8_2_5.4_0.15.png, /home/gahacat/Documents/GitHub/outlier-detection/snakemake/outputs/simulated/plots/8_2_5.4_0.05.png, /home/gahacat/Documents/GitHub/outlier-detection/snakemake/outputs/simulated/plots/8_2_4.6_0.15.png, /home/gahacat/Documents/GitHub/outlier-detection/snakemake/outputs/simulated/plots/8_2_4.6_0.2.png, /home/gahacat/Documents/GitHub/outlier-detection/snakemake/outputs/simulated/plots/8_2_3.8_0.05.png, /home/gahacat/Documents/GitHub/outlier-detection/snakemake/outputs/simulated/plots/8_2_3.4_0.15.png, /home/gahacat/Documents/GitHub/outlier-detection/snakemake/outputs/simulated/plots/8_2_5.4_0.0.png, /home/gahacat/Documents/GitHub/outlier-detection/snakemake/outputs/simulated/plots/8_2_4.2_0.2.png, /home/gahacat/Documents/GitHub/outlier-detection/snakemake/outputs/simulated/plots/8_2_3.4_0.2.png, /home/gahacat/Documents/GitHub/outlier-detection/snakemake/outputs/simulated/plots/8_2_4.2_0.0.png, /home/gahacat/Documents/GitHub/outlier-detection/snakemake/outputs/simulated/plots/8_2_3.8_0.1.png
    resources: tmpdir=/tmp

[Tue Apr 25 09:53:57 2023]
Finished job 0.
51 of 51 steps (100%) done
Complete log: .snakemake/log/2023-04-25T095105.658678.snakemake.log
