Building DAG of jobs...
Using shell: /usr/bin/bash
Provided cores: 5
Rules claiming more threads will be scaled down.
Job stats:
job           count    min threads    max threads
----------  -------  -------------  -------------
all               1              1              1
pb_feature       14              1              1
total            15              1              1

Select jobs to execute...

[Sat May 20 01:38:58 2023]
rule pb_feature:
    input: /home/gahacat/BI2021/2022-2023/VUMC/snakemake_outputs/simulated/8_1_5.4_0.2.csv
    output: /home/gahacat/BI2021/2022-2023/VUMC/snakemake_outputs/feature_generated/pb_feature/8_1_5.4_0.2_4_pb_featured.csv
    jobid: 191
    reason: Missing output files: /home/gahacat/BI2021/2022-2023/VUMC/snakemake_outputs/feature_generated/pb_feature/8_1_5.4_0.2_4_pb_featured.csv
    wildcards: n_marker=8, n_tweaks=1, outlier_center_dist=5.4, outlier_ratio=0.2, n_recursion=4
    resources: tmpdir=/tmp


[Sat May 20 01:38:58 2023]
rule pb_feature:
    input: /home/gahacat/BI2021/2022-2023/VUMC/snakemake_outputs/simulated/16_2_4.6_0.05.csv
    output: /home/gahacat/BI2021/2022-2023/VUMC/snakemake_outputs/feature_generated/pb_feature/16_2_4.6_0.05_5_pb_featured.csv
    jobid: 234
    reason: Missing output files: /home/gahacat/BI2021/2022-2023/VUMC/snakemake_outputs/feature_generated/pb_feature/16_2_4.6_0.05_5_pb_featured.csv
    wildcards: n_marker=16, n_tweaks=2, outlier_center_dist=4.6, outlier_ratio=0.05, n_recursion=5
    resources: tmpdir=/tmp


[Sat May 20 01:38:58 2023]
rule pb_feature:
    input: /home/gahacat/BI2021/2022-2023/VUMC/snakemake_outputs/simulated/16_2_5.4_0.05.csv
    output: /home/gahacat/BI2021/2022-2023/VUMC/snakemake_outputs/feature_generated/pb_feature/16_2_5.4_0.05_4_pb_featured.csv
    jobid: 237
    reason: Missing output files: /home/gahacat/BI2021/2022-2023/VUMC/snakemake_outputs/feature_generated/pb_feature/16_2_5.4_0.05_4_pb_featured.csv
    wildcards: n_marker=16, n_tweaks=2, outlier_center_dist=5.4, outlier_ratio=0.05, n_recursion=4
    resources: tmpdir=/tmp


[Sat May 20 01:38:58 2023]
rule pb_feature:
    input: /home/gahacat/BI2021/2022-2023/VUMC/snakemake_outputs/simulated/8_3_4.6_0.2.csv
    output: /home/gahacat/BI2021/2022-2023/VUMC/snakemake_outputs/feature_generated/pb_feature/8_3_4.6_0.2_4_pb_featured.csv
    jobid: 211
    reason: Missing output files: /home/gahacat/BI2021/2022-2023/VUMC/snakemake_outputs/feature_generated/pb_feature/8_3_4.6_0.2_4_pb_featured.csv
    wildcards: n_marker=8, n_tweaks=3, outlier_center_dist=4.6, outlier_ratio=0.2, n_recursion=4
    resources: tmpdir=/tmp


[Sat May 20 01:38:58 2023]
rule pb_feature:
    input: /home/gahacat/BI2021/2022-2023/VUMC/snakemake_outputs/simulated/8_3_5.4_0.05.csv
    output: /home/gahacat/BI2021/2022-2023/VUMC/snakemake_outputs/feature_generated/pb_feature/8_3_5.4_0.05_4_pb_featured.csv
    jobid: 213
    reason: Missing output files: /home/gahacat/BI2021/2022-2023/VUMC/snakemake_outputs/feature_generated/pb_feature/8_3_5.4_0.05_4_pb_featured.csv
    wildcards: n_marker=8, n_tweaks=3, outlier_center_dist=5.4, outlier_ratio=0.05, n_recursion=4
    resources: tmpdir=/tmp

[Sat May 20 01:41:51 2023]
Finished job 211.
1 of 15 steps (7%) done
Select jobs to execute...

[Sat May 20 01:41:51 2023]
rule pb_feature:
    input: /home/gahacat/BI2021/2022-2023/VUMC/snakemake_outputs/simulated/16_1_4.6_0.2.csv
    output: /home/gahacat/BI2021/2022-2023/VUMC/snakemake_outputs/feature_generated/pb_feature/16_1_4.6_0.2_4_pb_featured.csv
    jobid: 223
    reason: Missing output files: /home/gahacat/BI2021/2022-2023/VUMC/snakemake_outputs/feature_generated/pb_feature/16_1_4.6_0.2_4_pb_featured.csv
    wildcards: n_marker=16, n_tweaks=1, outlier_center_dist=4.6, outlier_ratio=0.2, n_recursion=4
    resources: tmpdir=/tmp

[Sat May 20 01:41:52 2023]
Finished job 213.
2 of 15 steps (13%) done
Select jobs to execute...

[Sat May 20 01:41:52 2023]
rule pb_feature:
    input: /home/gahacat/BI2021/2022-2023/VUMC/snakemake_outputs/simulated/8_3_4.6_0.05.csv
    output: /home/gahacat/BI2021/2022-2023/VUMC/snakemake_outputs/feature_generated/pb_feature/8_3_4.6_0.05_4_pb_featured.csv
    jobid: 209
    reason: Missing output files: /home/gahacat/BI2021/2022-2023/VUMC/snakemake_outputs/feature_generated/pb_feature/8_3_4.6_0.05_4_pb_featured.csv
    wildcards: n_marker=8, n_tweaks=3, outlier_center_dist=4.6, outlier_ratio=0.05, n_recursion=4
    resources: tmpdir=/tmp

[Sat May 20 01:42:45 2023]
Finished job 191.
3 of 15 steps (20%) done
Select jobs to execute...

[Sat May 20 01:42:45 2023]
rule pb_feature:
    input: /home/gahacat/BI2021/2022-2023/VUMC/snakemake_outputs/simulated/8_3_3.8_0.2.csv
    output: /home/gahacat/BI2021/2022-2023/VUMC/snakemake_outputs/feature_generated/pb_feature/8_3_3.8_0.2_4_pb_featured.csv
    jobid: 207
    reason: Missing output files: /home/gahacat/BI2021/2022-2023/VUMC/snakemake_outputs/feature_generated/pb_feature/8_3_3.8_0.2_4_pb_featured.csv
    wildcards: n_marker=8, n_tweaks=3, outlier_center_dist=3.8, outlier_ratio=0.2, n_recursion=4
    resources: tmpdir=/tmp

[Sat May 20 01:43:47 2023]
Error in rule pb_feature:
    jobid: 234
    output: /home/gahacat/BI2021/2022-2023/VUMC/snakemake_outputs/feature_generated/pb_feature/16_2_4.6_0.05_5_pb_featured.csv
    shell:
        Rscript scripts/flowFP_pb.R -i /home/gahacat/BI2021/2022-2023/VUMC/snakemake_outputs/simulated/16_2_4.6_0.05.csv -n 5 -o /home/gahacat/BI2021/2022-2023/VUMC/snakemake_outputs/feature_generated/pb_feature/16_2_4.6_0.05_5_pb_featured.csv 
        (one of the commands exited with non-zero exit code; note that snakemake uses bash strict mode!)

[Sat May 20 01:44:42 2023]
Finished job 209.
4 of 15 steps (27%) done
[Sat May 20 01:44:47 2023]
Finished job 237.
5 of 15 steps (33%) done
[Sat May 20 01:45:16 2023]
Finished job 207.
6 of 15 steps (40%) done
[Sat May 20 01:46:41 2023]
Finished job 223.
7 of 15 steps (47%) done
Shutting down, this might take some time.
Exiting because a job execution failed. Look above for error message
Complete log: .snakemake/log/2023-05-20T013857.779085.snakemake.log
