Building DAG of jobs...
Using shell: /usr/bin/bash
Provided cores: 5
Rules claiming more threads will be scaled down.
Job stats:
job           count    min threads    max threads
----------  -------  -------------  -------------
all               1              1              1
pb_feature       30              1              1
total            31              1              1

Select jobs to execute...

[Fri May 19 22:17:52 2023]
rule pb_feature:
    input: /home/gahacat/BI2021/2022-2023/VUMC/snakemake_outputs/simulated/16_2_3.8_0.05.csv
    output: /home/gahacat/BI2021/2022-2023/VUMC/snakemake_outputs/feature_generated/pb_feature/16_2_3.8_0.05_4_pb_featured.csv
    jobid: 229
    reason: Missing output files: /home/gahacat/BI2021/2022-2023/VUMC/snakemake_outputs/feature_generated/pb_feature/16_2_3.8_0.05_4_pb_featured.csv
    wildcards: n_marker=16, n_tweaks=2, outlier_center_dist=3.8, outlier_ratio=0.05, n_recursion=4
    resources: tmpdir=/tmp


[Fri May 19 22:17:52 2023]
rule pb_feature:
    input: /home/gahacat/BI2021/2022-2023/VUMC/snakemake_outputs/simulated/16_3_5.4_0.05.csv
    output: /home/gahacat/BI2021/2022-2023/VUMC/snakemake_outputs/feature_generated/pb_feature/16_3_5.4_0.05_4_pb_featured.csv
    jobid: 249
    reason: Missing output files: /home/gahacat/BI2021/2022-2023/VUMC/snakemake_outputs/feature_generated/pb_feature/16_3_5.4_0.05_4_pb_featured.csv
    wildcards: n_marker=16, n_tweaks=3, outlier_center_dist=5.4, outlier_ratio=0.05, n_recursion=4
    resources: tmpdir=/tmp


[Fri May 19 22:17:52 2023]
rule pb_feature:
    input: /home/gahacat/BI2021/2022-2023/VUMC/snakemake_outputs/simulated/16_2_4.6_0.2.csv
    output: /home/gahacat/BI2021/2022-2023/VUMC/snakemake_outputs/feature_generated/pb_feature/16_2_4.6_0.2_4_pb_featured.csv
    jobid: 235
    reason: Missing output files: /home/gahacat/BI2021/2022-2023/VUMC/snakemake_outputs/feature_generated/pb_feature/16_2_4.6_0.2_4_pb_featured.csv
    wildcards: n_marker=16, n_tweaks=2, outlier_center_dist=4.6, outlier_ratio=0.2, n_recursion=4
    resources: tmpdir=/tmp


[Fri May 19 22:17:52 2023]
rule pb_feature:
    input: /home/gahacat/BI2021/2022-2023/VUMC/snakemake_outputs/simulated/16_2_5.4_0.05.csv
    output: /home/gahacat/BI2021/2022-2023/VUMC/snakemake_outputs/feature_generated/pb_feature/16_2_5.4_0.05_4_pb_featured.csv
    jobid: 237
    reason: Missing output files: /home/gahacat/BI2021/2022-2023/VUMC/snakemake_outputs/feature_generated/pb_feature/16_2_5.4_0.05_4_pb_featured.csv
    wildcards: n_marker=16, n_tweaks=2, outlier_center_dist=5.4, outlier_ratio=0.05, n_recursion=4
    resources: tmpdir=/tmp


[Fri May 19 22:17:52 2023]
rule pb_feature:
    input: /home/gahacat/BI2021/2022-2023/VUMC/snakemake_outputs/simulated/8_2_5.4_0.05.csv
    output: /home/gahacat/BI2021/2022-2023/VUMC/snakemake_outputs/feature_generated/pb_feature/8_2_5.4_0.05_4_pb_featured.csv
    jobid: 201
    reason: Missing output files: /home/gahacat/BI2021/2022-2023/VUMC/snakemake_outputs/feature_generated/pb_feature/8_2_5.4_0.05_4_pb_featured.csv
    wildcards: n_marker=8, n_tweaks=2, outlier_center_dist=5.4, outlier_ratio=0.05, n_recursion=4
    resources: tmpdir=/tmp

[Fri May 19 22:20:47 2023]
Error in rule pb_feature:
    jobid: 237
    output: /home/gahacat/BI2021/2022-2023/VUMC/snakemake_outputs/feature_generated/pb_feature/16_2_5.4_0.05_4_pb_featured.csv
    shell:
        Rscript scripts/flowFP_pb.R -i /home/gahacat/BI2021/2022-2023/VUMC/snakemake_outputs/simulated/16_2_5.4_0.05.csv -n 4 -o /home/gahacat/BI2021/2022-2023/VUMC/snakemake_outputs/feature_generated/pb_feature/16_2_5.4_0.05_4_pb_featured.csv 
        (one of the commands exited with non-zero exit code; note that snakemake uses bash strict mode!)

[Fri May 19 22:21:10 2023]
Finished job 201.
1 of 31 steps (3%) done
[Fri May 19 22:23:27 2023]
Finished job 249.
2 of 31 steps (6%) done
[Fri May 19 22:23:53 2023]
Finished job 235.
3 of 31 steps (10%) done
[Fri May 19 22:23:53 2023]
Finished job 229.
4 of 31 steps (13%) done
Shutting down, this might take some time.
Exiting because a job execution failed. Look above for error message
Complete log: .snakemake/log/2023-05-19T221751.494153.snakemake.log
