Building DAG of jobs...
Using shell: /usr/bin/bash
Provided cores: 10
Rules claiming more threads will be scaled down.
Job stats:
job                        count    min threads    max threads
-----------------------  -------  -------------  -------------
all                            1              1              1
dist_feature                   2              1              1
npb_feature                    2              1              1
pb_feature                     2              1              1
simulate_data                  1              1              1
simulation_visualizaion        1              1              1
stat_feature                   1              1              1
total                         10              1              1

Select jobs to execute...

[Wed Apr 19 11:42:45 2023]
rule simulate_data:
    output: /home/gahacat/Documents/GitHub/outlier-detection/snakemake/outputs/simulated/8_2_10_0.1.csv
    jobid: 2
    reason: Missing output files: /home/gahacat/Documents/GitHub/outlier-detection/snakemake/outputs/simulated/8_2_10_0.1.csv
    wildcards: n_marker=8, n_tweaks=2, outlier_center_dist=10, outlier_ratio=0.1
    resources: tmpdir=/tmp

[Wed Apr 19 11:42:48 2023]
Finished job 2.
1 of 10 steps (10%) done
Select jobs to execute...

[Wed Apr 19 11:42:48 2023]
rule dist_feature:
    input: /home/gahacat/Documents/GitHub/outlier-detection/snakemake/outputs/simulated/8_2_10_0.1.csv
    output: /home/gahacat/Documents/GitHub/outlier-detection/snakemake/outputs/feature_generated/dist_feature/8_2_10_0.1_EMD_dist_featured.csv
    jobid: 8
    reason: Missing output files: /home/gahacat/Documents/GitHub/outlier-detection/snakemake/outputs/feature_generated/dist_feature/8_2_10_0.1_EMD_dist_featured.csv; Input files updated by another job: /home/gahacat/Documents/GitHub/outlier-detection/snakemake/outputs/simulated/8_2_10_0.1.csv
    wildcards: n_marker=8, n_tweaks=2, outlier_center_dist=10, outlier_ratio=0.1, dist_metric=EMD
    resources: tmpdir=/tmp


[Wed Apr 19 11:42:48 2023]
rule stat_feature:
    input: /home/gahacat/Documents/GitHub/outlier-detection/snakemake/outputs/simulated/8_2_10_0.1.csv
    output: /home/gahacat/Documents/GitHub/outlier-detection/snakemake/outputs/feature_generated/stat_feature/8_2_10_0.1_stat_featured.csv
    jobid: 3
    reason: Missing output files: /home/gahacat/Documents/GitHub/outlier-detection/snakemake/outputs/feature_generated/stat_feature/8_2_10_0.1_stat_featured.csv; Input files updated by another job: /home/gahacat/Documents/GitHub/outlier-detection/snakemake/outputs/simulated/8_2_10_0.1.csv
    wildcards: n_marker=8, n_tweaks=2, outlier_center_dist=10, outlier_ratio=0.1
    resources: tmpdir=/tmp


[Wed Apr 19 11:42:48 2023]
rule npb_feature:
    input: /home/gahacat/Documents/GitHub/outlier-detection/snakemake/outputs/simulated/8_2_10_0.1.csv
    output: /home/gahacat/Documents/GitHub/outlier-detection/snakemake/outputs/feature_generated/npb_feature/8_2_10_0.1_10_npb_featured.csv
    jobid: 4
    reason: Missing output files: /home/gahacat/Documents/GitHub/outlier-detection/snakemake/outputs/feature_generated/npb_feature/8_2_10_0.1_10_npb_featured.csv; Input files updated by another job: /home/gahacat/Documents/GitHub/outlier-detection/snakemake/outputs/simulated/8_2_10_0.1.csv
    wildcards: n_marker=8, n_tweaks=2, outlier_center_dist=10, outlier_ratio=0.1, n_bins=10
    resources: tmpdir=/tmp


[Wed Apr 19 11:42:48 2023]
rule pb_feature:
    input: /home/gahacat/Documents/GitHub/outlier-detection/snakemake/outputs/simulated/8_2_10_0.1.csv
    output: /home/gahacat/Documents/GitHub/outlier-detection/snakemake/outputs/feature_generated/pb_feature/8_2_10_0.1_5_pb_featured.csv
    jobid: 7
    reason: Missing output files: /home/gahacat/Documents/GitHub/outlier-detection/snakemake/outputs/feature_generated/pb_feature/8_2_10_0.1_5_pb_featured.csv; Input files updated by another job: /home/gahacat/Documents/GitHub/outlier-detection/snakemake/outputs/simulated/8_2_10_0.1.csv
    wildcards: n_marker=8, n_tweaks=2, outlier_center_dist=10, outlier_ratio=0.1, n_recursion=5
    resources: tmpdir=/tmp


[Wed Apr 19 11:42:48 2023]
rule dist_feature:
    input: /home/gahacat/Documents/GitHub/outlier-detection/snakemake/outputs/simulated/8_2_10_0.1.csv
    output: /home/gahacat/Documents/GitHub/outlier-detection/snakemake/outputs/feature_generated/dist_feature/8_2_10_0.1_KS_dist_featured.csv
    jobid: 9
    reason: Missing output files: /home/gahacat/Documents/GitHub/outlier-detection/snakemake/outputs/feature_generated/dist_feature/8_2_10_0.1_KS_dist_featured.csv; Input files updated by another job: /home/gahacat/Documents/GitHub/outlier-detection/snakemake/outputs/simulated/8_2_10_0.1.csv
    wildcards: n_marker=8, n_tweaks=2, outlier_center_dist=10, outlier_ratio=0.1, dist_metric=KS
    resources: tmpdir=/tmp


[Wed Apr 19 11:42:48 2023]
rule simulation_visualizaion:
    input: /home/gahacat/Documents/GitHub/outlier-detection/snakemake/outputs/simulated/8_2_10_0.1.csv
    output: /home/gahacat/Documents/GitHub/outlier-detection/snakemake/outputs/simulated/plots/8_2_10_0.1.png
    jobid: 1
    reason: Input files updated by another job: /home/gahacat/Documents/GitHub/outlier-detection/snakemake/outputs/simulated/8_2_10_0.1.csv
    wildcards: n_marker=8, n_tweaks=2, outlier_center_dist=10, outlier_ratio=0.1
    resources: tmpdir=/tmp


[Wed Apr 19 11:42:48 2023]
rule npb_feature:
    input: /home/gahacat/Documents/GitHub/outlier-detection/snakemake/outputs/simulated/8_2_10_0.1.csv
    output: /home/gahacat/Documents/GitHub/outlier-detection/snakemake/outputs/feature_generated/npb_feature/8_2_10_0.1_20_npb_featured.csv
    jobid: 5
    reason: Missing output files: /home/gahacat/Documents/GitHub/outlier-detection/snakemake/outputs/feature_generated/npb_feature/8_2_10_0.1_20_npb_featured.csv; Input files updated by another job: /home/gahacat/Documents/GitHub/outlier-detection/snakemake/outputs/simulated/8_2_10_0.1.csv
    wildcards: n_marker=8, n_tweaks=2, outlier_center_dist=10, outlier_ratio=0.1, n_bins=20
    resources: tmpdir=/tmp


[Wed Apr 19 11:42:48 2023]
rule pb_feature:
    input: /home/gahacat/Documents/GitHub/outlier-detection/snakemake/outputs/simulated/8_2_10_0.1.csv
    output: /home/gahacat/Documents/GitHub/outlier-detection/snakemake/outputs/feature_generated/pb_feature/8_2_10_0.1_4_pb_featured.csv
    jobid: 6
    reason: Missing output files: /home/gahacat/Documents/GitHub/outlier-detection/snakemake/outputs/feature_generated/pb_feature/8_2_10_0.1_4_pb_featured.csv; Input files updated by another job: /home/gahacat/Documents/GitHub/outlier-detection/snakemake/outputs/simulated/8_2_10_0.1.csv
    wildcards: n_marker=8, n_tweaks=2, outlier_center_dist=10, outlier_ratio=0.1, n_recursion=4
    resources: tmpdir=/tmp

[Wed Apr 19 11:42:51 2023]
Finished job 4.
2 of 10 steps (20%) done
[Wed Apr 19 11:42:51 2023]
Finished job 5.
3 of 10 steps (30%) done
[Wed Apr 19 11:42:53 2023]
Finished job 3.
4 of 10 steps (40%) done
[Wed Apr 19 11:42:57 2023]
Finished job 9.
5 of 10 steps (50%) done
[Wed Apr 19 11:42:57 2023]
Finished job 8.
6 of 10 steps (60%) done
[Wed Apr 19 11:43:01 2023]
Finished job 6.
7 of 10 steps (70%) done
[Wed Apr 19 11:43:02 2023]
Finished job 7.
8 of 10 steps (80%) done
[Wed Apr 19 11:43:11 2023]
Finished job 1.
9 of 10 steps (90%) done
Select jobs to execute...

[Wed Apr 19 11:43:11 2023]
localrule all:
    input: /home/gahacat/Documents/GitHub/outlier-detection/snakemake/outputs/simulated/plots/8_2_10_0.1.png, /home/gahacat/Documents/GitHub/outlier-detection/snakemake/outputs/feature_generated/stat_feature/8_2_10_0.1_stat_featured.csv, /home/gahacat/Documents/GitHub/outlier-detection/snakemake/outputs/feature_generated/npb_feature/8_2_10_0.1_10_npb_featured.csv, /home/gahacat/Documents/GitHub/outlier-detection/snakemake/outputs/feature_generated/npb_feature/8_2_10_0.1_20_npb_featured.csv, /home/gahacat/Documents/GitHub/outlier-detection/snakemake/outputs/feature_generated/pb_feature/8_2_10_0.1_4_pb_featured.csv, /home/gahacat/Documents/GitHub/outlier-detection/snakemake/outputs/feature_generated/pb_feature/8_2_10_0.1_5_pb_featured.csv, /home/gahacat/Documents/GitHub/outlier-detection/snakemake/outputs/feature_generated/dist_feature/8_2_10_0.1_EMD_dist_featured.csv, /home/gahacat/Documents/GitHub/outlier-detection/snakemake/outputs/feature_generated/dist_feature/8_2_10_0.1_KS_dist_featured.csv
    jobid: 0
    reason: Input files updated by another job: /home/gahacat/Documents/GitHub/outlier-detection/snakemake/outputs/feature_generated/npb_feature/8_2_10_0.1_10_npb_featured.csv, /home/gahacat/Documents/GitHub/outlier-detection/snakemake/outputs/feature_generated/npb_feature/8_2_10_0.1_20_npb_featured.csv, /home/gahacat/Documents/GitHub/outlier-detection/snakemake/outputs/feature_generated/stat_feature/8_2_10_0.1_stat_featured.csv, /home/gahacat/Documents/GitHub/outlier-detection/snakemake/outputs/feature_generated/dist_feature/8_2_10_0.1_EMD_dist_featured.csv, /home/gahacat/Documents/GitHub/outlier-detection/snakemake/outputs/feature_generated/dist_feature/8_2_10_0.1_KS_dist_featured.csv, /home/gahacat/Documents/GitHub/outlier-detection/snakemake/outputs/simulated/plots/8_2_10_0.1.png, /home/gahacat/Documents/GitHub/outlier-detection/snakemake/outputs/feature_generated/pb_feature/8_2_10_0.1_5_pb_featured.csv, /home/gahacat/Documents/GitHub/outlier-detection/snakemake/outputs/feature_generated/pb_feature/8_2_10_0.1_4_pb_featured.csv
    resources: tmpdir=/tmp

[Wed Apr 19 11:43:11 2023]
Finished job 0.
10 of 10 steps (100%) done
Complete log: .snakemake/log/2023-04-19T114244.954184.snakemake.log
