Building DAG of jobs...
Using shell: /usr/bin/bash
Provided cores: 10
Rules claiming more threads will be scaled down.
Job stats:
job                   count    min threads    max threads
------------------  -------  -------------  -------------
all                       1              1              1
simulation_summary        2              1              1
total                     3              1              1

Select jobs to execute...

[Fri May 26 14:00:26 2023]
rule simulation_summary:
    input: /home/gahacat/BI2021/2022-2023/VUMC/snakemake_outputs/simulated/8_1_10_0.1.csv
    output: /home/gahacat/BI2021/2022-2023/VUMC/snakemake_outputs/simulated/summary/8_1_10_0.1_summary.png
    jobid: 19
    reason: Missing output files: /home/gahacat/BI2021/2022-2023/VUMC/snakemake_outputs/simulated/summary/8_1_10_0.1_summary.png
    wildcards: n_marker=8, n_tweaks=1, outlier_center_dist=10, outlier_ratio=0.1
    resources: tmpdir=/tmp


[Fri May 26 14:00:26 2023]
rule simulation_summary:
    input: /home/gahacat/BI2021/2022-2023/VUMC/snakemake_outputs/simulated/16_1_10_0.1.csv
    output: /home/gahacat/BI2021/2022-2023/VUMC/snakemake_outputs/simulated/summary/16_1_10_0.1_summary.png
    jobid: 20
    reason: Missing output files: /home/gahacat/BI2021/2022-2023/VUMC/snakemake_outputs/simulated/summary/16_1_10_0.1_summary.png
    wildcards: n_marker=16, n_tweaks=1, outlier_center_dist=10, outlier_ratio=0.1
    resources: tmpdir=/tmp

[Fri May 26 14:00:28 2023]
Error in rule simulation_summary:
    jobid: 19
    output: /home/gahacat/BI2021/2022-2023/VUMC/snakemake_outputs/simulated/summary/8_1_10_0.1_summary.png
    shell:
        python3 scripts/simulation_summary.py /home/gahacat/BI2021/2022-2023/VUMC/snakemake_outputs/simulated/8_1_10_0.1.csv -out /home/gahacat/BI2021/2022-2023/VUMC/snakemake_outputs/simulated/summary/8_1_10_0.1_summary.png
        (one of the commands exited with non-zero exit code; note that snakemake uses bash strict mode!)

[Fri May 26 14:00:28 2023]
Error in rule simulation_summary:
    jobid: 20
    output: /home/gahacat/BI2021/2022-2023/VUMC/snakemake_outputs/simulated/summary/16_1_10_0.1_summary.png
    shell:
        python3 scripts/simulation_summary.py /home/gahacat/BI2021/2022-2023/VUMC/snakemake_outputs/simulated/16_1_10_0.1.csv -out /home/gahacat/BI2021/2022-2023/VUMC/snakemake_outputs/simulated/summary/16_1_10_0.1_summary.png
        (one of the commands exited with non-zero exit code; note that snakemake uses bash strict mode!)

Shutting down, this might take some time.
Exiting because a job execution failed. Look above for error message
Complete log: .snakemake/log/2023-05-26T140026.301568.snakemake.log
