Building DAG of jobs...
Using shell: /usr/bin/bash
Provided cores: 10
Rules claiming more threads will be scaled down.
Job stats:
job                        count    min threads    max threads
-----------------------  -------  -------------  -------------
all                            1              1              1
simulate_data                  1              1              1
simulation_visualizaion        2              1              1
stat_feature                   2              1              1
total                          6              1              1

Select jobs to execute...

[Fri May 26 11:49:55 2023]
rule simulation_visualizaion:
    input: /home/gahacat/BI2021/2022-2023/VUMC/snakemake_outputs/simulated/8_0_10_0.1.csv
    output: /home/gahacat/BI2021/2022-2023/VUMC/snakemake_outputs/simulated/plots/8_0_10_0.1.png
    jobid: 1
    reason: Missing output files: /home/gahacat/BI2021/2022-2023/VUMC/snakemake_outputs/simulated/plots/8_0_10_0.1.png
    wildcards: n_marker=8, n_tweaks=0, outlier_center_dist=10, outlier_ratio=0.1
    resources: tmpdir=/tmp


[Fri May 26 11:49:55 2023]
rule simulate_data:
    output: /home/gahacat/BI2021/2022-2023/VUMC/snakemake_outputs/simulated/16_0_10_0.1.csv
    jobid: 4
    reason: Missing output files: /home/gahacat/BI2021/2022-2023/VUMC/snakemake_outputs/simulated/16_0_10_0.1.csv
    wildcards: n_marker=16, n_tweaks=0, outlier_center_dist=10, outlier_ratio=0.1
    resources: tmpdir=/tmp


[Fri May 26 11:49:55 2023]
rule stat_feature:
    input: /home/gahacat/BI2021/2022-2023/VUMC/snakemake_outputs/simulated/8_0_10_0.1.csv
    output: /home/gahacat/BI2021/2022-2023/VUMC/snakemake_outputs/feature_generated/stat_feature/8_0_10_0.1_stat_featured.csv
    jobid: 5
    reason: Missing output files: /home/gahacat/BI2021/2022-2023/VUMC/snakemake_outputs/feature_generated/stat_feature/8_0_10_0.1_stat_featured.csv
    wildcards: n_marker=8, n_tweaks=0, outlier_center_dist=10, outlier_ratio=0.1
    resources: tmpdir=/tmp

[Fri May 26 11:50:02 2023]
Error in rule simulation_visualizaion:
    jobid: 1
    output: /home/gahacat/BI2021/2022-2023/VUMC/snakemake_outputs/simulated/plots/8_0_10_0.1.png
    shell:
        python3 scripts/simulation_visualization.py /home/gahacat/BI2021/2022-2023/VUMC/snakemake_outputs/simulated/8_0_10_0.1.csv 0 -out /home/gahacat/BI2021/2022-2023/VUMC/snakemake_outputs/simulated/plots/8_0_10_0.1.png
        (one of the commands exited with non-zero exit code; note that snakemake uses bash strict mode!)

[Fri May 26 11:50:03 2023]
Finished job 5.
1 of 6 steps (17%) done
[Fri May 26 11:50:49 2023]
Finished job 4.
2 of 6 steps (33%) done
Shutting down, this might take some time.
Exiting because a job execution failed. Look above for error message
Complete log: .snakemake/log/2023-05-26T114955.522171.snakemake.log
