Building DAG of jobs...
MissingInputException in rule all in line 20 of /home/gahacat/Documents/GitHub/outlier-detection/snakemake/Snakefile:
Missing input files for rule all:
    affected files:
        /home/gahacat/BI2021/2022-2023/VUMC/snakemake_outputs/feature_generated/dist_feature/8_1_3.8_0.05_EMD_dist_featured.csv
        /home/gahacat/BI2021/2022-2023/VUMC/snakemake_outputs/feature_generated/dist_feature/8_2_3.8_0.2_KS_dist_featured.csv
        /home/gahacat/BI2021/2022-2023/VUMC/snakemake_outputs/feature_generated/dist_feature/8_3_5.4_0.2_KS_dist_featured.csv
        /home/gahacat/BI2021/2022-2023/VUMC/snakemake_outputs/feature_generated/dist_feature/8_3_5.4_0.05_EMD_dist_featured.csv
        /home/gahacat/BI2021/2022-2023/VUMC/snakemake_outputs/feature_generated/dist_feature/8_2_4.6_0.05_EMD_dist_featured.csv
        /home/gahacat/BI2021/2022-2023/VUMC/snakemake_outputs/feature_generated/dist_feature/16_3_3.8_0.2_KS_dist_featured.csv
        /home/gahacat/BI2021/2022-2023/VUMC/snakemake_outputs/feature_generated/dist_feature/16_1_5.4_0.2_KS_dist_featured.csv
        /home/gahacat/BI2021/2022-2023/VUMC/snakemake_outputs/feature_generated/dist_feature/16_2_4.6_0.05_EMD_dist_featured.csv
        /home/gahacat/BI2021/2022-2023/VUMC/snakemake_outputs/feature_generated/dist_feature/16_1_3.8_0.05_EMD_dist_featured.csv
        /home/gahacat/BI2021/2022-2023/VUMC/snakemake_outputs/feature_generated/dist_feature/16_1_4.6_0.05_KS_dist_featured.csv
        /home/gahacat/BI2021/2022-2023/VUMC/snakemake_outputs/feature_generated/dist_feature/16_3_5.4_0.05_EMD_dist_featured.csv
        /home/gahacat/BI2021/2022-2023/VUMC/snakemake_outputs/feature_generated/dist_feature/8_2_5.4_0.2_KS_dist_featured.csv
        /home/gahacat/BI2021/2022-2023/VUMC/snakemake_outputs/feature_generated/dist_feature/16_2_3.8_0.2_EMD_dist_featured.csv
        /home/gahacat/BI2021/2022-2023/VUMC/snakemake_outputs/feature_generated/dist_feature/16_2_3.8_0.2_KS_dist_featured.csv
        /home/gahacat/BI2021/2022-2023/VUMC/snakemake_outputs/feature_generated/dist_feature/8_1_4.6_0.2_KS_dist_featured.csv
        /home/gahacat/BI2021/2022-2023/VUMC/snakemake_outputs/feature_generated/dist_feature/8_1_5.4_0.2_EMD_dist_featured.csv
        /home/gahacat/BI2021/2022-2023/VUMC/snakemake_outputs/feature_generated/dist_feature/8_2_5.4_0.05_KS_dist_featured.csv
        /home/gahacat/BI2021/2022-2023/VUMC/snakemake_outputs/feature_generated/dist_feature/16_2_5.4_0.05_EMD_dist_featured.csv
        /home/gahacat/BI2021/2022-2023/VUMC/snakemake_outputs/feature_generated/dist_feature/8_2_5.4_0.05_EMD_dist_featured.csv
        /home/gahacat/BI2021/2022-2023/VUMC/snakemake_outputs/feature_generated/dist_feature/8_1_3.8_0.2_KS_dist_featured.csv
        /home/gahacat/BI2021/2022-2023/VUMC/snakemake_outputs/feature_generated/dist_feature/8_1_3.8_0.05_KS_dist_featured.csv
        /home/gahacat/BI2021/2022-2023/VUMC/snakemake_outputs/feature_generated/dist_feature/8_3_3.8_0.05_EMD_dist_featured.csv
        /home/gahacat/BI2021/2022-2023/VUMC/snakemake_outputs/feature_generated/dist_feature/8_2_3.8_0.05_EMD_dist_featured.csv
        /home/gahacat/BI2021/2022-2023/VUMC/snakemake_outputs/feature_generated/dist_feature/8_3_4.6_0.2_EMD_dist_featured.csv
        /home/gahacat/BI2021/2022-2023/VUMC/snakemake_outputs/feature_generated/dist_feature/8_3_3.8_0.2_KS_dist_featured.csv
        /home/gahacat/BI2021/2022-2023/VUMC/snakemake_outputs/feature_generated/dist_feature/16_1_3.8_0.2_KS_dist_featured.csv
        /home/gahacat/BI2021/2022-2023/VUMC/snakemake_outputs/feature_generated/dist_feature/16_3_5.4_0.2_EMD_dist_featured.csv
        /home/gahacat/BI2021/2022-2023/VUMC/snakemake_outputs/feature_generated/dist_feature/8_3_5.4_0.2_EMD_dist_featured.csv
        /home/gahacat/BI2021/2022-2023/VUMC/snakemake_outputs/feature_generated/dist_feature/16_1_3.8_0.05_KS_dist_featured.csv
        /home/gahacat/BI2021/2022-2023/VUMC/snakemake_outputs/feature_generated/dist_feature/16_3_4.6_0.05_EMD_dist_featured.csv
        /home/gahacat/BI2021/2022-2023/VUMC/snakemake_outputs/feature_generated/dist_feature/16_3_4.6_0.2_KS_dist_featured.csv
        /home/gahacat/BI2021/2022-2023/VUMC/snakemake_outputs/feature_generated/dist_feature/8_1_5.4_0.05_KS_dist_featured.csv
        /home/gahacat/BI2021/2022-2023/VUMC/snakemake_outputs/feature_generated/dist_feature/16_1_4.6_0.2_KS_dist_featured.csv
        /home/gahacat/BI2021/2022-2023/VUMC/snakemake_outputs/feature_generated/dist_feature/16_2_3.8_0.05_EMD_dist_featured.csv
        /home/gahacat/BI2021/2022-2023/VUMC/snakemake_outputs/feature_generated/dist_feature/8_2_5.4_0.2_EMD_dist_featured.csv
        /home/gahacat/BI2021/2022-2023/VUMC/snakemake_outputs/feature_generated/dist_feature/8_1_4.6_0.2_EMD_dist_featured.csv
        /home/gahacat/BI2021/2022-2023/VUMC/snakemake_outputs/feature_generated/dist_feature/16_1_5.4_0.05_EMD_dist_featured.csv
        /home/gahacat/BI2021/2022-2023/VUMC/snakemake_outputs/feature_generated/dist_feature/16_2_3.8_0.05_KS_dist_featured.csv
        /home/gahacat/BI2021/2022-2023/VUMC/snakemake_outputs/feature_generated/dist_feature/16_3_4.6_0.2_EMD_dist_featured.csv
        /home/gahacat/BI2021/2022-2023/VUMC/snakemake_outputs/feature_generated/dist_feature/8_2_4.6_0.2_EMD_dist_featured.csv
        /home/gahacat/BI2021/2022-2023/VUMC/snakemake_outputs/feature_generated/dist_feature/16_3_5.4_0.05_KS_dist_featured.csv
        /home/gahacat/BI2021/2022-2023/VUMC/snakemake_outputs/feature_generated/dist_feature/8_1_4.6_0.05_EMD_dist_featured.csv
        /home/gahacat/BI2021/2022-2023/VUMC/snakemake_outputs/feature_generated/dist_feature/8_2_3.8_0.05_KS_dist_featured.csv
        /home/gahacat/BI2021/2022-2023/VUMC/snakemake_outputs/feature_generated/dist_feature/8_3_4.6_0.05_KS_dist_featured.csv
        /home/gahacat/BI2021/2022-2023/VUMC/snakemake_outputs/feature_generated/dist_feature/8_3_4.6_0.2_KS_dist_featured.csv
        /home/gahacat/BI2021/2022-2023/VUMC/snakemake_outputs/feature_generated/dist_feature/16_2_5.4_0.2_KS_dist_featured.csv
        /home/gahacat/BI2021/2022-2023/VUMC/snakemake_outputs/feature_generated/dist_feature/8_3_3.8_0.05_KS_dist_featured.csv
        /home/gahacat/BI2021/2022-2023/VUMC/snakemake_outputs/feature_generated/dist_feature/16_1_3.8_0.2_EMD_dist_featured.csv
        /home/gahacat/BI2021/2022-2023/VUMC/snakemake_outputs/feature_generated/dist_feature/16_3_4.6_0.05_KS_dist_featured.csv
        /home/gahacat/BI2021/2022-2023/VUMC/snakemake_outputs/feature_generated/dist_feature/8_1_4.6_0.05_KS_dist_featured.csv
        /home/gahacat/BI2021/2022-2023/VUMC/snakemake_outputs/feature_generated/dist_feature/16_1_4.6_0.05_EMD_dist_featured.csv
        /home/gahacat/BI2021/2022-2023/VUMC/snakemake_outputs/feature_generated/dist_feature/8_2_4.6_0.05_KS_dist_featured.csv
        /home/gahacat/BI2021/2022-2023/VUMC/snakemake_outputs/feature_generated/dist_feature/8_3_3.8_0.2_EMD_dist_featured.csv
        /home/gahacat/BI2021/2022-2023/VUMC/snakemake_outputs/feature_generated/dist_feature/16_3_3.8_0.05_EMD_dist_featured.csv
        /home/gahacat/BI2021/2022-2023/VUMC/snakemake_outputs/feature_generated/dist_feature/16_3_5.4_0.2_KS_dist_featured.csv
        /home/gahacat/BI2021/2022-2023/VUMC/snakemake_outputs/feature_generated/dist_feature/8_1_5.4_0.05_EMD_dist_featured.csv
        /home/gahacat/BI2021/2022-2023/VUMC/snakemake_outputs/feature_generated/dist_feature/8_2_4.6_0.2_KS_dist_featured.csv
        /home/gahacat/BI2021/2022-2023/VUMC/snakemake_outputs/feature_generated/dist_feature/8_3_5.4_0.05_KS_dist_featured.csv
        /home/gahacat/BI2021/2022-2023/VUMC/snakemake_outputs/feature_generated/dist_feature/8_1_5.4_0.2_KS_dist_featured.csv
        /home/gahacat/BI2021/2022-2023/VUMC/snakemake_outputs/feature_generated/dist_feature/16_1_5.4_0.2_EMD_dist_featured.csv
        /home/gahacat/BI2021/2022-2023/VUMC/snakemake_outputs/feature_generated/dist_feature/8_2_3.8_0.2_EMD_dist_featured.csv
        /home/gahacat/BI2021/2022-2023/VUMC/snakemake_outputs/feature_generated/dist_feature/16_2_4.6_0.2_KS_dist_featured.csv
        /home/gahacat/BI2021/2022-2023/VUMC/snakemake_outputs/feature_generated/dist_feature/16_3_3.8_0.05_KS_dist_featured.csv
        /home/gahacat/BI2021/2022-2023/VUMC/snakemake_outputs/feature_generated/dist_feature/16_3_3.8_0.2_EMD_dist_featured.csv
        /home/gahacat/BI2021/2022-2023/VUMC/snakemake_outputs/feature_generated/dist_feature/16_1_5.4_0.05_KS_dist_featured.csv
        /home/gahacat/BI2021/2022-2023/VUMC/snakemake_outputs/feature_generated/dist_feature/16_2_5.4_0.05_KS_dist_featured.csv
        /home/gahacat/BI2021/2022-2023/VUMC/snakemake_outputs/feature_generated/dist_feature/16_2_5.4_0.2_EMD_dist_featured.csv
        /home/gahacat/BI2021/2022-2023/VUMC/snakemake_outputs/feature_generated/dist_feature/8_3_4.6_0.05_EMD_dist_featured.csv
        /home/gahacat/BI2021/2022-2023/VUMC/snakemake_outputs/feature_generated/dist_feature/16_2_4.6_0.2_EMD_dist_featured.csv
        /home/gahacat/BI2021/2022-2023/VUMC/snakemake_outputs/feature_generated/dist_feature/8_1_3.8_0.2_EMD_dist_featured.csv
        /home/gahacat/BI2021/2022-2023/VUMC/snakemake_outputs/feature_generated/dist_feature/16_2_4.6_0.05_KS_dist_featured.csv
        /home/gahacat/BI2021/2022-2023/VUMC/snakemake_outputs/feature_generated/dist_feature/16_1_4.6_0.2_EMD_dist_featured.csv
