Building DAG of jobs...
Using shell: /usr/bin/bash
Provided cores: 10
Rules claiming more threads will be scaled down.
Job stats:
job             count    min threads    max threads
------------  -------  -------------  -------------
all                 1              1              1
dist_feature        4              1              1
total               5              1              1

Select jobs to execute...

[Fri May 26 12:05:29 2023]
rule dist_feature:
    input: /home/gahacat/BI2021/2022-2023/VUMC/snakemake_outputs/simulated/16_1_10_0.1.csv
    output: /home/gahacat/BI2021/2022-2023/VUMC/snakemake_outputs/feature_generated/dist_EMD_feature/16_1_10_0.1_EMD_featured.csv
    jobid: 13
    reason: Missing output files: /home/gahacat/BI2021/2022-2023/VUMC/snakemake_outputs/feature_generated/dist_EMD_feature/16_1_10_0.1_EMD_featured.csv
    wildcards: dist_metric=EMD, n_marker=16, n_tweaks=1, outlier_center_dist=10, outlier_ratio=0.1
    resources: tmpdir=/tmp


[Fri May 26 12:05:29 2023]
rule dist_feature:
    input: /home/gahacat/BI2021/2022-2023/VUMC/snakemake_outputs/simulated/16_1_10_0.1.csv
    output: /home/gahacat/BI2021/2022-2023/VUMC/snakemake_outputs/feature_generated/dist_KS_feature/16_1_10_0.1_KS_featured.csv
    jobid: 14
    reason: Missing output files: /home/gahacat/BI2021/2022-2023/VUMC/snakemake_outputs/feature_generated/dist_KS_feature/16_1_10_0.1_KS_featured.csv
    wildcards: dist_metric=KS, n_marker=16, n_tweaks=1, outlier_center_dist=10, outlier_ratio=0.1
    resources: tmpdir=/tmp


[Fri May 26 12:05:29 2023]
rule dist_feature:
    input: /home/gahacat/BI2021/2022-2023/VUMC/snakemake_outputs/simulated/8_1_10_0.1.csv
    output: /home/gahacat/BI2021/2022-2023/VUMC/snakemake_outputs/feature_generated/dist_EMD_feature/8_1_10_0.1_EMD_featured.csv
    jobid: 11
    reason: Missing output files: /home/gahacat/BI2021/2022-2023/VUMC/snakemake_outputs/feature_generated/dist_EMD_feature/8_1_10_0.1_EMD_featured.csv
    wildcards: dist_metric=EMD, n_marker=8, n_tweaks=1, outlier_center_dist=10, outlier_ratio=0.1
    resources: tmpdir=/tmp


[Fri May 26 12:05:29 2023]
rule dist_feature:
    input: /home/gahacat/BI2021/2022-2023/VUMC/snakemake_outputs/simulated/8_1_10_0.1.csv
    output: /home/gahacat/BI2021/2022-2023/VUMC/snakemake_outputs/feature_generated/dist_KS_feature/8_1_10_0.1_KS_featured.csv
    jobid: 12
    reason: Missing output files: /home/gahacat/BI2021/2022-2023/VUMC/snakemake_outputs/feature_generated/dist_KS_feature/8_1_10_0.1_KS_featured.csv
    wildcards: dist_metric=KS, n_marker=8, n_tweaks=1, outlier_center_dist=10, outlier_ratio=0.1
    resources: tmpdir=/tmp

[Fri May 26 12:05:59 2023]
Finished job 12.
1 of 5 steps (20%) done
[Fri May 26 12:06:14 2023]
Finished job 11.
2 of 5 steps (40%) done
[Fri May 26 12:18:49 2023]
Finished job 14.
3 of 5 steps (60%) done
[Fri May 26 12:29:01 2023]
Finished job 13.
4 of 5 steps (80%) done
Select jobs to execute...

[Fri May 26 12:29:01 2023]
localrule all:
    input: /home/gahacat/BI2021/2022-2023/VUMC/snakemake_outputs/simulated/plots/8_1_10_0.1.png, /home/gahacat/BI2021/2022-2023/VUMC/snakemake_outputs/simulated/plots/16_1_10_0.1.png, /home/gahacat/BI2021/2022-2023/VUMC/snakemake_outputs/feature_generated/stat_feature/8_1_10_0.1_stat_featured.csv, /home/gahacat/BI2021/2022-2023/VUMC/snakemake_outputs/feature_generated/stat_feature/16_1_10_0.1_stat_featured.csv, /home/gahacat/BI2021/2022-2023/VUMC/snakemake_outputs/feature_generated/npb_feature/8_1_10_0.1_10_npb_featured.csv, /home/gahacat/BI2021/2022-2023/VUMC/snakemake_outputs/feature_generated/npb_feature/8_1_10_0.1_20_npb_featured.csv, /home/gahacat/BI2021/2022-2023/VUMC/snakemake_outputs/feature_generated/npb_feature/16_1_10_0.1_10_npb_featured.csv, /home/gahacat/BI2021/2022-2023/VUMC/snakemake_outputs/feature_generated/npb_feature/16_1_10_0.1_20_npb_featured.csv, /home/gahacat/BI2021/2022-2023/VUMC/snakemake_outputs/feature_generated/dist_EMD_feature/8_1_10_0.1_EMD_featured.csv, /home/gahacat/BI2021/2022-2023/VUMC/snakemake_outputs/feature_generated/dist_KS_feature/8_1_10_0.1_KS_featured.csv, /home/gahacat/BI2021/2022-2023/VUMC/snakemake_outputs/feature_generated/dist_EMD_feature/16_1_10_0.1_EMD_featured.csv, /home/gahacat/BI2021/2022-2023/VUMC/snakemake_outputs/feature_generated/dist_KS_feature/16_1_10_0.1_KS_featured.csv
    jobid: 0
    reason: Input files updated by another job: /home/gahacat/BI2021/2022-2023/VUMC/snakemake_outputs/feature_generated/dist_KS_feature/16_1_10_0.1_KS_featured.csv, /home/gahacat/BI2021/2022-2023/VUMC/snakemake_outputs/feature_generated/dist_EMD_feature/8_1_10_0.1_EMD_featured.csv, /home/gahacat/BI2021/2022-2023/VUMC/snakemake_outputs/feature_generated/dist_EMD_feature/16_1_10_0.1_EMD_featured.csv, /home/gahacat/BI2021/2022-2023/VUMC/snakemake_outputs/feature_generated/dist_KS_feature/8_1_10_0.1_KS_featured.csv
    resources: tmpdir=/tmp

[Fri May 26 12:29:01 2023]
Finished job 0.
5 of 5 steps (100%) done
Complete log: .snakemake/log/2023-05-26T120529.491847.snakemake.log
