Building DAG of jobs...
Using shell: /usr/bin/bash
Provided cores: 10
Rules claiming more threads will be scaled down.
Job stats:
job                   count    min threads    max threads
------------------  -------  -------------  -------------
all                       1              1              1
simulation_summary        1              1              1
total                     2              1              1

Select jobs to execute...

[Sat Jun 17 22:07:28 2023]
rule simulation_summary:
    input: /home/gahacat/BI2021/2022-2023/VUMC/snakemake_outputs/simulated/8_3_5.4_0.2.csv
    output: /home/gahacat/BI2021/2022-2023/VUMC/snakemake_outputs/simulated/summary/8_3_5.4_0.2_summary.png
    jobid: 1
    reason: Missing output files: /home/gahacat/BI2021/2022-2023/VUMC/snakemake_outputs/simulated/summary/8_3_5.4_0.2_summary.png
    wildcards: n_marker=8, n_tweaks=3, outlier_center_dist=5.4, outlier_ratio=0.2
    resources: tmpdir=/tmp

[Sat Jun 17 22:07:32 2023]
Finished job 1.
1 of 2 steps (50%) done
Select jobs to execute...

[Sat Jun 17 22:07:32 2023]
localrule all:
    input: /home/gahacat/BI2021/2022-2023/VUMC/snakemake_outputs/simulated/summary/8_3_5.4_0.2_summary.png
    jobid: 0
    reason: Input files updated by another job: /home/gahacat/BI2021/2022-2023/VUMC/snakemake_outputs/simulated/summary/8_3_5.4_0.2_summary.png
    resources: tmpdir=/tmp

[Sat Jun 17 22:07:32 2023]
Finished job 0.
2 of 2 steps (100%) done
Complete log: .snakemake/log/2023-06-17T220728.265932.snakemake.log
