Building DAG of jobs...
Using shell: /usr/bin/bash
Provided cores: 10
Rules claiming more threads will be scaled down.
Job stats:
job            count    min threads    max threads
-----------  -------  -------------  -------------
all                1              1              1
npb_feature        4              1              1
total              5              1              1

Select jobs to execute...

[Fri May 26 12:02:56 2023]
rule npb_feature:
    input: /home/gahacat/BI2021/2022-2023/VUMC/snakemake_outputs/simulated/8_1_10_0.1.csv
    output: /home/gahacat/BI2021/2022-2023/VUMC/snakemake_outputs/feature_generated/npb_feature/8_1_10_0.1_20_npb_featured.csv
    jobid: 8
    reason: Missing output files: /home/gahacat/BI2021/2022-2023/VUMC/snakemake_outputs/feature_generated/npb_feature/8_1_10_0.1_20_npb_featured.csv
    wildcards: n_marker=8, n_tweaks=1, outlier_center_dist=10, outlier_ratio=0.1, n_bins=20
    resources: tmpdir=/tmp


[Fri May 26 12:02:56 2023]
rule npb_feature:
    input: /home/gahacat/BI2021/2022-2023/VUMC/snakemake_outputs/simulated/16_1_10_0.1.csv
    output: /home/gahacat/BI2021/2022-2023/VUMC/snakemake_outputs/feature_generated/npb_feature/16_1_10_0.1_10_npb_featured.csv
    jobid: 9
    reason: Missing output files: /home/gahacat/BI2021/2022-2023/VUMC/snakemake_outputs/feature_generated/npb_feature/16_1_10_0.1_10_npb_featured.csv
    wildcards: n_marker=16, n_tweaks=1, outlier_center_dist=10, outlier_ratio=0.1, n_bins=10
    resources: tmpdir=/tmp


[Fri May 26 12:02:56 2023]
rule npb_feature:
    input: /home/gahacat/BI2021/2022-2023/VUMC/snakemake_outputs/simulated/16_1_10_0.1.csv
    output: /home/gahacat/BI2021/2022-2023/VUMC/snakemake_outputs/feature_generated/npb_feature/16_1_10_0.1_20_npb_featured.csv
    jobid: 10
    reason: Missing output files: /home/gahacat/BI2021/2022-2023/VUMC/snakemake_outputs/feature_generated/npb_feature/16_1_10_0.1_20_npb_featured.csv
    wildcards: n_marker=16, n_tweaks=1, outlier_center_dist=10, outlier_ratio=0.1, n_bins=20
    resources: tmpdir=/tmp


[Fri May 26 12:02:56 2023]
rule npb_feature:
    input: /home/gahacat/BI2021/2022-2023/VUMC/snakemake_outputs/simulated/8_1_10_0.1.csv
    output: /home/gahacat/BI2021/2022-2023/VUMC/snakemake_outputs/feature_generated/npb_feature/8_1_10_0.1_10_npb_featured.csv
    jobid: 7
    reason: Missing output files: /home/gahacat/BI2021/2022-2023/VUMC/snakemake_outputs/feature_generated/npb_feature/8_1_10_0.1_10_npb_featured.csv
    wildcards: n_marker=8, n_tweaks=1, outlier_center_dist=10, outlier_ratio=0.1, n_bins=10
    resources: tmpdir=/tmp

[Fri May 26 12:03:03 2023]
Finished job 7.
1 of 5 steps (20%) done
[Fri May 26 12:03:03 2023]
Finished job 8.
2 of 5 steps (40%) done
[Fri May 26 12:04:27 2023]
Finished job 9.
3 of 5 steps (60%) done
[Fri May 26 12:04:28 2023]
Finished job 10.
4 of 5 steps (80%) done
Select jobs to execute...

[Fri May 26 12:04:28 2023]
localrule all:
    input: /home/gahacat/BI2021/2022-2023/VUMC/snakemake_outputs/simulated/plots/8_1_10_0.1.png, /home/gahacat/BI2021/2022-2023/VUMC/snakemake_outputs/simulated/plots/16_1_10_0.1.png, /home/gahacat/BI2021/2022-2023/VUMC/snakemake_outputs/feature_generated/stat_feature/8_1_10_0.1_stat_featured.csv, /home/gahacat/BI2021/2022-2023/VUMC/snakemake_outputs/feature_generated/stat_feature/16_1_10_0.1_stat_featured.csv, /home/gahacat/BI2021/2022-2023/VUMC/snakemake_outputs/feature_generated/npb_feature/8_1_10_0.1_10_npb_featured.csv, /home/gahacat/BI2021/2022-2023/VUMC/snakemake_outputs/feature_generated/npb_feature/8_1_10_0.1_20_npb_featured.csv, /home/gahacat/BI2021/2022-2023/VUMC/snakemake_outputs/feature_generated/npb_feature/16_1_10_0.1_10_npb_featured.csv, /home/gahacat/BI2021/2022-2023/VUMC/snakemake_outputs/feature_generated/npb_feature/16_1_10_0.1_20_npb_featured.csv
    jobid: 0
    reason: Input files updated by another job: /home/gahacat/BI2021/2022-2023/VUMC/snakemake_outputs/feature_generated/npb_feature/16_1_10_0.1_20_npb_featured.csv, /home/gahacat/BI2021/2022-2023/VUMC/snakemake_outputs/feature_generated/npb_feature/16_1_10_0.1_10_npb_featured.csv, /home/gahacat/BI2021/2022-2023/VUMC/snakemake_outputs/feature_generated/npb_feature/8_1_10_0.1_20_npb_featured.csv, /home/gahacat/BI2021/2022-2023/VUMC/snakemake_outputs/feature_generated/npb_feature/8_1_10_0.1_10_npb_featured.csv
    resources: tmpdir=/tmp

[Fri May 26 12:04:28 2023]
Finished job 0.
5 of 5 steps (100%) done
Complete log: .snakemake/log/2023-05-26T120255.652273.snakemake.log
