Building DAG of jobs...
Using shell: /usr/bin/bash
Provided cores: 25
Rules claiming more threads will be scaled down.
Job stats:
job                        count    min threads    max threads
-----------------------  -------  -------------  -------------
all                            1              1              1
simulation_visualizaion       13              1              1
total                         14              1              1

Select jobs to execute...

[Fri Apr 28 14:55:19 2023]
rule simulation_visualizaion:
    input: /home/gahacat/Documents/GitHub/outlier-detection/snakemake/outputs/simulated/8_2_3.8_0.0.csv
    output: /home/gahacat/Documents/GitHub/outlier-detection/snakemake/outputs/simulated/plots/8_2_3.8_0.0.png
    jobid: 11
    reason: Missing output files: /home/gahacat/Documents/GitHub/outlier-detection/snakemake/outputs/simulated/plots/8_2_3.8_0.0.png
    wildcards: n_marker=8, n_tweaks=2, outlier_center_dist=3.8, outlier_ratio=0.0
    resources: tmpdir=/tmp


[Fri Apr 28 14:55:19 2023]
rule simulation_visualizaion:
    input: /home/gahacat/Documents/GitHub/outlier-detection/snakemake/outputs/simulated/8_2_4.6_0.2.csv
    output: /home/gahacat/Documents/GitHub/outlier-detection/snakemake/outputs/simulated/plots/8_2_4.6_0.2.png
    jobid: 39
    reason: Missing output files: /home/gahacat/Documents/GitHub/outlier-detection/snakemake/outputs/simulated/plots/8_2_4.6_0.2.png
    wildcards: n_marker=8, n_tweaks=2, outlier_center_dist=4.6, outlier_ratio=0.2
    resources: tmpdir=/tmp


[Fri Apr 28 14:55:19 2023]
rule simulation_visualizaion:
    input: /home/gahacat/Documents/GitHub/outlier-detection/snakemake/outputs/simulated/8_2_3.8_0.05.csv
    output: /home/gahacat/Documents/GitHub/outlier-detection/snakemake/outputs/simulated/plots/8_2_3.8_0.05.png
    jobid: 13
    reason: Missing output files: /home/gahacat/Documents/GitHub/outlier-detection/snakemake/outputs/simulated/plots/8_2_3.8_0.05.png
    wildcards: n_marker=8, n_tweaks=2, outlier_center_dist=3.8, outlier_ratio=0.05
    resources: tmpdir=/tmp


[Fri Apr 28 14:55:19 2023]
rule simulation_visualizaion:
    input: /home/gahacat/Documents/GitHub/outlier-detection/snakemake/outputs/simulated/8_2_4.2_0.15.csv
    output: /home/gahacat/Documents/GitHub/outlier-detection/snakemake/outputs/simulated/plots/8_2_4.2_0.15.png
    jobid: 27
    reason: Missing output files: /home/gahacat/Documents/GitHub/outlier-detection/snakemake/outputs/simulated/plots/8_2_4.2_0.15.png
    wildcards: n_marker=8, n_tweaks=2, outlier_center_dist=4.2, outlier_ratio=0.15
    resources: tmpdir=/tmp


[Fri Apr 28 14:55:19 2023]
rule simulation_visualizaion:
    input: /home/gahacat/Documents/GitHub/outlier-detection/snakemake/outputs/simulated/8_2_5.0_0.0.csv
    output: /home/gahacat/Documents/GitHub/outlier-detection/snakemake/outputs/simulated/plots/8_2_5.0_0.0.png
    jobid: 41
    reason: Missing output files: /home/gahacat/Documents/GitHub/outlier-detection/snakemake/outputs/simulated/plots/8_2_5.0_0.0.png
    wildcards: n_marker=8, n_tweaks=2, outlier_center_dist=5.0, outlier_ratio=0.0
    resources: tmpdir=/tmp


[Fri Apr 28 14:55:19 2023]
rule simulation_visualizaion:
    input: /home/gahacat/Documents/GitHub/outlier-detection/snakemake/outputs/simulated/8_2_5.4_0.05.csv
    output: /home/gahacat/Documents/GitHub/outlier-detection/snakemake/outputs/simulated/plots/8_2_5.4_0.05.png
    jobid: 53
    reason: Missing output files: /home/gahacat/Documents/GitHub/outlier-detection/snakemake/outputs/simulated/plots/8_2_5.4_0.05.png
    wildcards: n_marker=8, n_tweaks=2, outlier_center_dist=5.4, outlier_ratio=0.05
    resources: tmpdir=/tmp


[Fri Apr 28 14:55:19 2023]
rule simulation_visualizaion:
    input: /home/gahacat/Documents/GitHub/outlier-detection/snakemake/outputs/simulated/8_2_4.6_0.0.csv
    output: /home/gahacat/Documents/GitHub/outlier-detection/snakemake/outputs/simulated/plots/8_2_4.6_0.0.png
    jobid: 31
    reason: Missing output files: /home/gahacat/Documents/GitHub/outlier-detection/snakemake/outputs/simulated/plots/8_2_4.6_0.0.png
    wildcards: n_marker=8, n_tweaks=2, outlier_center_dist=4.6, outlier_ratio=0.0
    resources: tmpdir=/tmp


[Fri Apr 28 14:55:19 2023]
rule simulation_visualizaion:
    input: /home/gahacat/Documents/GitHub/outlier-detection/snakemake/outputs/simulated/8_2_5.0_0.1.csv
    output: /home/gahacat/Documents/GitHub/outlier-detection/snakemake/outputs/simulated/plots/8_2_5.0_0.1.png
    jobid: 45
    reason: Missing output files: /home/gahacat/Documents/GitHub/outlier-detection/snakemake/outputs/simulated/plots/8_2_5.0_0.1.png
    wildcards: n_marker=8, n_tweaks=2, outlier_center_dist=5.0, outlier_ratio=0.1
    resources: tmpdir=/tmp


[Fri Apr 28 14:55:19 2023]
rule simulation_visualizaion:
    input: /home/gahacat/Documents/GitHub/outlier-detection/snakemake/outputs/simulated/8_2_4.6_0.05.csv
    output: /home/gahacat/Documents/GitHub/outlier-detection/snakemake/outputs/simulated/plots/8_2_4.6_0.05.png
    jobid: 33
    reason: Missing output files: /home/gahacat/Documents/GitHub/outlier-detection/snakemake/outputs/simulated/plots/8_2_4.6_0.05.png
    wildcards: n_marker=8, n_tweaks=2, outlier_center_dist=4.6, outlier_ratio=0.05
    resources: tmpdir=/tmp


[Fri Apr 28 14:55:19 2023]
rule simulation_visualizaion:
    input: /home/gahacat/Documents/GitHub/outlier-detection/snakemake/outputs/simulated/8_2_5.4_0.1.csv
    output: /home/gahacat/Documents/GitHub/outlier-detection/snakemake/outputs/simulated/plots/8_2_5.4_0.1.png
    jobid: 55
    reason: Missing output files: /home/gahacat/Documents/GitHub/outlier-detection/snakemake/outputs/simulated/plots/8_2_5.4_0.1.png
    wildcards: n_marker=8, n_tweaks=2, outlier_center_dist=5.4, outlier_ratio=0.1
    resources: tmpdir=/tmp


[Fri Apr 28 14:55:19 2023]
rule simulation_visualizaion:
    input: /home/gahacat/Documents/GitHub/outlier-detection/snakemake/outputs/simulated/8_2_4.2_0.05.csv
    output: /home/gahacat/Documents/GitHub/outlier-detection/snakemake/outputs/simulated/plots/8_2_4.2_0.05.png
    jobid: 23
    reason: Missing output files: /home/gahacat/Documents/GitHub/outlier-detection/snakemake/outputs/simulated/plots/8_2_4.2_0.05.png
    wildcards: n_marker=8, n_tweaks=2, outlier_center_dist=4.2, outlier_ratio=0.05
    resources: tmpdir=/tmp


[Fri Apr 28 14:55:19 2023]
rule simulation_visualizaion:
    input: /home/gahacat/Documents/GitHub/outlier-detection/snakemake/outputs/simulated/8_2_5.4_0.0.csv
    output: /home/gahacat/Documents/GitHub/outlier-detection/snakemake/outputs/simulated/plots/8_2_5.4_0.0.png
    jobid: 51
    reason: Missing output files: /home/gahacat/Documents/GitHub/outlier-detection/snakemake/outputs/simulated/plots/8_2_5.4_0.0.png
    wildcards: n_marker=8, n_tweaks=2, outlier_center_dist=5.4, outlier_ratio=0.0
    resources: tmpdir=/tmp


[Fri Apr 28 14:55:19 2023]
rule simulation_visualizaion:
    input: /home/gahacat/Documents/GitHub/outlier-detection/snakemake/outputs/simulated/8_2_3.4_0.0.csv
    output: /home/gahacat/Documents/GitHub/outlier-detection/snakemake/outputs/simulated/plots/8_2_3.4_0.0.png
    jobid: 1
    reason: Missing output files: /home/gahacat/Documents/GitHub/outlier-detection/snakemake/outputs/simulated/plots/8_2_3.4_0.0.png
    wildcards: n_marker=8, n_tweaks=2, outlier_center_dist=3.4, outlier_ratio=0.0
    resources: tmpdir=/tmp

[Fri Apr 28 14:58:15 2023]
Finished job 51.
1 of 14 steps (7%) done
[Fri Apr 28 14:58:15 2023]
Finished job 1.
2 of 14 steps (14%) done
[Fri Apr 28 14:58:16 2023]
Finished job 23.
3 of 14 steps (21%) done
[Fri Apr 28 14:58:17 2023]
Finished job 33.
4 of 14 steps (29%) done
[Fri Apr 28 14:58:17 2023]
Finished job 39.
5 of 14 steps (36%) done
[Fri Apr 28 14:58:17 2023]
Finished job 31.
6 of 14 steps (43%) done
[Fri Apr 28 14:58:21 2023]
Finished job 41.
7 of 14 steps (50%) done
[Fri Apr 28 14:58:22 2023]
Finished job 27.
8 of 14 steps (57%) done
[Fri Apr 28 14:58:23 2023]
Finished job 53.
9 of 14 steps (64%) done
[Fri Apr 28 14:58:23 2023]
Finished job 13.
10 of 14 steps (71%) done
[Fri Apr 28 14:58:23 2023]
Finished job 55.
11 of 14 steps (79%) done
[Fri Apr 28 14:58:25 2023]
Finished job 11.
12 of 14 steps (86%) done
[Fri Apr 28 14:58:25 2023]
Finished job 45.
13 of 14 steps (93%) done
Select jobs to execute...

[Fri Apr 28 14:58:25 2023]
localrule all:
    input: /home/gahacat/Documents/GitHub/outlier-detection/snakemake/outputs/simulated/plots/8_2_3.4_0.0.png, /home/gahacat/Documents/GitHub/outlier-detection/snakemake/outputs/simulated/plots/8_2_3.4_0.05.png, /home/gahacat/Documents/GitHub/outlier-detection/snakemake/outputs/simulated/plots/8_2_3.4_0.1.png, /home/gahacat/Documents/GitHub/outlier-detection/snakemake/outputs/simulated/plots/8_2_3.4_0.15.png, /home/gahacat/Documents/GitHub/outlier-detection/snakemake/outputs/simulated/plots/8_2_3.4_0.2.png, /home/gahacat/Documents/GitHub/outlier-detection/snakemake/outputs/simulated/plots/8_2_3.8_0.0.png, /home/gahacat/Documents/GitHub/outlier-detection/snakemake/outputs/simulated/plots/8_2_3.8_0.05.png, /home/gahacat/Documents/GitHub/outlier-detection/snakemake/outputs/simulated/plots/8_2_3.8_0.1.png, /home/gahacat/Documents/GitHub/outlier-detection/snakemake/outputs/simulated/plots/8_2_3.8_0.15.png, /home/gahacat/Documents/GitHub/outlier-detection/snakemake/outputs/simulated/plots/8_2_3.8_0.2.png, /home/gahacat/Documents/GitHub/outlier-detection/snakemake/outputs/simulated/plots/8_2_4.2_0.0.png, /home/gahacat/Documents/GitHub/outlier-detection/snakemake/outputs/simulated/plots/8_2_4.2_0.05.png, /home/gahacat/Documents/GitHub/outlier-detection/snakemake/outputs/simulated/plots/8_2_4.2_0.1.png, /home/gahacat/Documents/GitHub/outlier-detection/snakemake/outputs/simulated/plots/8_2_4.2_0.15.png, /home/gahacat/Documents/GitHub/outlier-detection/snakemake/outputs/simulated/plots/8_2_4.2_0.2.png, /home/gahacat/Documents/GitHub/outlier-detection/snakemake/outputs/simulated/plots/8_2_4.6_0.0.png, /home/gahacat/Documents/GitHub/outlier-detection/snakemake/outputs/simulated/plots/8_2_4.6_0.05.png, /home/gahacat/Documents/GitHub/outlier-detection/snakemake/outputs/simulated/plots/8_2_4.6_0.1.png, /home/gahacat/Documents/GitHub/outlier-detection/snakemake/outputs/simulated/plots/8_2_4.6_0.15.png, /home/gahacat/Documents/GitHub/outlier-detection/snakemake/outputs/simulated/plots/8_2_4.6_0.2.png, /home/gahacat/Documents/GitHub/outlier-detection/snakemake/outputs/simulated/plots/8_2_5.0_0.0.png, /home/gahacat/Documents/GitHub/outlier-detection/snakemake/outputs/simulated/plots/8_2_5.0_0.05.png, /home/gahacat/Documents/GitHub/outlier-detection/snakemake/outputs/simulated/plots/8_2_5.0_0.1.png, /home/gahacat/Documents/GitHub/outlier-detection/snakemake/outputs/simulated/plots/8_2_5.0_0.15.png, /home/gahacat/Documents/GitHub/outlier-detection/snakemake/outputs/simulated/plots/8_2_5.0_0.2.png, /home/gahacat/Documents/GitHub/outlier-detection/snakemake/outputs/simulated/plots/8_2_5.4_0.0.png, /home/gahacat/Documents/GitHub/outlier-detection/snakemake/outputs/simulated/plots/8_2_5.4_0.05.png, /home/gahacat/Documents/GitHub/outlier-detection/snakemake/outputs/simulated/plots/8_2_5.4_0.1.png, /home/gahacat/Documents/GitHub/outlier-detection/snakemake/outputs/simulated/plots/8_2_5.4_0.15.png, /home/gahacat/Documents/GitHub/outlier-detection/snakemake/outputs/simulated/plots/8_2_5.4_0.2.png
    jobid: 0
    reason: Input files updated by another job: /home/gahacat/Documents/GitHub/outlier-detection/snakemake/outputs/simulated/plots/8_2_4.6_0.2.png, /home/gahacat/Documents/GitHub/outlier-detection/snakemake/outputs/simulated/plots/8_2_5.0_0.1.png, /home/gahacat/Documents/GitHub/outlier-detection/snakemake/outputs/simulated/plots/8_2_3.8_0.05.png, /home/gahacat/Documents/GitHub/outlier-detection/snakemake/outputs/simulated/plots/8_2_5.0_0.0.png, /home/gahacat/Documents/GitHub/outlier-detection/snakemake/outputs/simulated/plots/8_2_4.2_0.05.png, /home/gahacat/Documents/GitHub/outlier-detection/snakemake/outputs/simulated/plots/8_2_4.6_0.0.png, /home/gahacat/Documents/GitHub/outlier-detection/snakemake/outputs/simulated/plots/8_2_4.6_0.05.png, /home/gahacat/Documents/GitHub/outlier-detection/snakemake/outputs/simulated/plots/8_2_3.4_0.0.png, /home/gahacat/Documents/GitHub/outlier-detection/snakemake/outputs/simulated/plots/8_2_4.2_0.15.png, /home/gahacat/Documents/GitHub/outlier-detection/snakemake/outputs/simulated/plots/8_2_5.4_0.05.png, /home/gahacat/Documents/GitHub/outlier-detection/snakemake/outputs/simulated/plots/8_2_3.8_0.0.png, /home/gahacat/Documents/GitHub/outlier-detection/snakemake/outputs/simulated/plots/8_2_5.4_0.0.png, /home/gahacat/Documents/GitHub/outlier-detection/snakemake/outputs/simulated/plots/8_2_5.4_0.1.png
    resources: tmpdir=/tmp

[Fri Apr 28 14:58:25 2023]
Finished job 0.
14 of 14 steps (100%) done
Complete log: .snakemake/log/2023-04-28T145519.578145.snakemake.log
