Building DAG of jobs...
Using shell: /usr/bin/bash
Provided cores: 5
Rules claiming more threads will be scaled down.
Job stats:
job                   count    min threads    max threads
------------------  -------  -------------  -------------
all                       1              1              1
simulation_summary       28              1              1
total                    29              1              1

Select jobs to execute...

[Tue May 30 20:22:20 2023]
rule simulation_summary:
    input: /home/gahacat/BI2021/2022-2023/VUMC/snakemake_outputs/simulated/16_1_5.4_0.05.csv
    output: /home/gahacat/BI2021/2022-2023/VUMC/snakemake_outputs/simulated/summary/16_1_5.4_0.05_summary.png
    jobid: 347
    reason: Missing output files: /home/gahacat/BI2021/2022-2023/VUMC/snakemake_outputs/simulated/summary/16_1_5.4_0.05_summary.png
    wildcards: n_marker=16, n_tweaks=1, outlier_center_dist=5.4, outlier_ratio=0.05
    resources: tmpdir=/tmp


[Tue May 30 20:22:20 2023]
rule simulation_summary:
    input: /home/gahacat/BI2021/2022-2023/VUMC/snakemake_outputs/simulated/16_2_5.4_0.2.csv
    output: /home/gahacat/BI2021/2022-2023/VUMC/snakemake_outputs/simulated/summary/16_2_5.4_0.2_summary.png
    jobid: 354
    reason: Missing output files: /home/gahacat/BI2021/2022-2023/VUMC/snakemake_outputs/simulated/summary/16_2_5.4_0.2_summary.png
    wildcards: n_marker=16, n_tweaks=2, outlier_center_dist=5.4, outlier_ratio=0.2
    resources: tmpdir=/tmp


[Tue May 30 20:22:20 2023]
rule simulation_summary:
    input: /home/gahacat/BI2021/2022-2023/VUMC/snakemake_outputs/simulated/8_2_5.4_0.2.csv
    output: /home/gahacat/BI2021/2022-2023/VUMC/snakemake_outputs/simulated/summary/8_2_5.4_0.2_summary.png
    jobid: 336
    reason: Missing output files: /home/gahacat/BI2021/2022-2023/VUMC/snakemake_outputs/simulated/summary/8_2_5.4_0.2_summary.png
    wildcards: n_marker=8, n_tweaks=2, outlier_center_dist=5.4, outlier_ratio=0.2
    resources: tmpdir=/tmp


[Tue May 30 20:22:20 2023]
rule simulation_summary:
    input: /home/gahacat/BI2021/2022-2023/VUMC/snakemake_outputs/simulated/16_2_4.6_0.2.csv
    output: /home/gahacat/BI2021/2022-2023/VUMC/snakemake_outputs/simulated/summary/16_2_4.6_0.2_summary.png
    jobid: 352
    reason: Missing output files: /home/gahacat/BI2021/2022-2023/VUMC/snakemake_outputs/simulated/summary/16_2_4.6_0.2_summary.png
    wildcards: n_marker=16, n_tweaks=2, outlier_center_dist=4.6, outlier_ratio=0.2
    resources: tmpdir=/tmp


[Tue May 30 20:22:20 2023]
rule simulation_summary:
    input: /home/gahacat/BI2021/2022-2023/VUMC/snakemake_outputs/simulated/8_3_4.6_0.2.csv
    output: /home/gahacat/BI2021/2022-2023/VUMC/snakemake_outputs/simulated/summary/8_3_4.6_0.2_summary.png
    jobid: 340
    reason: Missing output files: /home/gahacat/BI2021/2022-2023/VUMC/snakemake_outputs/simulated/summary/8_3_4.6_0.2_summary.png
    wildcards: n_marker=8, n_tweaks=3, outlier_center_dist=4.6, outlier_ratio=0.2
    resources: tmpdir=/tmp

[Tue May 30 20:22:23 2023]
Error in rule simulation_summary:
    jobid: 352
    output: /home/gahacat/BI2021/2022-2023/VUMC/snakemake_outputs/simulated/summary/16_2_4.6_0.2_summary.png
    shell:
        python3 scripts/simulation_summary.py /home/gahacat/BI2021/2022-2023/VUMC/snakemake_outputs/simulated/16_2_4.6_0.2.csv -out /home/gahacat/BI2021/2022-2023/VUMC/snakemake_outputs/simulated/summary/16_2_4.6_0.2_summary.png
        (one of the commands exited with non-zero exit code; note that snakemake uses bash strict mode!)

[Tue May 30 20:22:23 2023]
Error in rule simulation_summary:
    jobid: 354
    output: /home/gahacat/BI2021/2022-2023/VUMC/snakemake_outputs/simulated/summary/16_2_5.4_0.2_summary.png
    shell:
        python3 scripts/simulation_summary.py /home/gahacat/BI2021/2022-2023/VUMC/snakemake_outputs/simulated/16_2_5.4_0.2.csv -out /home/gahacat/BI2021/2022-2023/VUMC/snakemake_outputs/simulated/summary/16_2_5.4_0.2_summary.png
        (one of the commands exited with non-zero exit code; note that snakemake uses bash strict mode!)

[Tue May 30 20:22:23 2023]
Error in rule simulation_summary:
    jobid: 336
    output: /home/gahacat/BI2021/2022-2023/VUMC/snakemake_outputs/simulated/summary/8_2_5.4_0.2_summary.png
    shell:
        python3 scripts/simulation_summary.py /home/gahacat/BI2021/2022-2023/VUMC/snakemake_outputs/simulated/8_2_5.4_0.2.csv -out /home/gahacat/BI2021/2022-2023/VUMC/snakemake_outputs/simulated/summary/8_2_5.4_0.2_summary.png
        (one of the commands exited with non-zero exit code; note that snakemake uses bash strict mode!)

[Tue May 30 20:22:23 2023]
Error in rule simulation_summary:
    jobid: 340
    output: /home/gahacat/BI2021/2022-2023/VUMC/snakemake_outputs/simulated/summary/8_3_4.6_0.2_summary.png
    shell:
        python3 scripts/simulation_summary.py /home/gahacat/BI2021/2022-2023/VUMC/snakemake_outputs/simulated/8_3_4.6_0.2.csv -out /home/gahacat/BI2021/2022-2023/VUMC/snakemake_outputs/simulated/summary/8_3_4.6_0.2_summary.png
        (one of the commands exited with non-zero exit code; note that snakemake uses bash strict mode!)

[Tue May 30 20:22:23 2023]
Error in rule simulation_summary:
    jobid: 347
    output: /home/gahacat/BI2021/2022-2023/VUMC/snakemake_outputs/simulated/summary/16_1_5.4_0.05_summary.png
    shell:
        python3 scripts/simulation_summary.py /home/gahacat/BI2021/2022-2023/VUMC/snakemake_outputs/simulated/16_1_5.4_0.05.csv -out /home/gahacat/BI2021/2022-2023/VUMC/snakemake_outputs/simulated/summary/16_1_5.4_0.05_summary.png
        (one of the commands exited with non-zero exit code; note that snakemake uses bash strict mode!)

Shutting down, this might take some time.
Exiting because a job execution failed. Look above for error message
Complete log: .snakemake/log/2023-05-30T202219.469713.snakemake.log
