Building DAG of jobs...
Using shell: /usr/bin/bash
Provided cores: 20
Rules claiming more threads will be scaled down.
Job stats:
job           count    min threads    max threads
----------  -------  -------------  -------------
all               1              1              1
pb_feature        3              1              1
total             4              1              1

Select jobs to execute...

[Wed May 17 20:13:45 2023]
rule pb_feature:
    input: /home/gahacat/BI2021/2022-2023/VUMC/snakemake_outputs/simulated/8_2_3.8_0.2.csv
    output: /home/gahacat/BI2021/2022-2023/VUMC/snakemake_outputs/feature_generated/pb_feature/8_2_3.8_0.2_5_pb_featured.csv
    jobid: 52
    reason: Missing output files: /home/gahacat/BI2021/2022-2023/VUMC/snakemake_outputs/feature_generated/pb_feature/8_2_3.8_0.2_5_pb_featured.csv
    wildcards: n_marker=8, n_tweaks=2, outlier_center_dist=3.8, outlier_ratio=0.2, n_recursion=5
    resources: tmpdir=/tmp


[Wed May 17 20:13:45 2023]
rule pb_feature:
    input: /home/gahacat/BI2021/2022-2023/VUMC/snakemake_outputs/simulated/8_1_4.6_0.2.csv
    output: /home/gahacat/BI2021/2022-2023/VUMC/snakemake_outputs/feature_generated/pb_feature/8_1_4.6_0.2_5_pb_featured.csv
    jobid: 48
    reason: Missing output files: /home/gahacat/BI2021/2022-2023/VUMC/snakemake_outputs/feature_generated/pb_feature/8_1_4.6_0.2_5_pb_featured.csv
    wildcards: n_marker=8, n_tweaks=1, outlier_center_dist=4.6, outlier_ratio=0.2, n_recursion=5
    resources: tmpdir=/tmp


[Wed May 17 20:13:45 2023]
rule pb_feature:
    input: /home/gahacat/BI2021/2022-2023/VUMC/snakemake_outputs/simulated/8_2_4.6_0.2.csv
    output: /home/gahacat/BI2021/2022-2023/VUMC/snakemake_outputs/feature_generated/pb_feature/8_2_4.6_0.2_4_pb_featured.csv
    jobid: 55
    reason: Missing output files: /home/gahacat/BI2021/2022-2023/VUMC/snakemake_outputs/feature_generated/pb_feature/8_2_4.6_0.2_4_pb_featured.csv
    wildcards: n_marker=8, n_tweaks=2, outlier_center_dist=4.6, outlier_ratio=0.2, n_recursion=4
    resources: tmpdir=/tmp

[Wed May 17 20:16:08 2023]
Finished job 55.
1 of 4 steps (25%) done
[Wed May 17 20:16:09 2023]
Finished job 52.
2 of 4 steps (50%) done
[Wed May 17 20:16:09 2023]
Finished job 48.
3 of 4 steps (75%) done
Select jobs to execute...

[Wed May 17 20:16:09 2023]
localrule all:
    input: /home/gahacat/BI2021/2022-2023/VUMC/snakemake_outputs/simulated/plots/8_1_3.8_0.05.png, /home/gahacat/BI2021/2022-2023/VUMC/snakemake_outputs/simulated/plots/8_1_3.8_0.2.png, /home/gahacat/BI2021/2022-2023/VUMC/snakemake_outputs/simulated/plots/8_1_4.6_0.05.png, /home/gahacat/BI2021/2022-2023/VUMC/snakemake_outputs/simulated/plots/8_1_4.6_0.2.png, /home/gahacat/BI2021/2022-2023/VUMC/snakemake_outputs/simulated/plots/8_2_3.8_0.05.png, /home/gahacat/BI2021/2022-2023/VUMC/snakemake_outputs/simulated/plots/8_2_3.8_0.2.png, /home/gahacat/BI2021/2022-2023/VUMC/snakemake_outputs/simulated/plots/8_2_4.6_0.05.png, /home/gahacat/BI2021/2022-2023/VUMC/snakemake_outputs/simulated/plots/8_2_4.6_0.2.png, /home/gahacat/BI2021/2022-2023/VUMC/snakemake_outputs/feature_generated/stat_feature/8_1_3.8_0.05_stat_featured.csv, /home/gahacat/BI2021/2022-2023/VUMC/snakemake_outputs/feature_generated/stat_feature/8_1_3.8_0.2_stat_featured.csv, /home/gahacat/BI2021/2022-2023/VUMC/snakemake_outputs/feature_generated/stat_feature/8_1_4.6_0.05_stat_featured.csv, /home/gahacat/BI2021/2022-2023/VUMC/snakemake_outputs/feature_generated/stat_feature/8_1_4.6_0.2_stat_featured.csv, /home/gahacat/BI2021/2022-2023/VUMC/snakemake_outputs/feature_generated/stat_feature/8_2_3.8_0.05_stat_featured.csv, /home/gahacat/BI2021/2022-2023/VUMC/snakemake_outputs/feature_generated/stat_feature/8_2_3.8_0.2_stat_featured.csv, /home/gahacat/BI2021/2022-2023/VUMC/snakemake_outputs/feature_generated/stat_feature/8_2_4.6_0.05_stat_featured.csv, /home/gahacat/BI2021/2022-2023/VUMC/snakemake_outputs/feature_generated/stat_feature/8_2_4.6_0.2_stat_featured.csv, /home/gahacat/BI2021/2022-2023/VUMC/snakemake_outputs/feature_generated/npb_feature/8_1_3.8_0.05_10_npb_featured.csv, /home/gahacat/BI2021/2022-2023/VUMC/snakemake_outputs/feature_generated/npb_feature/8_1_3.8_0.05_20_npb_featured.csv, /home/gahacat/BI2021/2022-2023/VUMC/snakemake_outputs/feature_generated/npb_feature/8_1_3.8_0.2_10_npb_featured.csv, /home/gahacat/BI2021/2022-2023/VUMC/snakemake_outputs/feature_generated/npb_feature/8_1_3.8_0.2_20_npb_featured.csv, /home/gahacat/BI2021/2022-2023/VUMC/snakemake_outputs/feature_generated/npb_feature/8_1_4.6_0.05_10_npb_featured.csv, /home/gahacat/BI2021/2022-2023/VUMC/snakemake_outputs/feature_generated/npb_feature/8_1_4.6_0.05_20_npb_featured.csv, /home/gahacat/BI2021/2022-2023/VUMC/snakemake_outputs/feature_generated/npb_feature/8_1_4.6_0.2_10_npb_featured.csv, /home/gahacat/BI2021/2022-2023/VUMC/snakemake_outputs/feature_generated/npb_feature/8_1_4.6_0.2_20_npb_featured.csv, /home/gahacat/BI2021/2022-2023/VUMC/snakemake_outputs/feature_generated/npb_feature/8_2_3.8_0.05_10_npb_featured.csv, /home/gahacat/BI2021/2022-2023/VUMC/snakemake_outputs/feature_generated/npb_feature/8_2_3.8_0.05_20_npb_featured.csv, /home/gahacat/BI2021/2022-2023/VUMC/snakemake_outputs/feature_generated/npb_feature/8_2_3.8_0.2_10_npb_featured.csv, /home/gahacat/BI2021/2022-2023/VUMC/snakemake_outputs/feature_generated/npb_feature/8_2_3.8_0.2_20_npb_featured.csv, /home/gahacat/BI2021/2022-2023/VUMC/snakemake_outputs/feature_generated/npb_feature/8_2_4.6_0.05_10_npb_featured.csv, /home/gahacat/BI2021/2022-2023/VUMC/snakemake_outputs/feature_generated/npb_feature/8_2_4.6_0.05_20_npb_featured.csv, /home/gahacat/BI2021/2022-2023/VUMC/snakemake_outputs/feature_generated/npb_feature/8_2_4.6_0.2_10_npb_featured.csv, /home/gahacat/BI2021/2022-2023/VUMC/snakemake_outputs/feature_generated/npb_feature/8_2_4.6_0.2_20_npb_featured.csv, /home/gahacat/BI2021/2022-2023/VUMC/snakemake_outputs/feature_generated/pb_feature/8_1_3.8_0.05_4_pb_featured.csv, /home/gahacat/BI2021/2022-2023/VUMC/snakemake_outputs/feature_generated/pb_feature/8_1_3.8_0.05_5_pb_featured.csv, /home/gahacat/BI2021/2022-2023/VUMC/snakemake_outputs/feature_generated/pb_feature/8_1_3.8_0.2_4_pb_featured.csv, /home/gahacat/BI2021/2022-2023/VUMC/snakemake_outputs/feature_generated/pb_feature/8_1_3.8_0.2_5_pb_featured.csv, /home/gahacat/BI2021/2022-2023/VUMC/snakemake_outputs/feature_generated/pb_feature/8_1_4.6_0.05_4_pb_featured.csv, /home/gahacat/BI2021/2022-2023/VUMC/snakemake_outputs/feature_generated/pb_feature/8_1_4.6_0.05_5_pb_featured.csv, /home/gahacat/BI2021/2022-2023/VUMC/snakemake_outputs/feature_generated/pb_feature/8_1_4.6_0.2_4_pb_featured.csv, /home/gahacat/BI2021/2022-2023/VUMC/snakemake_outputs/feature_generated/pb_feature/8_1_4.6_0.2_5_pb_featured.csv, /home/gahacat/BI2021/2022-2023/VUMC/snakemake_outputs/feature_generated/pb_feature/8_2_3.8_0.05_4_pb_featured.csv, /home/gahacat/BI2021/2022-2023/VUMC/snakemake_outputs/feature_generated/pb_feature/8_2_3.8_0.05_5_pb_featured.csv, /home/gahacat/BI2021/2022-2023/VUMC/snakemake_outputs/feature_generated/pb_feature/8_2_3.8_0.2_4_pb_featured.csv, /home/gahacat/BI2021/2022-2023/VUMC/snakemake_outputs/feature_generated/pb_feature/8_2_3.8_0.2_5_pb_featured.csv, /home/gahacat/BI2021/2022-2023/VUMC/snakemake_outputs/feature_generated/pb_feature/8_2_4.6_0.05_4_pb_featured.csv, /home/gahacat/BI2021/2022-2023/VUMC/snakemake_outputs/feature_generated/pb_feature/8_2_4.6_0.05_5_pb_featured.csv, /home/gahacat/BI2021/2022-2023/VUMC/snakemake_outputs/feature_generated/pb_feature/8_2_4.6_0.2_4_pb_featured.csv, /home/gahacat/BI2021/2022-2023/VUMC/snakemake_outputs/feature_generated/pb_feature/8_2_4.6_0.2_5_pb_featured.csv, /home/gahacat/BI2021/2022-2023/VUMC/snakemake_outputs/feature_generated/dist_feature/8_1_3.8_0.05_EMD_dist_featured.csv, /home/gahacat/BI2021/2022-2023/VUMC/snakemake_outputs/feature_generated/dist_feature/8_1_3.8_0.05_KS_dist_featured.csv, /home/gahacat/BI2021/2022-2023/VUMC/snakemake_outputs/feature_generated/dist_feature/8_1_3.8_0.2_EMD_dist_featured.csv, /home/gahacat/BI2021/2022-2023/VUMC/snakemake_outputs/feature_generated/dist_feature/8_1_3.8_0.2_KS_dist_featured.csv, /home/gahacat/BI2021/2022-2023/VUMC/snakemake_outputs/feature_generated/dist_feature/8_1_4.6_0.05_EMD_dist_featured.csv, /home/gahacat/BI2021/2022-2023/VUMC/snakemake_outputs/feature_generated/dist_feature/8_1_4.6_0.05_KS_dist_featured.csv, /home/gahacat/BI2021/2022-2023/VUMC/snakemake_outputs/feature_generated/dist_feature/8_1_4.6_0.2_EMD_dist_featured.csv, /home/gahacat/BI2021/2022-2023/VUMC/snakemake_outputs/feature_generated/dist_feature/8_1_4.6_0.2_KS_dist_featured.csv, /home/gahacat/BI2021/2022-2023/VUMC/snakemake_outputs/feature_generated/dist_feature/8_2_3.8_0.05_EMD_dist_featured.csv, /home/gahacat/BI2021/2022-2023/VUMC/snakemake_outputs/feature_generated/dist_feature/8_2_3.8_0.05_KS_dist_featured.csv, /home/gahacat/BI2021/2022-2023/VUMC/snakemake_outputs/feature_generated/dist_feature/8_2_3.8_0.2_EMD_dist_featured.csv, /home/gahacat/BI2021/2022-2023/VUMC/snakemake_outputs/feature_generated/dist_feature/8_2_3.8_0.2_KS_dist_featured.csv, /home/gahacat/BI2021/2022-2023/VUMC/snakemake_outputs/feature_generated/dist_feature/8_2_4.6_0.05_EMD_dist_featured.csv, /home/gahacat/BI2021/2022-2023/VUMC/snakemake_outputs/feature_generated/dist_feature/8_2_4.6_0.05_KS_dist_featured.csv, /home/gahacat/BI2021/2022-2023/VUMC/snakemake_outputs/feature_generated/dist_feature/8_2_4.6_0.2_EMD_dist_featured.csv, /home/gahacat/BI2021/2022-2023/VUMC/snakemake_outputs/feature_generated/dist_feature/8_2_4.6_0.2_KS_dist_featured.csv, /home/gahacat/BI2021/2022-2023/VUMC/snakemake_outputs/simulated/summary/8_1_3.8_0.05_summary.png, /home/gahacat/BI2021/2022-2023/VUMC/snakemake_outputs/simulated/summary/8_1_3.8_0.2_summary.png, /home/gahacat/BI2021/2022-2023/VUMC/snakemake_outputs/simulated/summary/8_1_4.6_0.05_summary.png, /home/gahacat/BI2021/2022-2023/VUMC/snakemake_outputs/simulated/summary/8_1_4.6_0.2_summary.png, /home/gahacat/BI2021/2022-2023/VUMC/snakemake_outputs/simulated/summary/8_2_3.8_0.05_summary.png, /home/gahacat/BI2021/2022-2023/VUMC/snakemake_outputs/simulated/summary/8_2_3.8_0.2_summary.png, /home/gahacat/BI2021/2022-2023/VUMC/snakemake_outputs/simulated/summary/8_2_4.6_0.05_summary.png, /home/gahacat/BI2021/2022-2023/VUMC/snakemake_outputs/simulated/summary/8_2_4.6_0.2_summary.png
    jobid: 0
    reason: Input files updated by another job: /home/gahacat/BI2021/2022-2023/VUMC/snakemake_outputs/feature_generated/pb_feature/8_2_4.6_0.2_4_pb_featured.csv, /home/gahacat/BI2021/2022-2023/VUMC/snakemake_outputs/feature_generated/pb_feature/8_2_3.8_0.2_5_pb_featured.csv, /home/gahacat/BI2021/2022-2023/VUMC/snakemake_outputs/feature_generated/pb_feature/8_1_4.6_0.2_5_pb_featured.csv
    resources: tmpdir=/tmp

[Wed May 17 20:16:09 2023]
Finished job 0.
4 of 4 steps (100%) done
Complete log: .snakemake/log/2023-05-17T201344.996876.snakemake.log
