Building DAG of jobs...
Using shell: /usr/bin/bash
Provided cores: 10
Rules claiming more threads will be scaled down.
Job stats:
job                        count    min threads    max threads
-----------------------  -------  -------------  -------------
all                            1              1              1
dist_feature                  30              1              1
npb_feature                   30              1              1
pb_feature                    30              1              1
simulate_data                 15              1              1
simulation_visualizaion       15              1              1
stat_feature                  15              1              1
total                        136              1              1

Select jobs to execute...

[Thu Apr 13 10:59:53 2023]
rule simulate_data:
    output: /home/gahacat/Documents/GitHub/outlier-detection/snakemake/outputs/simulated/8_2_3.2_20.csv
    jobid: 10
    reason: Missing output files: /home/gahacat/Documents/GitHub/outlier-detection/snakemake/outputs/simulated/8_2_3.2_20.csv
    wildcards: n_marker=8, n_tweaks=2, outlier_center_dist=3.2, outlier_n_samples=20
    resources: tmpdir=/tmp


[Thu Apr 13 10:59:53 2023]
rule simulate_data:
    output: /home/gahacat/Documents/GitHub/outlier-detection/snakemake/outputs/simulated/8_2_4.0_5.csv
    jobid: 24
    reason: Missing output files: /home/gahacat/Documents/GitHub/outlier-detection/snakemake/outputs/simulated/8_2_4.0_5.csv
    wildcards: n_marker=8, n_tweaks=2, outlier_center_dist=4.0, outlier_n_samples=5
    resources: tmpdir=/tmp


[Thu Apr 13 10:59:53 2023]
rule simulate_data:
    output: /home/gahacat/Documents/GitHub/outlier-detection/snakemake/outputs/simulated/8_2_3.6_15.csv
    jobid: 18
    reason: Missing output files: /home/gahacat/Documents/GitHub/outlier-detection/snakemake/outputs/simulated/8_2_3.6_15.csv
    wildcards: n_marker=8, n_tweaks=2, outlier_center_dist=3.6, outlier_n_samples=15
    resources: tmpdir=/tmp


[Thu Apr 13 10:59:53 2023]
rule simulate_data:
    output: /home/gahacat/Documents/GitHub/outlier-detection/snakemake/outputs/simulated/8_2_3.2_0.csv
    jobid: 2
    reason: Missing output files: /home/gahacat/Documents/GitHub/outlier-detection/snakemake/outputs/simulated/8_2_3.2_0.csv
    wildcards: n_marker=8, n_tweaks=2, outlier_center_dist=3.2, outlier_n_samples=0
    resources: tmpdir=/tmp


[Thu Apr 13 10:59:53 2023]
rule simulate_data:
    output: /home/gahacat/Documents/GitHub/outlier-detection/snakemake/outputs/simulated/8_2_3.6_10.csv
    jobid: 16
    reason: Missing output files: /home/gahacat/Documents/GitHub/outlier-detection/snakemake/outputs/simulated/8_2_3.6_10.csv
    wildcards: n_marker=8, n_tweaks=2, outlier_center_dist=3.6, outlier_n_samples=10
    resources: tmpdir=/tmp


[Thu Apr 13 10:59:53 2023]
rule simulate_data:
    output: /home/gahacat/Documents/GitHub/outlier-detection/snakemake/outputs/simulated/8_2_4.0_0.csv
    jobid: 22
    reason: Missing output files: /home/gahacat/Documents/GitHub/outlier-detection/snakemake/outputs/simulated/8_2_4.0_0.csv
    wildcards: n_marker=8, n_tweaks=2, outlier_center_dist=4.0, outlier_n_samples=0
    resources: tmpdir=/tmp


[Thu Apr 13 10:59:53 2023]
rule simulate_data:
    output: /home/gahacat/Documents/GitHub/outlier-detection/snakemake/outputs/simulated/8_2_3.2_5.csv
    jobid: 4
    reason: Missing output files: /home/gahacat/Documents/GitHub/outlier-detection/snakemake/outputs/simulated/8_2_3.2_5.csv
    wildcards: n_marker=8, n_tweaks=2, outlier_center_dist=3.2, outlier_n_samples=5
    resources: tmpdir=/tmp


[Thu Apr 13 10:59:53 2023]
rule simulate_data:
    output: /home/gahacat/Documents/GitHub/outlier-detection/snakemake/outputs/simulated/8_2_3.6_20.csv
    jobid: 20
    reason: Missing output files: /home/gahacat/Documents/GitHub/outlier-detection/snakemake/outputs/simulated/8_2_3.6_20.csv
    wildcards: n_marker=8, n_tweaks=2, outlier_center_dist=3.6, outlier_n_samples=20
    resources: tmpdir=/tmp


[Thu Apr 13 10:59:53 2023]
rule simulate_data:
    output: /home/gahacat/Documents/GitHub/outlier-detection/snakemake/outputs/simulated/8_2_3.2_10.csv
    jobid: 6
    reason: Missing output files: /home/gahacat/Documents/GitHub/outlier-detection/snakemake/outputs/simulated/8_2_3.2_10.csv
    wildcards: n_marker=8, n_tweaks=2, outlier_center_dist=3.2, outlier_n_samples=10
    resources: tmpdir=/tmp


[Thu Apr 13 10:59:53 2023]
rule simulate_data:
    output: /home/gahacat/Documents/GitHub/outlier-detection/snakemake/outputs/simulated/8_2_3.2_15.csv
    jobid: 8
    reason: Missing output files: /home/gahacat/Documents/GitHub/outlier-detection/snakemake/outputs/simulated/8_2_3.2_15.csv
    wildcards: n_marker=8, n_tweaks=2, outlier_center_dist=3.2, outlier_n_samples=15
    resources: tmpdir=/tmp

[Thu Apr 13 10:59:55 2023]
Error in rule simulate_data:
    jobid: 10
    output: /home/gahacat/Documents/GitHub/outlier-detection/snakemake/outputs/simulated/8_2_3.2_20.csv
    shell:
        python3 scripts/simulation.py -out /home/gahacat/Documents/GitHub/outlier-detection/snakemake/outputs/simulated/8_2_3.2_20.csv -n_marker 8 -outlier_center_dist 3.2 -outlier_n_samples 20
        (one of the commands exited with non-zero exit code; note that snakemake uses bash strict mode!)

[Thu Apr 13 10:59:55 2023]
Error in rule simulate_data:
    jobid: 24
    output: /home/gahacat/Documents/GitHub/outlier-detection/snakemake/outputs/simulated/8_2_4.0_5.csv
    shell:
        python3 scripts/simulation.py -out /home/gahacat/Documents/GitHub/outlier-detection/snakemake/outputs/simulated/8_2_4.0_5.csv -n_marker 8 -outlier_center_dist 4.0 -outlier_n_samples 5
        (one of the commands exited with non-zero exit code; note that snakemake uses bash strict mode!)

[Thu Apr 13 10:59:55 2023]
Error in rule simulate_data:
    jobid: 16
    output: /home/gahacat/Documents/GitHub/outlier-detection/snakemake/outputs/simulated/8_2_3.6_10.csv
    shell:
        python3 scripts/simulation.py -out /home/gahacat/Documents/GitHub/outlier-detection/snakemake/outputs/simulated/8_2_3.6_10.csv -n_marker 8 -outlier_center_dist 3.6 -outlier_n_samples 10
        (one of the commands exited with non-zero exit code; note that snakemake uses bash strict mode!)

[Thu Apr 13 10:59:55 2023]
Error in rule simulate_data:
    jobid: 20
    output: /home/gahacat/Documents/GitHub/outlier-detection/snakemake/outputs/simulated/8_2_3.6_20.csv
    shell:
        python3 scripts/simulation.py -out /home/gahacat/Documents/GitHub/outlier-detection/snakemake/outputs/simulated/8_2_3.6_20.csv -n_marker 8 -outlier_center_dist 3.6 -outlier_n_samples 20
        (one of the commands exited with non-zero exit code; note that snakemake uses bash strict mode!)

[Thu Apr 13 10:59:56 2023]
Error in rule simulate_data:
    jobid: 4
    output: /home/gahacat/Documents/GitHub/outlier-detection/snakemake/outputs/simulated/8_2_3.2_5.csv
    shell:
        python3 scripts/simulation.py -out /home/gahacat/Documents/GitHub/outlier-detection/snakemake/outputs/simulated/8_2_3.2_5.csv -n_marker 8 -outlier_center_dist 3.2 -outlier_n_samples 5
        (one of the commands exited with non-zero exit code; note that snakemake uses bash strict mode!)

[Thu Apr 13 10:59:56 2023]
Error in rule simulate_data:
    jobid: 18
    output: /home/gahacat/Documents/GitHub/outlier-detection/snakemake/outputs/simulated/8_2_3.6_15.csv
    shell:
        python3 scripts/simulation.py -out /home/gahacat/Documents/GitHub/outlier-detection/snakemake/outputs/simulated/8_2_3.6_15.csv -n_marker 8 -outlier_center_dist 3.6 -outlier_n_samples 15
        (one of the commands exited with non-zero exit code; note that snakemake uses bash strict mode!)

[Thu Apr 13 10:59:56 2023]
Error in rule simulate_data:
    jobid: 22
    output: /home/gahacat/Documents/GitHub/outlier-detection/snakemake/outputs/simulated/8_2_4.0_0.csv
    shell:
        python3 scripts/simulation.py -out /home/gahacat/Documents/GitHub/outlier-detection/snakemake/outputs/simulated/8_2_4.0_0.csv -n_marker 8 -outlier_center_dist 4.0 -outlier_n_samples 0
        (one of the commands exited with non-zero exit code; note that snakemake uses bash strict mode!)

[Thu Apr 13 10:59:56 2023]
Error in rule simulate_data:
    jobid: 6
    output: /home/gahacat/Documents/GitHub/outlier-detection/snakemake/outputs/simulated/8_2_3.2_10.csv
    shell:
        python3 scripts/simulation.py -out /home/gahacat/Documents/GitHub/outlier-detection/snakemake/outputs/simulated/8_2_3.2_10.csv -n_marker 8 -outlier_center_dist 3.2 -outlier_n_samples 10
        (one of the commands exited with non-zero exit code; note that snakemake uses bash strict mode!)

[Thu Apr 13 10:59:56 2023]
Error in rule simulate_data:
    jobid: 2
    output: /home/gahacat/Documents/GitHub/outlier-detection/snakemake/outputs/simulated/8_2_3.2_0.csv
    shell:
        python3 scripts/simulation.py -out /home/gahacat/Documents/GitHub/outlier-detection/snakemake/outputs/simulated/8_2_3.2_0.csv -n_marker 8 -outlier_center_dist 3.2 -outlier_n_samples 0
        (one of the commands exited with non-zero exit code; note that snakemake uses bash strict mode!)

[Thu Apr 13 10:59:56 2023]
Error in rule simulate_data:
    jobid: 8
    output: /home/gahacat/Documents/GitHub/outlier-detection/snakemake/outputs/simulated/8_2_3.2_15.csv
    shell:
        python3 scripts/simulation.py -out /home/gahacat/Documents/GitHub/outlier-detection/snakemake/outputs/simulated/8_2_3.2_15.csv -n_marker 8 -outlier_center_dist 3.2 -outlier_n_samples 15
        (one of the commands exited with non-zero exit code; note that snakemake uses bash strict mode!)

Shutting down, this might take some time.
Exiting because a job execution failed. Look above for error message
Complete log: .snakemake/log/2023-04-13T105953.198478.snakemake.log
