Building DAG of jobs...
Using shell: /usr/bin/bash
Provided cores: 5
Rules claiming more threads will be scaled down.
Job stats:
job           count    min threads    max threads
----------  -------  -------------  -------------
all               1              1              1
pb_feature        7              1              1
total             8              1              1

Select jobs to execute...

[Sat May 20 01:51:34 2023]
rule pb_feature:
    input: /home/gahacat/BI2021/2022-2023/VUMC/snakemake_outputs/simulated/8_3_3.8_0.05.csv
    output: /home/gahacat/BI2021/2022-2023/VUMC/snakemake_outputs/feature_generated/pb_feature/8_3_3.8_0.05_5_pb_featured.csv
    jobid: 206
    reason: Missing output files: /home/gahacat/BI2021/2022-2023/VUMC/snakemake_outputs/feature_generated/pb_feature/8_3_3.8_0.05_5_pb_featured.csv
    wildcards: n_marker=8, n_tweaks=3, outlier_center_dist=3.8, outlier_ratio=0.05, n_recursion=5
    resources: tmpdir=/tmp


[Sat May 20 01:51:34 2023]
rule pb_feature:
    input: /home/gahacat/BI2021/2022-2023/VUMC/snakemake_outputs/simulated/16_2_4.6_0.05.csv
    output: /home/gahacat/BI2021/2022-2023/VUMC/snakemake_outputs/feature_generated/pb_feature/16_2_4.6_0.05_5_pb_featured.csv
    jobid: 234
    reason: Missing output files: /home/gahacat/BI2021/2022-2023/VUMC/snakemake_outputs/feature_generated/pb_feature/16_2_4.6_0.05_5_pb_featured.csv
    wildcards: n_marker=16, n_tweaks=2, outlier_center_dist=4.6, outlier_ratio=0.05, n_recursion=5
    resources: tmpdir=/tmp


[Sat May 20 01:51:34 2023]
rule pb_feature:
    input: /home/gahacat/BI2021/2022-2023/VUMC/snakemake_outputs/simulated/16_3_5.4_0.05.csv
    output: /home/gahacat/BI2021/2022-2023/VUMC/snakemake_outputs/feature_generated/pb_feature/16_3_5.4_0.05_5_pb_featured.csv
    jobid: 250
    reason: Missing output files: /home/gahacat/BI2021/2022-2023/VUMC/snakemake_outputs/feature_generated/pb_feature/16_3_5.4_0.05_5_pb_featured.csv
    wildcards: n_marker=16, n_tweaks=3, outlier_center_dist=5.4, outlier_ratio=0.05, n_recursion=5
    resources: tmpdir=/tmp


[Sat May 20 01:51:34 2023]
rule pb_feature:
    input: /home/gahacat/BI2021/2022-2023/VUMC/snakemake_outputs/simulated/8_1_5.4_0.2.csv
    output: /home/gahacat/BI2021/2022-2023/VUMC/snakemake_outputs/feature_generated/pb_feature/8_1_5.4_0.2_5_pb_featured.csv
    jobid: 192
    reason: Missing output files: /home/gahacat/BI2021/2022-2023/VUMC/snakemake_outputs/feature_generated/pb_feature/8_1_5.4_0.2_5_pb_featured.csv
    wildcards: n_marker=8, n_tweaks=1, outlier_center_dist=5.4, outlier_ratio=0.2, n_recursion=5
    resources: tmpdir=/tmp


[Sat May 20 01:51:34 2023]
rule pb_feature:
    input: /home/gahacat/BI2021/2022-2023/VUMC/snakemake_outputs/simulated/16_3_3.8_0.05.csv
    output: /home/gahacat/BI2021/2022-2023/VUMC/snakemake_outputs/feature_generated/pb_feature/16_3_3.8_0.05_5_pb_featured.csv
    jobid: 242
    reason: Missing output files: /home/gahacat/BI2021/2022-2023/VUMC/snakemake_outputs/feature_generated/pb_feature/16_3_3.8_0.05_5_pb_featured.csv
    wildcards: n_marker=16, n_tweaks=3, outlier_center_dist=3.8, outlier_ratio=0.05, n_recursion=5
    resources: tmpdir=/tmp

[Sat May 20 01:54:27 2023]
Error in rule pb_feature:
    jobid: 234
    output: /home/gahacat/BI2021/2022-2023/VUMC/snakemake_outputs/feature_generated/pb_feature/16_2_4.6_0.05_5_pb_featured.csv
    shell:
        Rscript scripts/flowFP_pb.R -i /home/gahacat/BI2021/2022-2023/VUMC/snakemake_outputs/simulated/16_2_4.6_0.05.csv -n 5 -o /home/gahacat/BI2021/2022-2023/VUMC/snakemake_outputs/feature_generated/pb_feature/16_2_4.6_0.05_5_pb_featured.csv 
        (one of the commands exited with non-zero exit code; note that snakemake uses bash strict mode!)

[Sat May 20 01:54:45 2023]
Finished job 206.
1 of 8 steps (12%) done
[Sat May 20 01:55:22 2023]
Finished job 192.
2 of 8 steps (25%) done
[Sat May 20 01:56:36 2023]
Finished job 250.
3 of 8 steps (38%) done
[Sat May 20 01:57:00 2023]
Finished job 242.
4 of 8 steps (50%) done
Shutting down, this might take some time.
Exiting because a job execution failed. Look above for error message
Complete log: .snakemake/log/2023-05-20T015133.761107.snakemake.log
